
<a name="output.1"></a>
<h3>Output files for usage example </h3>
<p><h3>File: 100k_rat.fuzzpro</h3>
<table width="90%"><tr><td bgcolor="#CCFFCC">
<pre>
########################################
# Program: fuzzpro
# Rundate: Sat Jul 15 2006 12:00:00
# Commandline: fuzzpro
#    -sequence tsw:*
#    -pattern [FY]-[LIV]-G-[DE]-E-A-Q-x-[RKQ](2)-G
# Report_format: seqtable
# Report_file: 100k_rat.fuzzpro
########################################

#=======================================
#
# Sequence: 100K_RAT     from: 1   to: 889
# HitCount: 0
#
# Pattern: [FY]-[LIV]-G-[DE]-E-A-Q-x-[RKQ](2)-G
# Mismatch: 0
#
#=======================================

  Start     End Mismatch Sequence

#---------------------------------------
#---------------------------------------
#=======================================
#
# Sequence: 5H1D_FUGRU     from: 1   to: 379
# HitCount: 0
#
# Pattern: [FY]-[LIV]-G-[DE]-E-A-Q-x-[RKQ](2)-G
# Mismatch: 0
#
#=======================================

  Start     End Mismatch Sequence

#---------------------------------------
#---------------------------------------
#=======================================
#
# Sequence: ACT1_FUGRU     from: 1   to: 375
# HitCount: 1
#
# Pattern: [FY]-[LIV]-G-[DE]-E-A-Q-x-[RKQ](2)-G
# Mismatch: 0
#
#=======================================

  Start     End Mismatch Sequence
     53      63        . YVGDEAQSKRG


<font color=red>  [Part of this file has been deleted for brevity]</font>

# Pattern: [FY]-[LIV]-G-[DE]-E-A-Q-x-[RKQ](2)-G
# Mismatch: 0
#
#=======================================

  Start     End Mismatch Sequence

#---------------------------------------
#---------------------------------------
#=======================================
#
# Sequence: OPS2_PATYE     from: 1   to: 399
# HitCount: 0
#
# Pattern: [FY]-[LIV]-G-[DE]-E-A-Q-x-[RKQ](2)-G
# Mismatch: 0
#
#=======================================

  Start     End Mismatch Sequence

#---------------------------------------
#---------------------------------------
#=======================================
#
# Sequence: OPS2_SCHGR     from: 1   to: 380
# HitCount: 0
#
# Pattern: [FY]-[LIV]-G-[DE]-E-A-Q-x-[RKQ](2)-G
# Mismatch: 0
#
#=======================================

  Start     End Mismatch Sequence

#---------------------------------------
#---------------------------------------
#=======================================
#
# Sequence: AQP1_HUMAN     from: 1   to: 269
# HitCount: 0
#
# Pattern: [FY]-[LIV]-G-[DE]-E-A-Q-x-[RKQ](2)-G
# Mismatch: 0
#
#=======================================

  Start     End Mismatch Sequence

#---------------------------------------
#---------------------------------------
</pre>
</td></tr></table><p>
