
<a name="output.1"></a>
<h3>Output files for usage example </h3>
<p><h3>File: hhtetra.fuzznuc</h3>
<table width="90%"><tr><td bgcolor="#CCFFCC">
<pre>
########################################
# Program: fuzznuc
# Rundate: Fri Jul 15 2005 12:00:00
# Commandline: fuzznuc
#    -sequence tembl:hhtetra
#    -pattern AAGCTT
# Report_format: seqtable
# Report_file: hhtetra.fuzznuc
########################################

#=======================================
#
# Sequence: HHTETRA     from: 1   to: 1272
# HitCount: 2
#
# Pattern: AAGCTT
# Mismatch: 0
# Complement: No
#
#=======================================

  Start     End Mismatch Sequence
      1       6        . aagctt
   1267    1272        . aagctt

#---------------------------------------
#---------------------------------------
</pre>
</td></tr></table><p>
