
<a name="output.1"></a>
<h3>Output files for usage example </h3>
<p><h3>File: globin.hmm</h3>
<table width="90%"><tr><td bgcolor="#CCFFCC">
<pre>
HMMER2.0  [2.3.2]
NAME  globins50
LENG  143
ALPH  Amino
RF    no
CS    no
MAP   yes
COM   /shared/software/bin/hmmbuild -n globins50 --pbswitch 1000 --archpri 0.850000 --idlevel 0.620000 --swentry 0.500000 --swexit 0.500000 --wgsc -A -F globin.hmm ../../data/hmmnew/globins50.msf
NSEQ  50
DATE  Thu Jul 15 12:00:00 2010
CKSUM 9858
XT      -8455     -4  -1000  -1000  -8455     -4  -8455     -4 
NULT      -4  -8455
NULE     595  -1558     85    338   -294    453  -1158    197    249    902  -1085   -142    -21   -313     45    531    201    384  -1998   -644 
HMM        A      C      D      E      F      G      H      I      K      L      M      N      P      Q      R      S      T      V      W      Y    
         m-&gt;m   m-&gt;i   m-&gt;d   i-&gt;m   i-&gt;i   d-&gt;m   d-&gt;d   b-&gt;m   m-&gt;e
         -450      *  -1900
     1    591  -1587    159   1351  -1874   -201    151  -1600    998  -1591   -693    389  -1272    595     42    -31     27   -693  -1797  -1134    14
     -   -149   -500    233     43   -381    399    106   -626    210   -466   -720    275    394     45     96    359    117   -369   -294   -249 
     -    -23  -6528  -7571   -894  -1115   -701  -1378   -450      * 
     2   -926  -2616   2221   2269  -2845  -1178   -325  -2678   -300  -2596  -1810    220  -1592    939   -974   -671   -939  -2204  -2785  -1925    15
     -   -149   -500    233     43   -381    399    106   -626    210   -466   -720    275    394     45     96    359    117   -369   -294   -249 
     -    -23  -6528  -7571   -894  -1115   -701  -1378      *      * 
     3   -638  -1715   -680    497  -2043  -1540     23  -1671   2380  -1641   -840   -222  -1595    437   1040   -564   -523  -1363   2124  -1313    16
     -   -149   -500    233     43   -381    399    106   -626    210   -466   -720    275    394     45     96    359    117   -369   -294   -249 
     -    -23  -6528  -7571   -894  -1115   -701  -1378      *      * 
     4    829  -1571    -37    660  -1856   -873    152  -1578    894  -1573   -678    769  -1273   1284     58    224    447  -1175  -1782  -1125    17
     -   -149   -500    233     43   -381    399    106   -626    210   -466   -720    275    394     45     96    359    117   -369   -294   -249 
     -    -23  -6528  -7571   -894  -1115   -701  -1378      *      * 
     5    369   -433   -475    286   -974  -1312    -19   -412    664    398    406   1030  -1394    388   -214   -261     85   -166  -1227   -725    18
     -   -149   -500    233     43   -381    399    106   -626    210   -466   -720    275    394     45     96    359    117   -369   -294   -249 
     -    -23  -6528  -7571   -894  -1115   -701  -1378      *      * 
     6  -1291   -884  -3696  -3261  -1137  -3425  -2802   2322  -3066    111     19  -3028  -3275  -2855  -3100  -2670  -1269   2738  -2450  -2062    19
     -   -149   -500    233     43   -381    399    106   -626    210   -466   -720    275    394     45     96    359    117   -369   -294   -249 
     -    -23  -6528  -7571   -894  -1115   -701  -1378      *      * 
     7    157   -413   -236    316  -1387  -1231     89   -863   1084   -431   -348    910  -1319    635    297     15    704   -483  -1497   -922    20
     -   -149   -500    233     43   -381    399    106   -626    210   -466   -720    275    394     45     96    359    117   -369   -294   -249 
     -    -23  -6528  -7571   -894  -1115   -701  -1378      *      * 
     8    770  -1431    -43    459  -1751   -340     78  -1449    440  -1497   -631    866  -1302    825    -51    953    364  -1076  -1750  -1121    21
     -   -149   -500    233     43   -381    399    106   -626    210   -466   -720    275    394     45     96    359    117   -369   -294   -249 
     -    -23  -6528  -7571   -894  -1115   -701  -1378      *      * 
     9    420   -186  -2172  -1577      8  -1818   -694   1477  -1281    760    614  -1299  -1867  -1001  -1262   -189    -12   1401   -722   -364    22
     -   -149   -500    233     43   -381    399    106   -626    210   -466   -720    275    394     45     96    359    117   -369   -294   -249 
     -    -23  -6528  -7571   -894  -1115   -701  -1378      *      * 
    10   -961   -879  -2277  -1821   1366  -2213   -204   -399  -1500   -130    -39  -1427  -2266  -1186  -1511   -159   -913   -367   4721   1177    23
     -   -149   -500    233     43   -381    399    106   -626    210   -466   -720    275    394     45     96    359    117   -369   -294   -249 
     -    -23  -6528  -7571   -894  -1115   -701  -1378      *      * 
    11    -48  -1782    809    844  -2073   1456      8  -1811    315  -1803   -932    180  -1365    921   -218    173   -115  -1399  -2018  -1327    24
     -   -149   -500    233     43   -381    399    106   -626    210   -466   -720    275    394     45     96    359    117   -369   -294   -249 
     -    -68  -6528  -4832   -894  -1115   -701  -1378      *      * 


<font color=red>  [Part of this file has been deleted for brevity]</font>

     -   -149   -500    233     43   -381    399    106   -626    210   -466   -720    275    394     45     96    359    117   -369   -294   -249 
     -    -23  -6528  -7571   -894  -1115   -701  -1378      *      * 
   128   -415  -1926   1575   1399  -2219  -1163     17  -1983    527  -1929  -1039    341  -1367   1597   -212    257   -222  -1536  -2109  -1387   144
     -   -149   -500    233     43   -381    399    106   -626    210   -466   -720    275    394     45     96    359    117   -369   -294   -249 
     -    -23  -6528  -7571   -894  -1115   -701  -1378      *      * 
   129   -529  -1434   -629   -143  -1926   -626   -171  -1460   2679  -1597   -839   -309  -1599    207    317   -530   -510   -130  -1840  -1369   145
     -   -149   -500    233     43   -381    399    106   -626    210   -466   -720    275    394     45     96    359    117   -369   -294   -249 
     -    -23  -6528  -7571   -894  -1115   -701  -1378      *      * 
   130    811   -397  -2389  -1807   1883  -2039   -907    594  -1512   1077    687  -1532  -2065  -1201  -1483  -1125   -465   1067   -843   -472   146
     -   -149   -500    233     43   -381    399    106   -626    210   -466   -720    275    394     45     96    359    117   -369   -294   -249 
     -    -23  -6528  -7571   -894  -1115   -701  -1378      *      * 
   131   -241   -102  -2327  -1710    724  -1767   -616    650  -1363   1074   1765   -718  -1809  -1026  -1252   -842   -181   1331   -541    695   147
     -   -149   -500    233     43   -381    399    106   -626    210   -466   -720    275    394     45     96    359    117   -369   -294   -249 
     -    -23  -6528  -7571   -894  -1115   -701  -1378      *      * 
   132    723     95    385    823  -1820  -1168    167  -1540    875  -1362   -644    320  -1261    810    246    693    -67  -1141  -1753  -1098   148
     -   -149   -500    233     43   -381    399    106   -626    210   -466   -720    275    394     45     96    359    117   -369   -294   -249 
     -    -23  -6528  -7571   -894  -1115   -701  -1378      *      * 
   133    551   -430  -1049   -481   -442    469   -241    465   -313    133    947   -411  -1543    197   -587   -146    202    522   -843   -429   149
     -   -149   -500    233     43   -381    399    106   -626    210   -466   -720    275    394     45     96    359    117   -369   -294   -249 
     -    -23  -6528  -7571   -894  -1115   -701  -1378      *      * 
   134  -1086   -777  -3351  -2800    816  -2898  -1861   1501  -2515   1149    586  -2483  -2775  -2108  -2400  -2046  -1030   2380  -1511  -1216   150
     -   -149   -500    233     43   -381    399    106   -626    210   -466   -720    275    394     45     96    359    117   -369   -294   -249 
     -    -23  -6528  -7571   -894  -1115   -701  -1378      *      * 
   135   1393   1409   -876   -345   -997   -525   -315   -590   -198   -847   -109   -420  -1441    -97    412    766   -130    139  -1306   -858   151
     -   -149   -500    233     43   -381    399    106   -626    210   -466   -720    275    394     45     96    359    117   -369   -294   -249 
     -    -23  -6528  -7571   -894  -1115   -701  -1378      *      * 
   136     98  -1299     36    365  -1495  -1211   1241   -404    523   -952   -426   1174  -1303    511    -18    347    882   -853  -1566   -970   152
     -   -149   -500    233     43   -381    399    106   -626    210   -466   -720    275    394     45     96    359    117   -369   -294   -249 
     -    -23  -6528  -7571   -894  -1115   -701  -1378      *      * 
   137   1308   -787    564   -132   -966  -1332   -203   -362    -49   -395    -57   -305  -1481     49   -437   -190   -182   1020  -1282   -802   153
     -   -149   -500    233     43   -381    399    106   -626    210   -466   -720    275    394     45     96    359    117   -369   -294   -249 
     -    -23  -6528  -7571   -894  -1115   -701  -1378      *      * 
   138  -1746  -1358  -3897  -3341   -216  -3621  -2478   1774  -3040   2442   1157  -3189  -3229  -2422  -2853  -2824  -1659    392  -1720  -1647   154
     -   -149   -500    233     43   -381    399    106   -626    210   -466   -720    275    394     45     96    359    117   -369   -294   -249 
     -    -23  -6528  -7571   -894  -1115   -701  -1378      *      * 
   139   1176  -1289   -179    534  -1606   -607     34  -1278    734  -1372   -534     44  -1325    433    -89    521    826   -941  -1666  -1072   155
     -   -149   -500    233     43   -381    399    106   -626    210   -466   -720    275    394     45     96    359    117   -369   -294   -249 
     -    -23  -6528  -7571   -894  -1115   -701  -1378      *      * 
   140    602  -1500   -135    850  -1753  -1214   1951  -1452    838  -1484    431    118  -1306    555    347    489   -153  -1085  -1723  -1092   156
     -   -149   -500    233     43   -381    399    106   -626    210   -466   -720    275    394     45     96    359    117   -369   -294   -249 
     -    -22  -6602  -7644   -894  -1115   -701  -1378      *      * 
   141    351  -1646   -165    546  -1976   -498     46  -1667   2193  -1662   -798     35  -1405    476    311    -73   -306  -1287  -1859  -1254   157
     -   -149   -500    233     43   -381    399    106   -626    210   -466   -720    275    394     45     96    359    117   -369   -294   -249 
     -    -23  -6561  -7603   -894  -1115   -701  -1378      *      * 
   142  -1995  -1606  -3095  -2870   1739  -3015    -98  -1012  -2520   -730    655  -1990  -2962  -1884  -2326  -2167  -1915  -1128    548   4089   158
     -   -149   -500    233     43   -381    399    106   -626    210   -466   -720    275    394     45     96    359    117   -369   -294   -249 
     -    -25  -6455  -7497   -894  -1115   -701  -1378      *      * 
   143   -253  -1373   -267    301   -911   -565   1956   -450   1188  -1330   -497     33  -1352    502   1358   -205   -184   -941  -1604  -1026   159
     -      *      *      *      *      *      *      *      *      *      *      *      *      *      *      *      *      *      *      *      * 
     -      *      *      *      *      *      *      *      *      0 
//
</pre>
</td></tr></table><p>

<a name="output.2"></a>
<h3>Output files for usage example 2</h3>
<p><h3>File: myhmms</h3>
<table width="90%"><tr><td bgcolor="#CCFFCC">
<pre>
HMMER2.0  [2.3.2]
NAME  rrm
LENG  77
ALPH  Amino
RF    no
CS    no
MAP   yes
COM   /shared/software/bin/hmmbuild -n rrm --pbswitch 1000 --archpri 0.850000 --idlevel 0.620000 --swentry 0.500000 --swexit 0.500000 --wgsc -A -F myhmms ../../data/hmmnew/rrm.sto
NSEQ  90
DATE  Thu Jul 15 12:00:00 2010
CKSUM 8325
XT      -8455     -4  -1000  -1000  -8455     -4  -8455     -4 
NULT      -4  -8455
NULE     595  -1558     85    338   -294    453  -1158    197    249    902  -1085   -142    -21   -313     45    531    201    384  -1998   -644 
HMM        A      C      D      E      F      G      H      I      K      L      M      N      P      Q      R      S      T      V      W      Y    
         m-&gt;m   m-&gt;i   m-&gt;d   i-&gt;m   i-&gt;i   d-&gt;m   d-&gt;d   b-&gt;m   m-&gt;e
          -16      *  -6492
     1  -1084    390  -8597  -8255  -5793  -8424  -8268   2395  -8202   2081  -1197  -8080  -8115  -8020  -8297  -7789  -5911   1827  -7525  -7140     1
     -   -149   -500    233     43   -381    399    106   -626    210   -466   -720    275    394     45     96    359    117   -369   -294   -249 
     -     -1 -11642 -12684   -894  -1115   -701  -1378    -16      * 
     2  -2140  -3785  -6293  -2251   3226  -2495   -727   -638  -2421   -545   -675  -5146  -5554  -4879  -1183  -2536  -1928    267     76   3171     2
     -   -149   -500    233     43   -381    399    106   -626    210   -466   -720    275    394     45     96    359    117   -369   -294   -249 
     -     -1 -11642 -12684   -894  -1115   -701  -1378      *      * 
     3  -2542    458  -8584  -8273  -6055  -8452  -8531   2304  -8255   -324    101  -8104  -8170  -8221  -8440  -7840  -5878   3145  -7857  -7333     3
     -   -149   -500    233     43   -381    399    106   -626    210   -466   -720    275    394     45     96    359    117   -369   -294   -249 
     -     -1 -11642 -12684   -894  -1115   -701  -1378      *      * 
     4  -1505  -5144  -1922   -558  -1842   2472  -3303  -2213   1099  -5160  -4233    372  -4738   -530   1147    168    498  -4766  -5327  -1476     4
     -   -149   -500    233     43   -381    399    106   -626    210   -466   -720    275    394     45     96    359    117   -369   -294   -249 
     -     -1 -11642 -12684   -894  -1115   -701  -1378      *      * 
     5  -3724  -5184    300  -3013  -1655   1803  -3353  -5245  -1569  -2686  -4276   3495  -1963  -1331  -1054  -1472  -3664  -4803  -5369     -2     5
     -   -149   -500    233     43   -381    399    106   -626    210   -466   -720    275    394     45     96    359    117   -369   -294   -249 
     -     -1 -11642 -12684   -894  -1115   -701  -1378      *      * 
     6  -1569  -6106  -8967  -8363    555  -8531  -7279    654  -8092   2953    -94  -8220  -7908  -1643  -7682  -7771  -6460    -59  -6191  -6284     6
     -   -151   -504    230     45   -380    399    101   -621    211   -470   -713    278    399     48     91    360    113   -364   -299   -254 
     -   -178  -3113 -12684  -1600   -578   -701  -1378      *      * 
     7   -409  -5130   -215  -2987  -1709   -956    690  -5188   -395  -5144  -4224    729   3054  -2862  -3409    354   1293  -1381  -5321  -4644    13
     -   -149   -500    233     43   -381    399    106   -626    210   -466   -720    275    394     45     96    359    117   -369   -294   -249 
     -     -1 -11642 -12684   -894  -1115   -701  -1378      *      * 
     8  -3674  -5118  -1004    639    420  -4652    176  -2050    404  -1039   -935     16   1755    168    147   -275    198  -1472   1889   1977    14
     -   -149   -500    233     43   -381    399    106   -626    210   -466   -720    275    394     45     96    359    117   -369   -294   -249 
     -     -1 -11642 -12684   -894  -1115   -701  -1378      *      * 
     9   -408  -5134   2415   1299   -950    -66   -767  -1296  -2889  -1843  -4224   1084   -968  -1439  -1854    540   -314  -2304  -5320    -60    15
     -   -149   -500    233     43   -381    399    106   -626    210   -466   -720    275    394     45     96    359    117   -369   -294   -249 
     -     -1 -11642 -12684   -894  -1115   -701  -1378      *      * 
    10    586   1804  -6294   -631  -1627  -1671  -4374   1029  -2223   -162   1172  -5147  -5554  -1870  -5058  -2327   1741   1687  -4242    687    16
     -   -149   -500    233     43   -381    399    106   -626    210   -466   -720    275    394     45     96    359    117   -369   -294   -249 
     -     -1 -11642 -12684   -894  -1115   -701  -1378      *      * 
    11  -2134  -5144    845  -1187  -1652  -1667  -3303  -5216   -513   -801  -4233   1026  -1873   -543   -619    575   2956  -4766  -5327  -4644    17
     -   -149   -500    233     43   -381    399    106   -626    210   -466   -720    275    394     45     96    359    117   -369   -294   -249 
     -     -1 -11642 -12684   -894  -1115   -701  -1378      *      * 


<font color=red>  [Part of this file has been deleted for brevity]</font>

     -   -149   -500    233     43   -381    399    106   -626    210   -466   -720    275    394     45     96    359    117   -369   -294   -249 
     -     -1 -11642 -12684   -894  -1115   -701  -1378      *      * 
    62  -1537  -3785  -6300  -5664   -786  -5505  -4376   2171    652   1595    833  -5150  -5555   -869  -1636  -2574  -3898   1605  -4242  -1298    85
     -   -149   -500    233     43   -381    399    106   -626    210   -466   -720    275    394     45     96    359    117   -369   -294   -249 
     -     -1 -11642 -12684   -894  -1115   -701  -1378      *      * 
    63     57  -5144   1387   1323  -5465  -2264  -3303   -780    812  -1898  -4233    131  -4738   1747   1061    108  -1766   -907  -5327   -793    86
     -   -149   -500    233     43   -381    399    106   -626    210   -466   -720    275    394     45     96    359    117   -369   -294   -249 
     -   -310 -11642  -2372   -894  -1115   -701  -1378      *      * 
    64   1233    705    139   1044  -1390   -413   -504  -4926    814  -1849   -873    617  -4450    473   -254    605    234  -2178    137  -4356    87
     -   -149   -500    233     43   -381    399    106   -626    210   -466   -720    275    394     45     96    359    117   -369   -294   -249 
     -     -1 -11332 -12374   -894  -1115   -123  -3612      *      * 
    65   -375    873  -6218  -1441    516  -5480  -4348  -3270   -294   2247   2716  -5104  -5531   -342  -2306  -4562  -1171   -333  -4233    564    88
     -   -149   -500    233     43   -381    399    106   -626    210   -466   -720    275    394     45     96    359    117   -369   -294   -249 
     -     -1 -11626 -12668   -894  -1115   -382  -2105      *      * 
    66  -2168  -5145   1778  -1715  -5466  -1556   1110  -5217   -347  -5161  -4234   3166   -102   1100   -928   -613  -1766  -4767  -5328   -411    89
     -   -149   -500    233     43   -381    399    106   -626    210   -466   -720    275    394     45     96    359    117   -369   -294   -249 
     -     -1 -11642 -12684   -894  -1115   -701  -1378      *      * 
    67  -1458  -5144  -1823    270   -984   2973    159  -5216    311  -5160  -4233    841  -4738  -1432   -954   -817   -981  -4766  -5328   -609    90
     -   -148   -501    232     42   -379    397    104   -627    216   -467   -722    274    395     48     95    358    116   -365   -296   -251 
     -   -157  -3284 -12684    -21  -6140   -701  -1378      *      * 
    68   -674  -5080  -1101   -628    453  -1645   1133    200   1615  -1341    445  -3310  -4756    953   1117    -19    662  -1560  -5281    955    92
     -   -149   -500    232     43   -381    398    105   -627    210   -466   -721    275    396     45     95    359    120   -366   -295   -250 
     -    -20  -6226 -12684  -1519   -619   -701  -1378      *      * 
    69  -3696   -785    -17   1147    150  -1499  -3377    543   1044   -698    461   -736   -351    445   -584   -975    753     89    793    475    96
     -   -149   -500    233     43   -381    399    106   -626    210   -466   -720    275    394     45     96    359    117   -369   -294   -249 
     -     -1 -11642 -12684   -894  -1115   -701  -1378      *      * 
    70  -3956  -3787  -1147  -2465   2321  -2554  -4371   1615  -2185   1495   -817  -5139  -2093  -4870  -2110  -2380  -1415   1282  -4244    800    97
     -   -149   -500    233     43   -381    399    106   -626    210   -466   -720    275    394     45     96    359    117   -369   -294   -249 
     -     -1 -11642 -12684   -894  -1115   -701  -1378      *      * 
    71  -1015   -904    926    188   -880   1152   -650  -5215    677   -786    923   1723   -676    247    421  -1028  -1335  -4766  -5327    275    98
     -   -149   -500    233     43   -381    399    106   -626    210   -466   -720    275    394     45     96    359    117   -369   -294   -249 
     -     -1 -11642 -12684   -894  -1115   -701  -1378      *      * 
    72  -2168  -5150    604  -1054  -5471   2761   -702  -5222   -918  -2141  -4239   1981  -4742   -142  -1740    262  -2027  -4772  -5333  -4650    99
     -   -149   -500    233     43   -381    399    106   -626    210   -466   -720    275    394     45     96    359    117   -369   -294   -249 
     -     -1 -11642 -12684   -894  -1115   -701  -1378      *      * 
    73  -1412    853  -3523  -1169   -883  -4647   1925  -5199   1786  -1944   -937    588  -4740    633   2507   -312   -306  -4755  -5321   -528   100
     -   -149   -500    233     43   -381    399    106   -626    210   -466   -720    275    394     45     96    359    117   -369   -294   -249 
     -     -1 -11642 -12684   -894  -1115   -701  -1378      *      * 
    74   -301   -498  -1749   1022   -866  -4653  -3313  -1356   1140  -1447  -4209    233   1336   -200    701  -1399   1158    451  -5307   -378   101
     -   -149   -500    233     43   -381    399    106   -626    210   -466   -720    275    394     45     96    359    117   -369   -294   -249 
     -     -1 -11642 -12684   -894  -1115   -701  -1378      *      * 
    75  -1685    926  -1227  -5667  -1443  -2425  -4376   2317  -5261   1910    668  -5151  -2133  -1673  -5061  -2536  -2110   1189     -5  -3899   102
     -   -149   -500    233     43   -381    399    106   -626    210   -466   -720    275    394     45     96    359    117   -369   -294   -249 
     -     -1 -11642 -12684   -894  -1115   -701  -1378      *      * 
    76  -2255  -5128   -302    363   -784  -2353   1398  -2058   1512   -314   -275  -1693  -1200   -571   1806   -524    252   -175   -255    793   103
     -   -149   -500    233     43   -381    399    106   -626    210   -466   -720    275    394     45     96    359    117   -369   -294   -249 
     -     -1 -11642 -12684   -894  -1115   -701  -1378      *      * 
    77   -633    879  -2198  -5620  -1457  -5498  -4367   1846  -2705   -311  -2992  -5128  -1361  -1689   -695  -1593     53   2770  -4246  -3903   104
     -      *      *      *      *      *      *      *      *      *      *      *      *      *      *      *      *      *      *      *      * 
     -      *      *      *      *      *      *      *      *      0 
//
</pre>
</td></tr></table><p>

<a name="output.3"></a>
<h3>Output files for usage example 3</h3>
<p><h3>File: myhmms</h3>
<table width="90%"><tr><td bgcolor="#CCFFCC">
<pre>
HMMER2.0  [2.3.2]
NAME  rrm
LENG  77
ALPH  Amino
RF    no
CS    no
MAP   yes
COM   /shared/software/bin/hmmbuild -n rrm --pbswitch 1000 --archpri 0.850000 --idlevel 0.620000 --swentry 0.500000 --swexit 0.500000 --wgsc -A -F myhmms ../../data/hmmnew/rrm.sto
NSEQ  90
DATE  Thu Jul 15 12:00:00 2010
CKSUM 8325
XT      -8455     -4  -1000  -1000  -8455     -4  -8455     -4 
NULT      -4  -8455
NULE     595  -1558     85    338   -294    453  -1158    197    249    902  -1085   -142    -21   -313     45    531    201    384  -1998   -644 
HMM        A      C      D      E      F      G      H      I      K      L      M      N      P      Q      R      S      T      V      W      Y    
         m-&gt;m   m-&gt;i   m-&gt;d   i-&gt;m   i-&gt;i   d-&gt;m   d-&gt;d   b-&gt;m   m-&gt;e
          -16      *  -6492
     1  -1084    390  -8597  -8255  -5793  -8424  -8268   2395  -8202   2081  -1197  -8080  -8115  -8020  -8297  -7789  -5911   1827  -7525  -7140     1
     -   -149   -500    233     43   -381    399    106   -626    210   -466   -720    275    394     45     96    359    117   -369   -294   -249 
     -     -1 -11642 -12684   -894  -1115   -701  -1378    -16      * 
     2  -2140  -3785  -6293  -2251   3226  -2495   -727   -638  -2421   -545   -675  -5146  -5554  -4879  -1183  -2536  -1928    267     76   3171     2
     -   -149   -500    233     43   -381    399    106   -626    210   -466   -720    275    394     45     96    359    117   -369   -294   -249 
     -     -1 -11642 -12684   -894  -1115   -701  -1378      *      * 
     3  -2542    458  -8584  -8273  -6055  -8452  -8531   2304  -8255   -324    101  -8104  -8170  -8221  -8440  -7840  -5878   3145  -7857  -7333     3
     -   -149   -500    233     43   -381    399    106   -626    210   -466   -720    275    394     45     96    359    117   -369   -294   -249 
     -     -1 -11642 -12684   -894  -1115   -701  -1378      *      * 
     4  -1505  -5144  -1922   -558  -1842   2472  -3303  -2213   1099  -5160  -4233    372  -4738   -530   1147    168    498  -4766  -5327  -1476     4
     -   -149   -500    233     43   -381    399    106   -626    210   -466   -720    275    394     45     96    359    117   -369   -294   -249 
     -     -1 -11642 -12684   -894  -1115   -701  -1378      *      * 
     5  -3724  -5184    300  -3013  -1655   1803  -3353  -5245  -1569  -2686  -4276   3495  -1963  -1331  -1054  -1472  -3664  -4803  -5369     -2     5
     -   -149   -500    233     43   -381    399    106   -626    210   -466   -720    275    394     45     96    359    117   -369   -294   -249 
     -     -1 -11642 -12684   -894  -1115   -701  -1378      *      * 
     6  -1569  -6106  -8967  -8363    555  -8531  -7279    654  -8092   2953    -94  -8220  -7908  -1643  -7682  -7771  -6460    -59  -6191  -6284     6
     -   -151   -504    230     45   -380    399    101   -621    211   -470   -713    278    399     48     91    360    113   -364   -299   -254 
     -   -178  -3113 -12684  -1600   -578   -701  -1378      *      * 
     7   -409  -5130   -215  -2987  -1709   -956    690  -5188   -395  -5144  -4224    729   3054  -2862  -3409    354   1293  -1381  -5321  -4644    13
     -   -149   -500    233     43   -381    399    106   -626    210   -466   -720    275    394     45     96    359    117   -369   -294   -249 
     -     -1 -11642 -12684   -894  -1115   -701  -1378      *      * 
     8  -3674  -5118  -1004    639    420  -4652    176  -2050    404  -1039   -935     16   1755    168    147   -275    198  -1472   1889   1977    14
     -   -149   -500    233     43   -381    399    106   -626    210   -466   -720    275    394     45     96    359    117   -369   -294   -249 
     -     -1 -11642 -12684   -894  -1115   -701  -1378      *      * 
     9   -408  -5134   2415   1299   -950    -66   -767  -1296  -2889  -1843  -4224   1084   -968  -1439  -1854    540   -314  -2304  -5320    -60    15
     -   -149   -500    233     43   -381    399    106   -626    210   -466   -720    275    394     45     96    359    117   -369   -294   -249 
     -     -1 -11642 -12684   -894  -1115   -701  -1378      *      * 
    10    586   1804  -6294   -631  -1627  -1671  -4374   1029  -2223   -162   1172  -5147  -5554  -1870  -5058  -2327   1741   1687  -4242    687    16
     -   -149   -500    233     43   -381    399    106   -626    210   -466   -720    275    394     45     96    359    117   -369   -294   -249 
     -     -1 -11642 -12684   -894  -1115   -701  -1378      *      * 
    11  -2134  -5144    845  -1187  -1652  -1667  -3303  -5216   -513   -801  -4233   1026  -1873   -543   -619    575   2956  -4766  -5327  -4644    17
     -   -149   -500    233     43   -381    399    106   -626    210   -466   -720    275    394     45     96    359    117   -369   -294   -249 
     -     -1 -11642 -12684   -894  -1115   -701  -1378      *      * 


<font color=red>  [Part of this file has been deleted for brevity]</font>

     -   -149   -500    233     43   -381    399    106   -626    210   -466   -720    275    394     45     96    359    117   -369   -294   -249 
     C     -1 -11935 -12977   -894  -1115   -701  -1378      *      * 
    69  -8583  -7493  -8946  -9308   -409  -8830  -5009  -7467  -8865  -3133  -6867  -2231  -8684  -7580  -8224  -8080  -8432  -7625  -4255   4885    98
     -   -149   -500    233     43   -381    399    106   -626    210   -466   -720    275    394     45     96    359    117   -369   -294   -249 
     C     -1 -11935 -12977   -894  -1115   -701  -1378      *      * 
    70  -1815  -5406  -2090   1238  -1053  -2697    642   -683    206   -981  -1214   1027  -5018    797    -56    458   1323    686  -5593   -187    99
     -   -149   -500    233     43   -381    399    106   -626    210   -466   -720    275    394     45     96    359    117   -369   -294   -249 
     C     -1 -11935 -12977   -894  -1115   -701  -1378      *      * 
    71  -1772   -576  -6691  -6059   2751  -2721  -4781   1861  -5659    107    276  -5548  -5946  -5283  -5462  -4990  -4280   2105  -4641    656   100
     -   -149   -500    233     43   -381    399    106   -626    210   -466   -720    275    394     45     96    359    117   -369   -294   -249 
     C     -1 -11935 -12977   -894  -1115   -701  -1378      *      * 
    72  -1774    157   -771   -126  -5740  -2696   -247  -1555    925  -5435   -361   -242  -5015   1187   2154    813    923  -1324   1141    185   101
     -   -149   -500    233     43   -381    399    106   -626    210   -466   -720    275    394     45     96    359    117   -369   -294   -249 
     E     -1 -11935 -12977   -894  -1115   -701  -1378      *      * 
    73  -1859  -5823  -9013  -8663  -1043  -8868  -8653   1700  -8616    373  -1223  -8529  -8476  -8301  -8657  -8252  -6326   3293  -7705  -7445   102
     -   -149   -500    233     43   -381    399    106   -626    210   -466   -720    275    394     45     96    359    117   -369   -294   -249 
     E     -1 -11935 -12977   -894  -1115   -701  -1378      *      * 
    74    339   -912  -2304  -1480   -161  -4982    242    328    485  -1007  -4340  -1086  -5073   1886   1206  -1252    451    493  -5463   1681   103
     -   -149   -500    233     43   -381    398    105   -626    210   -462   -721    275    394     45     96    359    117   -369   -295   -250 
     E    -43  -5729  -6603    -86  -4119   -701  -1378      *      * 
    75   3003  -4642  -7089  -2701  -4985   -369  -5478  -2243  -6266  -1473  -4220  -5882  -6177  -5887  -6084    548   1259   -953  -5472  -5145   105
     -   -149   -500    233     43   -381    399    106   -626    210   -466   -720    275    394     45     96    359    117   -369   -294   -249 
     E     -1 -11920 -12962   -894  -1115   -357  -2190      *      * 
    76   -890   -701  -6337   -456   -128  -5749    302    444   -435    294   -981  -5315  -5801    452   1013  -1812  -1348   2281  -4547   1032   106
     -   -149   -500    233     43   -381    399    106   -626    210   -466   -720    275    394     45     96    359    117   -369   -294   -249 
     E     -1 -11935 -12977   -894  -1115   -701  -1378      *      * 
    77  -2363   -782    199  -2083  -5740  -2662   -943  -1132    147  -3104  -4508   2805   -755  -1553   -765   1511   1258  -2796  -5603   -104   107
     -   -149   -500    233     43   -381    399    106   -626    210   -466   -720    275    394     45     96    359    117   -369   -294   -249 
     E    -14 -11935  -6734   -894  -1115   -701  -1378      *      * 
    78    349   -725    812    169  -2094   1817   -228  -2472   -192  -5424  -4497    321  -2426    905     63   -120    421   -272  -5591  -4908   108
     -   -149   -500    233     43   -381    399    106   -626    210   -466   -720    275    394     45     96    359    117   -369   -294   -249 
     C     -1 -11921 -12963   -894  -1115   -373  -2135      *      * 
    79    763   -866    480    290  -2215    944    426    219    379  -1687   -278    514  -2124    507    130  -1212   -544     72  -5596   -747   109
     -   -149   -500    233     43   -381    399    106   -626    210   -466   -720    275    394     45     96    359    117   -369   -294   -249 
     C   -733 -11935  -1329   -894  -1115   -701  -1378      *      * 
    80  -1113  -4530  -1626   -702  -1338   3243  -3172  -4385  -2855  -2220  -3677  -1218  -4564  -2783  -3335   -609    475  -4086  -4819    473   110
     -   -153   -500    231     50   -364    398     93   -624    206   -464   -733    283    383     46     94    356    116   -368   -250   -237 
     C  -6367    -18 -12245   -485  -1807  -3912    -99      *      * 
    81  -5380  -6068  -5956  -5194  -7389   3194   -752  -6799  -1418  -2482  -5840  -5063   -706  -4120  -1351   1839  -5344  -6386  -6417  -6291   116
     -   -149   -500    233     43   -381    399    106   -626    210   -466   -720    275    394     45     96    359    117   -369   -294   -249 
     C     -1 -11248 -12290   -894  -1115   -277  -2516      *      * 
    82     68  -5329   -386    943  -1053    -34   1308  -2479    103  -1629    757   -877   1926   1130    381  -1141   -878  -1038  -5513  -1828   117
     -   -149   -500    233     43   -381    399    106   -626    210   -466   -720    275    394     45     96    359    117   -369   -294   -249 
     C     -1 -11840 -12882   -894  -1115   -101  -3893      *      * 
    83    102  -5296  -3867   1691     21  -1212  -3624  -1510   -259   -602  -1204  -1862   1786  -1626    665   -353   -181  -4888   2391    466   118
     -   -149   -500    233     43   -381    399    106   -626    210   -466   -720    275    394     45     96    359    117   -369   -294   -249 
     C     -1 -11935 -12977   -894  -1115   -701  -1378      *      * 
    84  -1211  -5433  -3815  -1455  -5755   -850   -140  -2313  -1280  -5448  -4523  -3575  -2241  -1598   -412   3271    384  -5056  -5615  -4936   119
     -      *      *      *      *      *      *      *      *      *      *      *      *      *      *      *      *      *      *      *      * 
     C      *      *      *      *      *      *      *      *      0 
//
</pre>
</td></tr></table><p>

<a name="output.4"></a>
<h3>Output files for usage example 4</h3>
<p><h3>File: myhmms</h3>
<table width="90%"><tr><td bgcolor="#CCFFCC">
<pre>
HMMER2.0  [2.3.2]
NAME  rrm
LENG  77
ALPH  Amino
RF    no
CS    no
MAP   yes
COM   /shared/software/bin/hmmbuild -n rrm --pbswitch 1000 --archpri 0.850000 --idlevel 0.620000 --swentry 0.500000 --swexit 0.500000 --wgsc -A -F myhmms ../../data/hmmnew/rrm.sto
NSEQ  90
DATE  Thu Jul 15 12:00:00 2010
CKSUM 8325
XT      -8455     -4  -1000  -1000  -8455     -4  -8455     -4 
NULT      -4  -8455
NULE     595  -1558     85    338   -294    453  -1158    197    249    902  -1085   -142    -21   -313     45    531    201    384  -1998   -644 
HMM        A      C      D      E      F      G      H      I      K      L      M      N      P      Q      R      S      T      V      W      Y    
         m-&gt;m   m-&gt;i   m-&gt;d   i-&gt;m   i-&gt;i   d-&gt;m   d-&gt;d   b-&gt;m   m-&gt;e
          -16      *  -6492
     1  -1084    390  -8597  -8255  -5793  -8424  -8268   2395  -8202   2081  -1197  -8080  -8115  -8020  -8297  -7789  -5911   1827  -7525  -7140     1
     -   -149   -500    233     43   -381    399    106   -626    210   -466   -720    275    394     45     96    359    117   -369   -294   -249 
     -     -1 -11642 -12684   -894  -1115   -701  -1378    -16      * 
     2  -2140  -3785  -6293  -2251   3226  -2495   -727   -638  -2421   -545   -675  -5146  -5554  -4879  -1183  -2536  -1928    267     76   3171     2
     -   -149   -500    233     43   -381    399    106   -626    210   -466   -720    275    394     45     96    359    117   -369   -294   -249 
     -     -1 -11642 -12684   -894  -1115   -701  -1378      *      * 
     3  -2542    458  -8584  -8273  -6055  -8452  -8531   2304  -8255   -324    101  -8104  -8170  -8221  -8440  -7840  -5878   3145  -7857  -7333     3
     -   -149   -500    233     43   -381    399    106   -626    210   -466   -720    275    394     45     96    359    117   -369   -294   -249 
     -     -1 -11642 -12684   -894  -1115   -701  -1378      *      * 
     4  -1505  -5144  -1922   -558  -1842   2472  -3303  -2213   1099  -5160  -4233    372  -4738   -530   1147    168    498  -4766  -5327  -1476     4
     -   -149   -500    233     43   -381    399    106   -626    210   -466   -720    275    394     45     96    359    117   -369   -294   -249 
     -     -1 -11642 -12684   -894  -1115   -701  -1378      *      * 
     5  -3724  -5184    300  -3013  -1655   1803  -3353  -5245  -1569  -2686  -4276   3495  -1963  -1331  -1054  -1472  -3664  -4803  -5369     -2     5
     -   -149   -500    233     43   -381    399    106   -626    210   -466   -720    275    394     45     96    359    117   -369   -294   -249 
     -     -1 -11642 -12684   -894  -1115   -701  -1378      *      * 
     6  -1569  -6106  -8967  -8363    555  -8531  -7279    654  -8092   2953    -94  -8220  -7908  -1643  -7682  -7771  -6460    -59  -6191  -6284     6
     -   -151   -504    230     45   -380    399    101   -621    211   -470   -713    278    399     48     91    360    113   -364   -299   -254 
     -   -178  -3113 -12684  -1600   -578   -701  -1378      *      * 
     7   -409  -5130   -215  -2987  -1709   -956    690  -5188   -395  -5144  -4224    729   3054  -2862  -3409    354   1293  -1381  -5321  -4644    13
     -   -149   -500    233     43   -381    399    106   -626    210   -466   -720    275    394     45     96    359    117   -369   -294   -249 
     -     -1 -11642 -12684   -894  -1115   -701  -1378      *      * 
     8  -3674  -5118  -1004    639    420  -4652    176  -2050    404  -1039   -935     16   1755    168    147   -275    198  -1472   1889   1977    14
     -   -149   -500    233     43   -381    399    106   -626    210   -466   -720    275    394     45     96    359    117   -369   -294   -249 
     -     -1 -11642 -12684   -894  -1115   -701  -1378      *      * 
     9   -408  -5134   2415   1299   -950    -66   -767  -1296  -2889  -1843  -4224   1084   -968  -1439  -1854    540   -314  -2304  -5320    -60    15
     -   -149   -500    233     43   -381    399    106   -626    210   -466   -720    275    394     45     96    359    117   -369   -294   -249 
     -     -1 -11642 -12684   -894  -1115   -701  -1378      *      * 
    10    586   1804  -6294   -631  -1627  -1671  -4374   1029  -2223   -162   1172  -5147  -5554  -1870  -5058  -2327   1741   1687  -4242    687    16
     -   -149   -500    233     43   -381    399    106   -626    210   -466   -720    275    394     45     96    359    117   -369   -294   -249 
     -     -1 -11642 -12684   -894  -1115   -701  -1378      *      * 
    11  -2134  -5144    845  -1187  -1652  -1667  -3303  -5216   -513   -801  -4233   1026  -1873   -543   -619    575   2956  -4766  -5327  -4644    17
     -   -149   -500    233     43   -381    399    106   -626    210   -466   -720    275    394     45     96    359    117   -369   -294   -249 
     -     -1 -11642 -12684   -894  -1115   -701  -1378      *      * 


<font color=red>  [Part of this file has been deleted for brevity]</font>

     -   -149   -500    233     43   -381    399    106   -626    210   -466   -720    275    394     45     96    359    117   -369   -294   -249 
     -     -1 -11253 -12295   -894  -1115   -701  -1378      *      * 
   279  -7207  -7306  -8076  -6588  -8459  -7223  -5448  -7982  -1500  -7531  -6953  -6369  -7277  -5081   4236  -7139  -6862  -7777  -7053  -7277   454
     -   -149   -500    233     43   -381    399    106   -626    210   -466   -720    275    394     45     96    359    117   -369   -294   -249 
     -     -1 -11253 -12295   -894  -1115   -701  -1378      *      * 
   280   -694   -163  -5922  -5286  -1204  -2048   -610   1082  -1800   1434  -2618  -4776   2951  -4509  -4688  -1216  -1648  -2829    202     21   455
     -   -149   -500    233     43   -381    399    106   -626    210   -466   -720    275    394     45     96    359    117   -369   -294   -249 
     -  -3168 -11253   -171   -894  -1115   -701  -1378      *      * 
   281  -1412  -2132  -2007  -2293  -4366   3113  -2847  -4225  -3107  -4377  -3503   1660  -2881  -2661  -3396    961  -1821  -3134  -4516  -4119   456
     -   -150   -489    232     42   -382    400    104   -627    211   -465   -722    274    393     51     95    359    116   -370   -296   -245 
     -  -2121   -637  -2975   -831  -1191  -6099    -21      *      * 
   282   -968  -1818  -1787  -1351  -3112    953  -1494  -2818  -1122  -2911  -2044  -1365  -2340  -1133   1510   1816   2121  -2205  -3137  -2649   459
     -   -149   -500    233     43   -381    399    106   -626    210   -466   -720    275    394     45     96    359    117   -369   -294   -249 
     -   -228  -7899  -2816   -894  -1115  -4964    -47      *      * 
   283    840  -1663   -994    969   1159    503   -604  -1413   -325  -1594   -814   -688  -1996   -267   1103   -851   -755  -1179   2900  -1437   460
     -   -149   -500    233     43   -381    399    106   -626    210   -466   -720    275    394     45     96    359    117   -369   -294   -249 
     -     -9  -7938  -8980   -894  -1115    -89  -4060      *      * 
   284  -3257  -4642   -697  -2590  -1218   -252  -2907  -4655  -1306  -2353   -529    482  -1607  -2459  -1398   2112   2745  -4246  -4848  -4187   461
     -   -149   -500    233     43   -381    399    106   -626    210   -466   -720    275    394     45     96    359    117   -369   -294   -249 
     -     -1 -11183 -12226   -894  -1115   -186  -3045      *      * 
   285   2163    763  -1619  -5296   2250  -2060  -4007   1241  -4891   -489    484  -4781   -226  -4515  -4692   -678  -1688   -813    264  -3530   462
     -   -149   -500    233     43   -381    399    106   -626    210   -466   -720    275    394     45     96    359    117   -369   -294   -249 
     -     -1 -11253 -12295   -894  -1115   -701  -1378      *      * 
   286   -268   -329   -158    917   -541  -1990    350  -4851   1273  -1075    388  -1130    233    840    993   -602    801   -595  -4964   -857   463
     -   -149   -500    233     43   -381    399    106   -626    210   -466   -720    275    394     45     96    359    117   -369   -294   -249 
     -     -1 -11253 -12295   -894  -1115   -701  -1378      *      * 
   287    109   -243    672   2304  -5103  -4283    488  -4854  -1317  -2269   -656   -492  -1519   2679   -655   -618  -3248  -4404  -4965  -1114   464
     -   -149   -500    233     43   -381    399    106   -626    210   -466   -720    275    394     45     96    359    117   -369   -294   -249 
     -     -1 -11253 -12295   -894  -1115   -701  -1378      *      * 
   288   1312   1294  -6215  -5593   -206  -1244  -4339   2188  -5201   1409    395  -5091  -5478  -4828  -5009  -4538  -3794   1162  -4187  -3846   465
     -   -149   -500    233     43   -381    399    106   -626    210   -466   -720    275    394     45     96    359    117   -369   -294   -249 
     -    -23 -11253  -6022   -894  -1115   -701  -1378      *      * 
   289  -3562    799  -5767  -2054  -1235  -2075    318    138    237   2164   1713  -1454  -5145  -1272   -730  -4172  -1640   1071  -3865    -34   466
     -   -149   -500    233     43   -381    399    106   -626    210   -466   -720    275    394     45     96    359    117   -369   -294   -249 
     -     -1 -11231 -12273   -894  -1115  -1470   -646      *      * 
   290     73   1351   -674   1236  -1549  -2008   1350  -4834   1049  -2498  -3851   1801  -4356   1813   -115   -223  -1582  -1052  -4945  -4262   467
     -   -149   -500    233     43   -381    399    106   -626    210   -466   -720    275    394     45     96    359    117   -369   -294   -249 
     -     -1 -11231 -12273   -894  -1115   -369  -2147      *      * 
   291  -1739   -320    777  -2654  -1419  -2051   4360  -4707  -1358  -2412   -689  -1300  -4399   -224    537    531   -289  -2010  -4905  -1057   468
     -   -149   -500    233     43   -381    399    106   -626    210   -466   -720    275    394     45     96    359    117   -369   -294   -249 
     -     -1 -11253 -12295   -894  -1115   -701  -1378      *      * 
   292  -3345  -4494   -233   -332   -563  -1986  -3051    333     99   1063  -3616  -3072   2953  -1026  -1490   -943  -1528  -1070  -4753  -4151   469
     -   -149   -500    233     43   -381    399    106   -626    210   -466   -720    275    394     45     96    359    117   -369   -294   -249 
     -     -1 -10815 -11857   -894  -1115   -701  -1378      *      * 
   293  -6409  -5751  -7614  -7636   2593  -7311  -4003  -5084  -7219   -150   -151  -6210  -7172   -849  -6723  -6510  -6299  -1387   4881   2807   470
     -   -149   -500    233     43   -381    399    106   -626    210   -466   -720    275    394     45     96    359    117   -369   -294   -249 
     -     -1 -10749 -11791   -894  -1115   -701  -1378      *      * 
   294  -4057  -3817  -6415  -5791   3203  -1638  -4541   1679  -5412    765   1434  -5333  -5617  -4930  -5182  -4791  -3987   1226    750  -3959   471
     -      *      *      *      *      *      *      *      *      *      *      *      *      *      *      *      *      *      *      *      * 
     -      *      *      *      *      *      *      *      *      0 
//
</pre>
</td></tr></table><p>
