
<a name="output.1"></a>
<h3>Output files for usage example </h3>
<p><h3>File: pkinase.ehmmfetch</h3>
<table width="90%"><tr><td bgcolor="#CCFFCC">
<pre>
HMMER2.0  [2.3.2]
NAME  pkinase
ACC   PF00069
DESC  Protein kinase domain
LENG  294
ALPH  Amino
RF    no
CS    no
MAP   yes
COM   /shared/software/bin/hmmbuild -n pkinase --pbswitch 1000 --archpri 0.850000 --idlevel 0.620000 --swentry 0.500000 --swexit 0.500000 --wgsc -A -F myhmms ../../data/hmmnew/pkinase.sto
COM   /shared/software/bin/hmmcalibrate --mean 350.000000 --num 5000 --sd 350.000000 --seed 1 ../ehmmbuild-ex4-keep/myhmms
NSEQ  67
DATE  Thu Jul 15 12:00:00 2010
CKSUM 4536
GA    -57.9 -57.9
TC    -57.7 -57.7
XT      -8455     -4  -1000  -1000  -8455     -4  -8455     -4 
NULT      -4  -8455
NULE     595  -1558     85    338   -294    453  -1158    197    249    902  -1085   -142    -21   -313     45    531    201    384  -1998   -644 
EVD   -193.864685   0.143557
HMM        A      C      D      E      F      G      H      I      K      L      M      N      P      Q      R      S      T      V      W      Y    
         m-&gt;m   m-&gt;i   m-&gt;d   i-&gt;m   i-&gt;i   d-&gt;m   d-&gt;d   b-&gt;m   m-&gt;e
          -21      *  -6109
     1  -3588  -3415  -5932  -2068   2209  -1198  -4007   1029  -4891    889  -2618  -4781  -5186  -4515  -1612  -2029  -1657   -333   1774   3270     1
     -   -149   -500    233     43   -381    399    106   -626    210   -466   -720    275    394     45     96    359    117   -369   -294   -249 
     -     -1 -11253 -12295   -894  -1115   -701  -1378    -21      * 
     2  -1103   -137  -1497   1525  -5095  -4284   1704    -69    423  -1097  -3867   -503  -4377   1172   1017  -1013    975    769  -4962  -4280     2
     -   -149   -500    233     43   -381    399    106   -626    210   -466   -720    275    394     45     96    359    117   -369   -294   -249 
     -     -1 -11253 -12295   -894  -1115   -701  -1378      *      * 
     3  -3460   -131   -785   -393   1050  -4703  -3447   1378    306   1185   -596   -562  -1734   -284    173  -1848     58    960  -4250  -1088     3
     -   -149   -500    233     43   -381    399    106   -626    210   -466   -720    275    394     45     96    359    117   -369   -294   -249 
     -     -1 -11253 -12295   -894  -1115   -701  -1378      *      * 
     4  -3367  -4343   -251    -58  -1421   1411    919    542    574    989   -604    -23  -4523   -994  -3271  -1049  -1512    847  -4637   -148     4
     -   -149   -500    233     43   -381    399    106   -626    210   -466   -720    275    394     45     96    359    117   -369   -294   -249 
     -     -1 -11253 -12295   -894  -1115   -701  -1378      *      * 
     5  -1098  -4782   -183   1680  -5103    503   -434  -4854   1124  -4798   -647  -1288  -1568   1359   1836   -240  -1526  -1059     97  -4283     5
     -   -149   -500    233     43   -381    399    106   -626    210   -466   -720    275    394     45     96    359    117   -369   -294   -249 
     -     -1 -11253 -12295   -894  -1115   -701  -1378      *      * 
     6  -1811   -238   -680    526   -557  -4309    481    726   1770   -409  -3794  -2960    209    272    290  -1047    576    765  -4901  -4244     6
     -   -149   -500    233     43   -381    399    106   -626    210   -466   -720    275    394     45     96    359    117   -369   -294   -249 
     -     -1 -11253 -12295   -894  -1115   -701  -1378      *      * 
     7  -6084  -5527  -8663  -8230  -4683  -8506  -7801   2582  -2005   2411   -444  -8189  -7866  -7357  -7914  -7892  -6017    898  -6516  -6551     7
     -   -149   -500    233     43   -381    399    106   -626    210   -466   -720    275    394     45     96    359    117   -369   -294   -249 
     -     -1 -11253 -12295   -894  -1115   -701  -1378      *      * 
     8  -1162  -4907  -7014  -7376  -7618   3734  -6813  -7450  -7402  -7698  -6730  -5890  -5975   -453  -7118  -4539  -1742  -6121  -7823  -7778     8
     -   -149   -500    233     43   -381    399    106   -626    210   -466   -720    275    394     45     96    359    117   -369   -294   -249 
     -     -1 -11253 -12295   -894  -1115   -701  -1378      *      * 
     9     21  -4782  -1460   1735  -1488  -2091  -2941  -1034    378  -4798   -702   -451  -1594   1320   1488   1403   -804  -2034  -4965  -4282     9
     -   -149   -500    233     43   -381    399    106   -626    210   -466   -720    275    394     45     96    359    117   -369   -294   -249 
     -     -1 -11253 -12295   -894  -1115   -701  -1378      *      * 


<font color=red>  [Part of this file has been deleted for brevity]</font>

     -   -149   -500    233     43   -381    399    106   -626    210   -466   -720    275    394     45     96    359    117   -369   -294   -249 
     -     -1 -11253 -12295   -894  -1115   -701  -1378      *      * 
   279  -7207  -7306  -8076  -6588  -8459  -7223  -5448  -7982  -1500  -7531  -6953  -6369  -7277  -5081   4236  -7139  -6862  -7777  -7053  -7277   454
     -   -149   -500    233     43   -381    399    106   -626    210   -466   -720    275    394     45     96    359    117   -369   -294   -249 
     -     -1 -11253 -12295   -894  -1115   -701  -1378      *      * 
   280   -694   -163  -5922  -5286  -1204  -2048   -610   1082  -1800   1434  -2618  -4776   2951  -4509  -4688  -1216  -1648  -2829    202     21   455
     -   -149   -500    233     43   -381    399    106   -626    210   -466   -720    275    394     45     96    359    117   -369   -294   -249 
     -  -3168 -11253   -171   -894  -1115   -701  -1378      *      * 
   281  -1412  -2132  -2007  -2293  -4366   3113  -2847  -4225  -3107  -4377  -3503   1660  -2881  -2661  -3396    961  -1821  -3134  -4516  -4119   456
     -   -150   -489    232     42   -382    400    104   -627    211   -465   -722    274    393     51     95    359    116   -370   -296   -245 
     -  -2121   -637  -2975   -831  -1191  -6099    -21      *      * 
   282   -968  -1818  -1787  -1351  -3112    953  -1494  -2818  -1122  -2911  -2044  -1365  -2340  -1133   1510   1816   2121  -2205  -3137  -2649   459
     -   -149   -500    233     43   -381    399    106   -626    210   -466   -720    275    394     45     96    359    117   -369   -294   -249 
     -   -228  -7899  -2816   -894  -1115  -4964    -47      *      * 
   283    840  -1663   -994    969   1159    503   -604  -1413   -325  -1594   -814   -688  -1996   -267   1103   -851   -755  -1179   2900  -1437   460
     -   -149   -500    233     43   -381    399    106   -626    210   -466   -720    275    394     45     96    359    117   -369   -294   -249 
     -     -9  -7938  -8980   -894  -1115    -89  -4060      *      * 
   284  -3257  -4642   -697  -2590  -1218   -252  -2907  -4655  -1306  -2353   -529    482  -1607  -2459  -1398   2112   2745  -4246  -4848  -4187   461
     -   -149   -500    233     43   -381    399    106   -626    210   -466   -720    275    394     45     96    359    117   -369   -294   -249 
     -     -1 -11183 -12226   -894  -1115   -186  -3045      *      * 
   285   2163    763  -1619  -5296   2250  -2060  -4007   1241  -4891   -489    484  -4781   -226  -4515  -4692   -678  -1688   -813    264  -3530   462
     -   -149   -500    233     43   -381    399    106   -626    210   -466   -720    275    394     45     96    359    117   -369   -294   -249 
     -     -1 -11253 -12295   -894  -1115   -701  -1378      *      * 
   286   -268   -329   -158    917   -541  -1990    350  -4851   1273  -1075    388  -1130    233    840    993   -602    801   -595  -4964   -857   463
     -   -149   -500    233     43   -381    399    106   -626    210   -466   -720    275    394     45     96    359    117   -369   -294   -249 
     -     -1 -11253 -12295   -894  -1115   -701  -1378      *      * 
   287    109   -243    672   2304  -5103  -4283    488  -4854  -1317  -2269   -656   -492  -1519   2679   -655   -618  -3248  -4404  -4965  -1114   464
     -   -149   -500    233     43   -381    399    106   -626    210   -466   -720    275    394     45     96    359    117   -369   -294   -249 
     -     -1 -11253 -12295   -894  -1115   -701  -1378      *      * 
   288   1312   1294  -6215  -5593   -206  -1244  -4339   2188  -5201   1409    395  -5091  -5478  -4828  -5009  -4538  -3794   1162  -4187  -3846   465
     -   -149   -500    233     43   -381    399    106   -626    210   -466   -720    275    394     45     96    359    117   -369   -294   -249 
     -    -23 -11253  -6022   -894  -1115   -701  -1378      *      * 
   289  -3562    799  -5767  -2054  -1235  -2075    318    138    237   2164   1713  -1454  -5145  -1272   -730  -4172  -1640   1071  -3865    -34   466
     -   -149   -500    233     43   -381    399    106   -626    210   -466   -720    275    394     45     96    359    117   -369   -294   -249 
     -     -1 -11231 -12273   -894  -1115  -1470   -646      *      * 
   290     73   1351   -674   1236  -1549  -2008   1350  -4834   1049  -2498  -3851   1801  -4356   1813   -115   -223  -1582  -1052  -4945  -4262   467
     -   -149   -500    233     43   -381    399    106   -626    210   -466   -720    275    394     45     96    359    117   -369   -294   -249 
     -     -1 -11231 -12273   -894  -1115   -369  -2147      *      * 
   291  -1739   -320    777  -2654  -1419  -2051   4360  -4707  -1358  -2412   -689  -1300  -4399   -224    537    531   -289  -2010  -4905  -1057   468
     -   -149   -500    233     43   -381    399    106   -626    210   -466   -720    275    394     45     96    359    117   -369   -294   -249 
     -     -1 -11253 -12295   -894  -1115   -701  -1378      *      * 
   292  -3345  -4494   -233   -332   -563  -1986  -3051    333     99   1063  -3616  -3072   2953  -1026  -1490   -943  -1528  -1070  -4753  -4151   469
     -   -149   -500    233     43   -381    399    106   -626    210   -466   -720    275    394     45     96    359    117   -369   -294   -249 
     -     -1 -10815 -11857   -894  -1115   -701  -1378      *      * 
   293  -6409  -5751  -7614  -7636   2593  -7311  -4003  -5084  -7219   -150   -151  -6210  -7172   -849  -6723  -6510  -6299  -1387   4881   2807   470
     -   -149   -500    233     43   -381    399    106   -626    210   -466   -720    275    394     45     96    359    117   -369   -294   -249 
     -     -1 -10749 -11791   -894  -1115   -701  -1378      *      * 
   294  -4057  -3817  -6415  -5791   3203  -1638  -4541   1679  -5412    765   1434  -5333  -5617  -4930  -5182  -4791  -3987   1226    750  -3959   471
     -      *      *      *      *      *      *      *      *      *      *      *      *      *      *      *      *      *      *      *      * 
     -      *      *      *      *      *      *      *      *      0 
//
</pre>
</td></tr></table><p>
