
<a name="output.1"></a>
<h3>Output files for usage example </h3>
<p><h3>File: s13421.ohmmsearch</h3>
<table width="90%"><tr><td bgcolor="#CCFFCC">
<pre>

Query HMM: globins50||
  [HMM has been calibrated; E-values are empirical estimates]

Scores for complete sequences (score includes all domains):
Sequence Description                                    Score    E-value  N 
-------- -----------                                    -----    ------- ---
S13421   GLOBIN - BRINE SHRIMP                           12.7      0.089   1

Parsed for domains:
Sequence Domain  seq-f seq-t    hmm-f hmm-t      score  E-value
-------- ------- ----- -----    ----- -----      -----  -------
S13421     1/1     303   347 ..     1    45 [.    12.7    0.089

Alignments of top-scoring domains:
S13421: domain 1 of 1, from 303 to 347: score 12.7, E = 0.089

Histogram of all scores:

Total sequences searched: 1

Whole sequence top hits:

Domain top hits:
</pre>
</td></tr></table><p>
