
<a name="output.1"></a>
<h3>Output files for usage example </h3>
<p><h3>File: _rocplot       </h3>
<table width="90%"><tr><td bgcolor="#CCFFCC">
<pre>
# GNUPLOT driver file for roc plot
set title "ROC plots for data1.hits &amp; data2.hits (combined - "
set xlabel "1 - SPEC"
set ylabel "SENS"
set nokey
set noautoscale
set xrange [0:1]
set yrange [0:1]
set key top outside title "Data Series" box 3
set data style points
set pointsize 0.45
plot "_rocplot_dat0" smooth bezier title "Combined dataset (0.185)"
</pre>
</td></tr></table><p>
<p><h3>File: _rocplot_dat0</h3>
<table width="90%"><tr><td bgcolor="#CCFFCC">
<pre>
# GNUPLOT data file for rocplot, series 0
0.000    0.007
0.000    0.014
0.000    0.021
0.000    0.029
0.200    0.029
0.167    0.036
0.143    0.043
0.250    0.043
0.222    0.050
0.200    0.057
0.182    0.064
0.250    0.064
0.231    0.071
0.214    0.079
0.200    0.086
0.250    0.086
0.235    0.093
0.222    0.100
0.263    0.100
0.250    0.107
0.238    0.114
0.273    0.114
0.261    0.121
0.292    0.121
0.280    0.129
0.308    0.129
0.296    0.136
0.286    0.143
0.276    0.150
0.300    0.150
0.290    0.157
0.281    0.164
0.273    0.171
0.294    0.171
0.286    0.179
0.278    0.186
0.297    0.186
0.316    0.186
0.333    0.186
0.350    0.186
0.366    0.186
0.381    0.186
0.395    0.186
0.409    0.186
0.400    0.193
0.391    0.200
0.404    0.200
0.417    0.200
0.429    0.200
0.440    0.200
0.451    0.200
0.462    0.200
0.472    0.200
0.481    0.200
0.473    0.207
0.464    0.214
0.474    0.214
0.483    0.214
0.492    0.214
0.500    0.214
0.508    0.214
0.516    0.214
0.524    0.214
0.531    0.214
0.538    0.214
0.545    0.214
0.552    0.214
0.559    0.214
0.565    0.214
0.571    0.214
0.577    0.214
0.583    0.214
0.589    0.214
0.595    0.214
0.600    0.214
0.605    0.214
0.610    0.214
0.615    0.214
0.620    0.214
0.625    0.214
</pre>
</td></tr></table><p>
<p><h3>File: _classplot      </h3>
<table width="90%"><tr><td bgcolor="#CCFFCC">
<pre>
# GNUPLOT driver file for classification plot
set title "Classification plot for data1.hits &amp; data2.hits (c"
set xlabel "Number of hits detected"
set ylabel "Proportion of hits detected that are of a certain type"
set nokey
set key top outside title "Data Series" box 3
set data style points
set pointsize 0.45
plot "_classplot_dat0" smooth bezier title "True hits", "_classplot_dat1" smooth bezier title "Cross hits", "_classplot_dat2" smooth bezier title "Uncertain hits", "_classplot_dat3" smooth bezier title "Unknown hits", "_classplot_dat4" smooth bezier title "False hits"
</pre>
</td></tr></table><p>
<p><h3>File: _classplot_dat0 </h3>
<table width="90%"><tr><td bgcolor="#CCFFCC">
<pre>
# GNUPLOT data file for True hits, series 0
1.000    1.000
2.000    1.000
3.000    1.000
4.000    1.000
5.000    0.800
6.000    0.833
7.000    0.857
8.000    0.750
9.000    0.778
10.000    0.800
11.000    0.818
12.000    0.750
13.000    0.769
14.000    0.786
15.000    0.800
16.000    0.750
17.000    0.765
18.000    0.778
19.000    0.737
20.000    0.750
21.000    0.762
22.000    0.727
23.000    0.739
24.000    0.708
25.000    0.720
26.000    0.692
27.000    0.704
28.000    0.714
29.000    0.724
30.000    0.700
31.000    0.710
32.000    0.719
33.000    0.727
34.000    0.706
35.000    0.714
36.000    0.722
37.000    0.703
38.000    0.684
39.000    0.667
40.000    0.650
41.000    0.634
42.000    0.619
43.000    0.605
44.000    0.591
45.000    0.600
46.000    0.609
47.000    0.596
48.000    0.583
49.000    0.571
50.000    0.560
51.000    0.549
52.000    0.538
53.000    0.528
54.000    0.519
55.000    0.527
56.000    0.536
57.000    0.526
58.000    0.517
59.000    0.508
60.000    0.500
61.000    0.492
62.000    0.484
63.000    0.476
64.000    0.469
65.000    0.462
66.000    0.455
67.000    0.448
68.000    0.441
69.000    0.435
70.000    0.429
71.000    0.423
72.000    0.417
73.000    0.411
74.000    0.405
75.000    0.400
76.000    0.395
77.000    0.390
78.000    0.385
79.000    0.380
80.000    0.375
</pre>
</td></tr></table><p>
<p><h3>File: _classplot_dat1 </h3>
<table width="90%"><tr><td bgcolor="#CCFFCC">
<pre>
# GNUPLOT data file for Cross hits, series 1
1.000    0.000
2.000    0.000
3.000    0.000
4.000    0.000
5.000    0.200
6.000    0.167
7.000    0.143
8.000    0.250
9.000    0.222
10.000    0.200
11.000    0.182
12.000    0.250
13.000    0.231
14.000    0.214
15.000    0.200
16.000    0.250
17.000    0.235
18.000    0.222
19.000    0.263
20.000    0.250
21.000    0.238
22.000    0.273
23.000    0.261
24.000    0.250
25.000    0.240
26.000    0.231
27.000    0.222
28.000    0.214
29.000    0.207
30.000    0.233
31.000    0.226
32.000    0.219
33.000    0.212
34.000    0.235
35.000    0.229
36.000    0.222
37.000    0.216
38.000    0.211
39.000    0.205
40.000    0.200
41.000    0.195
42.000    0.190
43.000    0.186
44.000    0.182
45.000    0.178
46.000    0.174
47.000    0.170
48.000    0.167
49.000    0.163
50.000    0.160
51.000    0.157
52.000    0.154
53.000    0.151
54.000    0.148
55.000    0.145
56.000    0.143
57.000    0.140
58.000    0.138
59.000    0.136
60.000    0.133
61.000    0.131
62.000    0.129
63.000    0.127
64.000    0.125
65.000    0.123
66.000    0.121
67.000    0.119
68.000    0.118
69.000    0.116
70.000    0.114
71.000    0.113
72.000    0.111
73.000    0.110
74.000    0.108
75.000    0.107
76.000    0.105
77.000    0.104
78.000    0.103
79.000    0.101
80.000    0.100
</pre>
</td></tr></table><p>
<p><h3>File: _classplot_dat2 </h3>
<table width="90%"><tr><td bgcolor="#CCFFCC">
<pre>
# GNUPLOT data file for Uncertain hits, series 2
1.000    0.000
2.000    0.000
3.000    0.000
4.000    0.000
5.000    0.000
6.000    0.000
7.000    0.000
8.000    0.000
9.000    0.000
10.000    0.000
11.000    0.000
12.000    0.000
13.000    0.000
14.000    0.000
15.000    0.000
16.000    0.000
17.000    0.000
18.000    0.000
19.000    0.000
20.000    0.000
21.000    0.000
22.000    0.000
23.000    0.000
24.000    0.000
25.000    0.000
26.000    0.038
27.000    0.037
28.000    0.036
29.000    0.034
30.000    0.033
31.000    0.032
32.000    0.031
33.000    0.030
34.000    0.029
35.000    0.029
36.000    0.028
37.000    0.054
38.000    0.053
39.000    0.051
40.000    0.050
41.000    0.049
42.000    0.048
43.000    0.047
44.000    0.045
45.000    0.044
46.000    0.043
47.000    0.064
48.000    0.062
49.000    0.061
50.000    0.060
51.000    0.059
52.000    0.058
53.000    0.057
54.000    0.056
55.000    0.055
56.000    0.054
57.000    0.070
58.000    0.069
59.000    0.068
60.000    0.067
61.000    0.066
62.000    0.065
63.000    0.063
64.000    0.062
65.000    0.062
66.000    0.061
67.000    0.060
68.000    0.059
69.000    0.058
70.000    0.057
71.000    0.056
72.000    0.056
73.000    0.055
74.000    0.054
75.000    0.053
76.000    0.053
77.000    0.052
78.000    0.051
79.000    0.051
80.000    0.050
</pre>
</td></tr></table><p>
<p><h3>File: _classplot_dat3 </h3>
<table width="90%"><tr><td bgcolor="#CCFFCC">
<pre>
# GNUPLOT data file for Unknown hits, series 3
1.000    0.000
2.000    0.000
3.000    0.000
4.000    0.000
5.000    0.000
6.000    0.000
7.000    0.000
8.000    0.000
9.000    0.000
10.000    0.000
11.000    0.000
12.000    0.000
13.000    0.000
14.000    0.000
15.000    0.000
16.000    0.000
17.000    0.000
18.000    0.000
19.000    0.000
20.000    0.000
21.000    0.000
22.000    0.000
23.000    0.000
24.000    0.000
25.000    0.000
26.000    0.000
27.000    0.000
28.000    0.000
29.000    0.000
30.000    0.000
31.000    0.000
32.000    0.000
33.000    0.000
34.000    0.000
35.000    0.000
36.000    0.000
37.000    0.000
38.000    0.026
39.000    0.026
40.000    0.025
41.000    0.049
42.000    0.048
43.000    0.047
44.000    0.068
45.000    0.067
46.000    0.065
47.000    0.064
48.000    0.083
49.000    0.082
50.000    0.080
51.000    0.098
52.000    0.096
53.000    0.094
54.000    0.111
55.000    0.109
56.000    0.107
57.000    0.105
58.000    0.121
59.000    0.119
60.000    0.117
61.000    0.131
62.000    0.129
63.000    0.127
64.000    0.125
65.000    0.123
66.000    0.121
67.000    0.119
68.000    0.118
69.000    0.116
70.000    0.114
71.000    0.113
72.000    0.111
73.000    0.110
74.000    0.108
75.000    0.107
76.000    0.105
77.000    0.104
78.000    0.103
79.000    0.101
80.000    0.100
</pre>
</td></tr></table><p>
<p><h3>File: _classplot_dat4 </h3>
<table width="90%"><tr><td bgcolor="#CCFFCC">
<pre>
# GNUPLOT data file for False hits, series 4
1.000    0.000
2.000    0.000
3.000    0.000
4.000    0.000
5.000    0.000
6.000    0.000
7.000    0.000
8.000    0.000
9.000    0.000
10.000    0.000
11.000    0.000
12.000    0.000
13.000    0.000
14.000    0.000
15.000    0.000
16.000    0.000
17.000    0.000
18.000    0.000
19.000    0.000
20.000    0.000
21.000    0.000
22.000    0.000
23.000    0.000
24.000    0.042
25.000    0.040
26.000    0.038
27.000    0.037
28.000    0.036
29.000    0.034
30.000    0.033
31.000    0.032
32.000    0.031
33.000    0.030
34.000    0.029
35.000    0.029
36.000    0.028
37.000    0.027
38.000    0.026
39.000    0.051
40.000    0.075
41.000    0.073
42.000    0.095
43.000    0.116
44.000    0.114
45.000    0.111
46.000    0.109
47.000    0.106
48.000    0.104
49.000    0.122
50.000    0.140
51.000    0.137
52.000    0.154
53.000    0.170
54.000    0.167
55.000    0.164
56.000    0.161
57.000    0.158
58.000    0.155
59.000    0.169
60.000    0.183
61.000    0.180
62.000    0.194
63.000    0.206
64.000    0.219
65.000    0.231
66.000    0.242
67.000    0.254
68.000    0.265
69.000    0.275
70.000    0.286
71.000    0.296
72.000    0.306
73.000    0.315
74.000    0.324
75.000    0.333
76.000    0.342
77.000    0.351
78.000    0.359
79.000    0.367
80.000    0.375
</pre>
</td></tr></table><p>
<p><h3>File: _summary</h3>
<table width="90%"><tr><td bgcolor="#CCFFCC">
<pre>
rocplot summary file (15 Jan 2010)

mode      == 2 (Multiple input file mode)
multimode == 2 (Combine data: single ROC plot, single classification plot.)
datamode  == 1 (Single list of known true relatives.)

File           Known          
data1.hits     140            
data2.hits     140            

ROC50     == 0.185 (combined)
</pre>
</td></tr></table><p>
<p><h3>File: rocplot.log</h3>
<table width="90%"><tr><td bgcolor="#CCFFCC">
<pre>
MODE INFO
modei: 2
multimodei: 2
datamodei: 1



NUMBER OF INPUT FILES
numfiles: 2



NAMES ONLY OF INPUT FILES
hitsnames[0]: data1.hits
hitsnames[1]: data2.hits



ROC NUMBER
roc: 50



ROC VALUES
rocn[0]: 0.184714



COUNT OF HITS
hitcnt[0]: 80



</pre>
</td></tr></table><p>
