
<a name="output.1"></a>
<h3>Output files for usage example </h3>
<p><h3>File: res.dcf</h3>
<table width="90%"><tr><td bgcolor="#CCFFCC">
<pre>
XX   ALIGNMENT SCORE 100.000
XX
ID   D1II7A_
XX
EN   1II7
XX
TY   SCOP
XX
SI   53931 CL; 56299 FO; 56300 SF; 64427 FA; 64428 DO; 64429 SO; 62415 DD;
XX
CL   Alpha and beta proteins (a+b)
XX
FO   Metallo-dependent phosphatases
XX
SF   Metallo-dependent phosphatases
XX
FA   DNA double-strand break repair nuclease
XX
DO   Mre11
XX
OS   Archaeon Pyrococcus furiosus
XX
SE   HEEE
XX
SS   SEQUENCE    43 AA;   5411 MW;  F2A5FA03304F5F35 CRC64;
     LLLLLLHHHH EEEEEEEEEE EEEEEEEEEE EELLLEEEEE LLL
XX
NC   1
XX
CN   [1]
XX
CH   A CHAIN; . START; . END;
//
</pre>
</td></tr></table><p>
<p><h3>File: elm.dcf </h3>
<table width="90%"><tr><td bgcolor="#CCFFCC">
<pre>
XX   ALIGNMENT SCORE 100.000
XX
ID   D1CS4A_
XX
EN   1CS4
XX
TY   SCOP
XX
SI   53931 CL; 54861 FO; 55073 SF; 55074 FA; 55077 DO; 55078 SO; 39418 DD;
XX
CL   Alpha and beta proteins (a+b)
XX
FO   Ferredoxin-like
XX
SF   Adenylyl and guanylyl cyclase catalytic domain
XX
FA   Adenylyl and guanylyl cyclase catalytic domain
XX
DO   Adenylyl cyclase VC1, domain C1a
XX
OS   Dog (Canis familiaris)
XX
SE   HH
XX
SS   SEQUENCE    46 AA;   6039 MW;  32D7FC5C51294C12 CRC64;
     LLLHHHHHHH LLHHHHHHHH HHHHHHHHHH HHHHHLLEEE EEELLL
XX
NC   1
XX
CN   [1]
XX
CH   A CHAIN; . START; . END;
//
</pre>
</td></tr></table><p>
<p><h3>File: ssematch.log </h3>
<table width="90%"><tr><td bgcolor="#CCFFCC">
<pre>
</pre>
</td></tr></table><p>
