
<a name="output.1"></a>
<h3>Output files for usage example </h3>
<p><h3>File: contml.fcontml</h3>
<table width="90%"><tr><td bgcolor="#CCFFCC">
<pre>

Continuous character Maximum Likelihood method version 3.68


   5 Populations,   10 Loci

Numbers of alleles at the loci:
------- -- ------- -- --- -----

   2   2   2   2   2   2   2   2   2   2

Name                 Gene Frequencies
----                 ---- -----------

  locus:         1         1         2         2         3         3
                 4         4         5         5         6         6
                 7         7         8         8         9         9
                10        10

European     0.28680   0.71320   0.56840   0.43160   0.44220   0.55780
             0.42860   0.57140   0.38280   0.61720   0.72850   0.27150
             0.63860   0.36140   0.02050   0.97950   0.80550   0.19450
             0.50430   0.49570
African      0.13560   0.86440   0.48400   0.51600   0.06020   0.93980
             0.03970   0.96030   0.59770   0.40230   0.96750   0.03250
             0.95110   0.04890   0.06000   0.94000   0.75820   0.24180
             0.62070   0.37930
Chinese      0.16280   0.83720   0.59580   0.40420   0.72980   0.27020
             1.00000   0.00000   0.38110   0.61890   0.79860   0.20140
             0.77820   0.22180   0.07260   0.92740   0.74820   0.25180
             0.73340   0.26660
American     0.01440   0.98560   0.69900   0.30100   0.32800   0.67200
             0.74210   0.25790   0.66060   0.33940   0.86030   0.13970
             0.79240   0.20760   0.00000   1.00000   0.80860   0.19140
             0.86360   0.13640
Australian   0.12110   0.87890   0.22740   0.77260   0.58210   0.41790
             1.00000   0.00000   0.20180   0.79820   0.90000   0.10000
             0.98370   0.01630   0.03960   0.96040   0.90970   0.09030
             0.29760   0.70240


  +-----------------------------------------------------------African   
  !  
  !             +-------------------------------Australian
  1-------------3  
  !             !     +-----------------------American  
  !             +-----2  
  !                   +Chinese   
  !  
  +European  


remember: this is an unrooted tree!

Ln Likelihood =    38.71914

Between     And             Length      Approx. Confidence Limits
-------     ---             ------      ------- ---------- ------
  1       African        0.09693444   (  0.03123910,  0.19853604)
  1          3           0.02252816   (  0.00089799,  0.05598045)
  3       Australian     0.05247405   (  0.01177094,  0.11542374)
  3          2           0.00945315   ( -0.00897717,  0.03795670)
  2       American       0.03806240   (  0.01095938,  0.07997877)
  2       Chinese        0.00208822   ( -0.00960622,  0.02017433)
  1       European       0.00000000   ( -0.01627246,  0.02516630)


</pre>
</td></tr></table><p>
<p><h3>File: contml.treefile</h3>
<table width="90%"><tr><td bgcolor="#CCFFCC">
<pre>
(African:0.09693444,(Australian:0.05247405,(American:0.03806240,Chinese:0.00208822):0.00945315):0.02252816,
European:0.00000000);
</pre>
</td></tr></table><p>
