
<a name="output.1"></a>
<h3>Output files for usage example </h3>
<p><h3>File: consense.fconsense</h3>
<table width="90%"><tr><td bgcolor="#CCFFCC">
<pre>

Consensus tree program, version 3.69

Species in order: 

  1. A
  2. B
  3. H
  4. D
  5. J
  6. G
  7. E
  8. F
  9. I
  10. C



Sets included in the consensus tree

Set (species in order)     How many times out of    9.00

.......**.                   9.00
..********                   9.00
..****.***                   6.00
..***.....                   6.00
..***....*                   6.00
..*.*.....                   4.00
..***..***                   2.00


Sets NOT included in consensus tree:

Set (species in order)     How many times out of    9.00

.....**...                   3.00
.....*****                   3.00
..**......                   3.00
.....****.                   3.00
..****...*                   2.00
.....*.**.                   2.00
..*.******                   2.00
....******                   2.00
...*******                   1.00


Extended majority rule consensus tree

CONSENSUS TREE:
the numbers on the branches indicate the number
of times the partition of the species into the two sets
which are separated by that branch occurred
among the trees, out of   9.00 trees

                                          +-----------------------C
                                          |
                                  +--6.00-|               +-------H
                                  |       |       +--4.00-|
                                  |       +--6.00-|       +-------J
                          +--2.00-|               |
                          |       |               +---------------D
                          |       |
                  +--6.00-|       |                       +-------F
                  |       |       +------------------9.00-|
                  |       |                               +-------I
          +--9.00-|       |
          |       |       +---------------------------------------G
  +-------|       |
  |       |       +-----------------------------------------------E
  |       |
  |       +-------------------------------------------------------B
  |
  +---------------------------------------------------------------A


  remember: this is an unrooted tree!

</pre>
</td></tr></table><p>
<p><h3>File: consense.treefile</h3>
<table width="90%"><tr><td bgcolor="#CCFFCC">
<pre>
((((((C:9.00,((H:9.00,J:9.00):4.00,D:9.00):6.00):6.00,(F:9.00,I:9.00):9.00):2.00,G:9.00):6.00,
E:9.00):9.00,B:9.00):9.00,A:9.00);
</pre>
</td></tr></table><p>
