
<a name="output.1"></a>
<h3>Output files for usage example </h3>
<p><h3>File: dnacomp.fdnacomp</h3>
<table width="90%"><tr><td bgcolor="#CCFFCC">
<pre>

DNA compatibility algorithm, version 3.68

 5 species,  13  sites

Name            Sequences
----            ---------

Alpha        AACGTGGCCA AAT
Beta         AAGGTCGCCA AAC
Gamma        CATTTCGTCA CAA
Delta        GGTATTTCGG CCT
Epsilon      GGGATCTCGG CCC



One most parsimonious tree found:




           +--Epsilon   
        +--4  
     +--3  +--Delta     
     !  !  
  +--2  +-----Gamma     
  !  !  
  1  +--------Beta      
  !  
  +-----------Alpha     

  remember: this is an unrooted tree!


total number of compatible sites is       11.0

steps in each site:
         0   1   2   3   4   5   6   7   8   9
     *-----------------------------------------
    0|       2   1   3   2   0   2   1   1   1
   10|   1   1   1   3                        

 compatibility (Y or N) of each site with this tree:

      0123456789
     *----------
   0 ! YYNYYYYYY
  10 !YYYN      

From    To     Any Steps?    State at upper node
                            
          1                AABGTSGCCA AAY
   1      2        maybe   AABGTCGCCA AAY
   2      3         yes    VAKDTCGCCA CAY
   3      4         yes    GGKATCTCGG CCY
   4   Epsilon     maybe   GGGATCTCGG CCC
   4   Delta        yes    GGTATTTCGG CCT
   3   Gamma        yes    CATTTCGTCA CAA
   2   Beta        maybe   AAGGTCGCCA AAC
   1   Alpha       maybe   AACGTGGCCA AAT


</pre>
</td></tr></table><p>
<p><h3>File: dnacomp.treefile</h3>
<table width="90%"><tr><td bgcolor="#CCFFCC">
<pre>
((((Epsilon,Delta),Gamma),Beta),Alpha);
</pre>
</td></tr></table><p>

<a name="output.2"></a>
<h3>Output files for usage example 2</h3>
<p><h3>File: dnacomp.fdnacomp</h3>
<table width="90%"><tr><td bgcolor="#CCFFCC">
<pre>

DNA compatibility algorithm, version 3.68

User-defined tree:



           +--Epsilon   
        +--4  
     +--3  +--Delta     
     !  !  
  +--2  +-----Gamma     
  !  !  
  1  +--------Beta      
  !  
  +-----------Alpha     

  remember: this is an unrooted tree!


total number of compatible sites is       11.0


</pre>
</td></tr></table><p>
