
<a name="output.1"></a>
<h3>Output files for usage example </h3>
<p><h3>File: dnaml.fdnaml</h3>
<table width="90%"><tr><td bgcolor="#CCFFCC">
<pre>

Nucleic acid sequence Maximum Likelihood method, version 3.68

 5 species,  13  sites

    Site categories are:

             1111112222 222


    Sites are weighted as follows:

             01111 11111 110


Name            Sequences
----            ---------

Alpha        AACGTGGCCA AAT
Beta         AAGGTCGCCA AAC
Gamma        CATTTCGTCA CAA
Delta        GGTATTTCGG CCT
Epsilon      GGGATCTCGG CCC



Empirical Base Frequencies:

   A       0.23636
   C       0.29091
   G       0.25455
  T(U)     0.21818

Transition/transversion ratio =   2.000000


State in HMM    Rate of change    Probability

        1           0.264            0.522
        2           1.413            0.399
        3           3.596            0.076
        4           7.086            0.0036
        5          12.641            0.000023



Site category   Rate of change

        1           1.000
        2           2.000



                                                              +Epsilon   
     +--------------------------------------------------------3  
  +--2                                                        +-Delta     
  |  |  
  |  +Beta      
  |  
  1------Gamma     
  |  
  +-Alpha     


remember: this is an unrooted tree!

Ln Likelihood =   -57.87892

 Between        And            Length      Approx. Confidence Limits
 -------        ---            ------      ------- ---------- ------

     1          Alpha             0.26766     (     zero,     0.80513) *
     1             2              0.04687     (     zero,     0.48388)
     2             3              7.59821     (     zero,    22.01485) **
     3          Epsilon           0.00006     (     zero,     0.46205)
     3          Delta             0.27319     (     zero,     0.73380) **
     2          Beta              0.00006     (     zero,     0.44052)
     1          Gamma             0.95677     (     zero,     2.46186) **

     *  = significantly positive, P &lt; 0.05
     ** = significantly positive, P &lt; 0.01

Combination of categories that contributes the most to the likelihood:

             1132121111 211

Most probable category at each site if &gt; 0.95 probability ("." otherwise)

             .......... ...

</pre>
</td></tr></table><p>
<p><h3>File: dnaml.treefile</h3>
<table width="90%"><tr><td bgcolor="#CCFFCC">
<pre>
(((Epsilon:0.00006,Delta:0.27319):7.59821,Beta:0.00006):0.04687,
Gamma:0.95677,Alpha:0.26766);
</pre>
</td></tr></table><p>

<a name="output.2"></a>
<h3>Output files for usage example 2</h3>
<p><h3>File: dnaml.fdnaml</h3>
<table width="90%"><tr><td bgcolor="#CCFFCC">
<pre>

Nucleic acid sequence Maximum Likelihood method, version 3.68

 5 species,  13  sites

Name            Sequences
----            ---------

Alpha        AACGTGGCCA AAT
Beta         AAGGTCGCCA AAC
Gamma        CATTTCGTCA CAA
Delta        GGTATTTCGG CCT
Epsilon      GGGATCTCGG CCC



Empirical Base Frequencies:

   A       0.24615
   C       0.29231
   G       0.24615
  T(U)     0.21538

Transition/transversion ratio =   2.000000


                                                  +Epsilon   
     +--------------------------------------------1  
  +--2                                            +--------Delta     
  |  |  
  |  +Beta      
  |  
  3------------------------------Gamma     
  |  
  +-----Alpha     


remember: this is an unrooted tree!

Ln Likelihood =   -72.25088

 Between        And            Length      Approx. Confidence Limits
 -------        ---            ------      ------- ---------- ------

     3          Alpha             0.20745     (     zero,     0.56578)
     3             2              0.09408     (     zero,     0.40912)
     2             1              1.51296     (     zero,     3.31130) **
     1          Epsilon           0.00006     (     zero,     0.34299)
     1          Delta             0.28137     (     zero,     0.62654) **
     2          Beta              0.00006     (     zero,     0.32900)
     3          Gamma             1.01651     (     zero,     2.33178) **

     *  = significantly positive, P &lt; 0.05
     ** = significantly positive, P &lt; 0.01


</pre>
</td></tr></table><p>
<p><h3>File: dnaml.treefile</h3>
<table width="90%"><tr><td bgcolor="#CCFFCC">
<pre>
(((Epsilon:0.00006,Delta:0.28137):1.51296,Beta:0.00006):0.09408,
Gamma:1.01651,Alpha:0.20745);
</pre>
</td></tr></table><p>
