
<a name="output.1"></a>
<h3>Output files for usage example </h3>
<p><h3>File: dnaml.fdnamlk</h3>
<table width="90%"><tr><td bgcolor="#CCFFCC">
<pre>

Nucleic acid sequence Maximum Likelihood method, version 3.6b

 5 species,  13  sites

    Site categories are:

             1111112222 222


    Sites are weighted as follows:

             01111 11111 110


Name            Sequences
----            ---------

Alpha        AACGTGGCCA AAT
Beta         AAGGTCGCCA AAC
Gamma        CATTTCGTCA CAA
Delta        GGTATTTCGG CCT
Epsilon      GGGATCTCGG CCC



Empirical Base Frequencies:

   A       0.23636
   C       0.29091
   G       0.25455
  T(U)     0.21818

Transition/transversion ratio =   2.000000


State in HMM    Rate of change    Probability

        1           0.264            0.522
        2           1.413            0.399
        3           3.596            0.076
        4           7.086            0.0036
        5          12.641            0.000023


Site category   Rate of change

        1           1.000
        2           2.000






                                                    +-------Epsilon   
  +-------------------------------------------------4  
  !                                                 +-------Delta     
--3  
  !                                             +----------Gamma     
  +---------------------------------------------2  
                                                !  +-------Beta      
                                                +--1  
                                                   +-------Alpha     


Ln Likelihood =   -60.82656

 Ancestor      Node      Node Height     Length
 --------      ----      ---- ------     ------
 root            3      
   3             4          3.92933      3.92933
   4          Epsilon       4.54360      0.61427
   4          Delta         4.54360      0.61427
   3             2          3.63676      3.63676
   2          Gamma         4.54360      0.90684
   2             1          3.89255      0.25578
   1          Beta          4.54360      0.65105
   1          Alpha         4.54360      0.65105

Combination of categories that contributes the most to the likelihood:

             1121121111 111

Most probable category at each site if &gt; 0.95 probability ("." otherwise)

             ....1..... ...


</pre>
</td></tr></table><p>
<p><h3>File: dnaml.treefile</h3>
<table width="90%"><tr><td bgcolor="#CCFFCC">
<pre>
((Epsilon:0.61427,Delta:0.61427):3.92933,(Gamma:0.90684,
(Beta:0.65105,Alpha:0.65105):0.25578):3.63676);
</pre>
</td></tr></table><p>
