
<a name="output.1"></a>
<h3>Output files for usage example </h3>
<p><h3>File: dnapenny.fdnapenny</h3>
<table width="90%"><tr><td bgcolor="#CCFFCC">
<pre>

Penny algorithm for DNA, version 3.69
 branch-and-bound to find all most parsimonious trees


requires a total of              8.000

     9 trees in all found




  +--------------------Alpha1    
  !  
  !        +-----------Alpha2    
  !        !  
  1  +-----4        +--Epsilon   
  !  !     !  +-----6  
  !  !     !  !     +--Delta     
  !  !     +--5  
  +--2        !     +--Gamma2    
     !        +-----7  
     !              +--Gamma1    
     !  
     !              +--Beta2     
     +--------------3  
                    +--Beta1     

  remember: this is an unrooted tree!





  +--------------------Alpha1    
  !  
  !        +-----------Alpha2    
  !        !  
  1  +-----4  +--------Gamma2    
  !  !     !  !  
  !  !     +--7     +--Epsilon   
  !  !        !  +--6  
  +--2        +--5  +--Delta     
     !           !  
     !           +-----Gamma1    
     !  
     !              +--Beta2     
     +--------------3  
                    +--Beta1     



<font color=red>  [Part of this file has been deleted for brevity]</font>

              +--5  +--Delta     
                 !  
                 +-----Gamma1    

  remember: this is an unrooted tree!





  +--------------------Alpha1    
  !  
  !              +-----Alpha2    
  1  +-----------2  
  !  !           !  +--Beta2     
  !  !           +--3  
  !  !              +--Beta1     
  +--4  
     !           +-----Gamma2    
     !        +--7  
     !        !  !  +--Epsilon   
     +--------5  +--6  
              !     +--Delta     
              !  
              +--------Gamma1    

  remember: this is an unrooted tree!





  +--------------------Alpha1    
  !  
  !              +-----Alpha2    
  1  +-----------2  
  !  !           !  +--Beta2     
  !  !           +--3  
  !  !              +--Beta1     
  +--4  
     !              +--Epsilon   
     !        +-----6  
     !        !     +--Delta     
     +--------5  
              !     +--Gamma2    
              +-----7  
                    +--Gamma1    

  remember: this is an unrooted tree!


</pre>
</td></tr></table><p>
<p><h3>File: dnapenny.treefile</h3>
<table width="90%"><tr><td bgcolor="#CCFFCC">
<pre>
(Alpha1,((Alpha2,((Epsilon,Delta),(Gamma2,Gamma1))),(Beta2,Beta1)))[0.1111];
(Alpha1,((Alpha2,(Gamma2,((Epsilon,Delta),Gamma1))),(Beta2,Beta1)))[0.1111];
(Alpha1,((Alpha2,((Gamma2,(Epsilon,Delta)),Gamma1)),(Beta2,Beta1)))[0.1111];
(Alpha1,(Alpha2,((Gamma2,((Epsilon,Delta),Gamma1)),(Beta2,Beta1))))[0.1111];
(Alpha1,(Alpha2,(((Epsilon,Delta),(Gamma2,Gamma1)),(Beta2,Beta1))))[0.1111];
(Alpha1,(Alpha2,(((Gamma2,(Epsilon,Delta)),Gamma1),(Beta2,Beta1))))[0.1111];
(Alpha1,((Alpha2,(Beta2,Beta1)),(Gamma2,((Epsilon,Delta),Gamma1))))[0.1111];
(Alpha1,((Alpha2,(Beta2,Beta1)),((Gamma2,(Epsilon,Delta)),Gamma1)))[0.1111];
(Alpha1,((Alpha2,(Beta2,Beta1)),((Epsilon,Delta),(Gamma2,Gamma1))))[0.1111];
</pre>
</td></tr></table><p>
