
<a name="output.1"></a>
<h3>Output files for usage example </h3>
<p><h3>File: drawgram.fdrawtree</h3>
<table width="90%"><tr><td bgcolor="#CCFFCC">
<pre>
%!PS-Adobe-2.0
%%Title: Phylip Tree Output
%%DocumentFonts: (atend)
%%Pages: 1 1
%%BoundingBox: 0 0 612 792
%%DocumentPaperSizes: Letter
%%Orientation: Portrait
%%EndComments
/l {newpath moveto lineto stroke} def
%%EndProlog
%%
%%Page: 1 1
%%PageBoundingBox: 0 0 585 765
%%PageFonts: (atend)
%%BeginPageSetup
%%PaperSize: Letter
 1 setlinecap 
 1 setlinejoin  
    4.72 setlinewidth newpath 
  193.10   333.75   147.15   270.50 l
  193.10   333.75   239.05   396.99 l
  239.05   396.99   179.40   447.52 l
  239.05   396.99   315.51   413.26 l
  315.51   413.26   330.54   489.97 l
  315.51   413.26   377.62   365.78 l
  377.62   365.78   450.44   394.22 l
  377.62   365.78   406.77   293.25 l
 stroke    1.57 setlinewidth 
1 setlinecap 1 setlinejoin 
gsave
/Times-Roman findfont 39.641216 scalefont setfont
104.222223 231.138753 translate 0.000000 rotate
0 0 moveto
(Delta) show
grestore
gsave
/Times-Roman findfont 39.641216 scalefont setfont
118.832100 460.640405 translate 0.000000 rotate
0 0 moveto
(Epsilon) show
grestore
gsave
/Times-Roman findfont 39.641216 scalefont setfont
267.784752 503.095985 translate 0.000000 rotate
0 0 moveto
(Gamma) show
grestore
gsave
/Times-Roman findfont 39.641216 scalefont setfont
463.561935 400.403476 translate 0.000000 rotate
0 0 moveto
(Beta) show
grestore
gsave
/Times-Roman findfont 39.641216 scalefont setfont
358.330872 253.884183 translate 0.000000 rotate
0 0 moveto
(Alpha) show
grestore
stroke     4.72 setlinewidth 
 1 setlinecap 1 setlinejoin 
stroke showpage 

%%PageTrailer
%%PageFonts: Times-Roman
%%Trailer
%%DocumentFonts: Times-Roman
</pre>
</td></tr></table><p>
