
<a name="output.1"></a>
<h3>Output files for usage example </h3>
<p><h3>File: drawgram.fdrawgram</h3>
<table width="90%"><tr><td bgcolor="#CCFFCC">
<pre>
%!PS-Adobe-2.0
%%Title: Phylip Tree Output
%%DocumentFonts: (atend)
%%Pages: 1 1
%%BoundingBox: 0 0 612 792
%%DocumentPaperSizes: Letter
%%Orientation: Portrait
%%EndComments
/l {newpath moveto lineto stroke} def
%%EndProlog
%%
%%Page: 1 1
%%PageBoundingBox: 0 0 585 765
%%PageFonts: (atend)
%%BeginPageSetup
%%PaperSize: Letter
 1 setlinecap 
 1 setlinejoin  
    7.44 setlinewidth newpath 
   46.80   382.50    60.54   382.50 l
   60.54   382.50    60.54   630.57 l
   60.54   630.57   321.67   630.57 l
   60.54   382.50    60.54   320.48 l
   60.54   320.48   125.83   320.48 l
  125.83   320.48   125.83   506.53 l
  125.83   506.53   321.67   506.53 l
  125.83   320.48   125.83   258.47 l
  125.83   258.47   191.11   258.47 l
  191.11   258.47   191.11   382.50 l
  191.11   382.50   321.67   382.50 l
  191.11   258.47   191.11   196.45 l
  191.11   196.45   256.39   196.45 l
  256.39   196.45   256.39   258.47 l
  256.39   258.47   321.67   258.47 l
  256.39   196.45   256.39   134.43 l
  256.39   134.43   321.67   134.43 l
 stroke    2.48 setlinewidth 
1 setlinecap 1 setlinejoin 
gsave
/Times-Roman findfont 62.454658 scalefont setfont
340.468551 609.897411 translate -0.000000 rotate
0 0 moveto
(Delta) show
grestore
gsave
/Times-Roman findfont 62.454658 scalefont setfont
343.934785 485.862460 translate -0.000000 rotate
0 0 moveto
(Epsilon) show
grestore
gsave
/Times-Roman findfont 62.454658 scalefont setfont
340.468551 361.827508 translate -0.000000 rotate
0 0 moveto
(Gamma) show
grestore
gsave
/Times-Roman findfont 62.454658 scalefont setfont
342.186054 237.792556 translate -0.000000 rotate
0 0 moveto
(Beta) show
grestore
gsave
/Times-Roman findfont 62.454658 scalefont setfont
340.468551 113.757605 translate -0.000000 rotate
0 0 moveto
(Alpha) show
grestore
stroke     7.44 setlinewidth 
 1 setlinecap 1 setlinejoin 
stroke showpage 

%%PageTrailer
%%PageFonts: Times-Roman
%%Trailer
%%DocumentFonts: Times-Roman
</pre>
</td></tr></table><p>
