
<a name="output.1"></a>
<h3>Output files for usage example </h3>
<p><h3>File: freqboot.ffreqboot</h3>
<table width="90%"><tr><td bgcolor="#CCFFCC">
<pre>
    5    10
   2   2   2   2   2   2   2   2   2   2
European   0.28680 0.71320 0.56840 0.43160 0.56840 0.43160 0.44220 0.55780
               0.42860 0.57140 0.38280 0.61720 0.38280 0.61720 0.72850 0.27150
               0.72850 0.27150 0.02050 0.97950
African    0.13560 0.86440 0.48400 0.51600 0.48400 0.51600 0.06020 0.93980
               0.03970 0.96030 0.59770 0.40230 0.59770 0.40230 0.96750 0.03250
               0.96750 0.03250 0.06000 0.94000
Chinese    0.16280 0.83720 0.59580 0.40420 0.59580 0.40420 0.72980 0.27020
               1.00000 0.00000 0.38110 0.61890 0.38110 0.61890 0.79860 0.20140
               0.79860 0.20140 0.07260 0.92740
American   0.01440 0.98560 0.69900 0.30100 0.69900 0.30100 0.32800 0.67200
               0.74210 0.25790 0.66060 0.33940 0.66060 0.33940 0.86030 0.13970
               0.86030 0.13970 0.00000 1.00000
Australian 0.12110 0.87890 0.22740 0.77260 0.22740 0.77260 0.58210 0.41790
               1.00000 0.00000 0.20180 0.79820 0.20180 0.79820 0.90000 0.10000
               0.90000 0.10000 0.03960 0.96040
    5    10
   2   2   2   2   2   2   2   2   2   2
European   0.28680 0.71320 0.56840 0.43160 0.44220 0.55780 0.42860 0.57140
               0.38280 0.61720 0.38280 0.61720 0.38280 0.61720 0.02050 0.97950
               0.02050 0.97950 0.80550 0.19450
African    0.13560 0.86440 0.48400 0.51600 0.06020 0.93980 0.03970 0.96030
               0.59770 0.40230 0.59770 0.40230 0.59770 0.40230 0.06000 0.94000
               0.06000 0.94000 0.75820 0.24180
Chinese    0.16280 0.83720 0.59580 0.40420 0.72980 0.27020 1.00000 0.00000
               0.38110 0.61890 0.38110 0.61890 0.38110 0.61890 0.07260 0.92740
               0.07260 0.92740 0.74820 0.25180
American   0.01440 0.98560 0.69900 0.30100 0.32800 0.67200 0.74210 0.25790
               0.66060 0.33940 0.66060 0.33940 0.66060 0.33940 0.00000 1.00000
               0.00000 1.00000 0.80860 0.19140
Australian 0.12110 0.87890 0.22740 0.77260 0.58210 0.41790 1.00000 0.00000
               0.20180 0.79820 0.20180 0.79820 0.20180 0.79820 0.03960 0.96040
               0.03960 0.96040 0.90970 0.09030
    5    10
   2   2   2   2   2   2   2   2   2   2
European   0.28680 0.71320 0.28680 0.71320 0.44220 0.55780 0.42860 0.57140
               0.42860 0.57140 0.38280 0.61720 0.72850 0.27150 0.80550 0.19450
               0.80550 0.19450 0.50430 0.49570
African    0.13560 0.86440 0.13560 0.86440 0.06020 0.93980 0.03970 0.96030
               0.03970 0.96030 0.59770 0.40230 0.96750 0.03250 0.75820 0.24180
               0.75820 0.24180 0.62070 0.37930
Chinese    0.16280 0.83720 0.16280 0.83720 0.72980 0.27020 1.00000 0.00000
               1.00000 0.00000 0.38110 0.61890 0.79860 0.20140 0.74820 0.25180
               0.74820 0.25180 0.73340 0.26660
American   0.01440 0.98560 0.01440 0.98560 0.32800 0.67200 0.74210 0.25790
               0.74210 0.25790 0.66060 0.33940 0.86030 0.13970 0.80860 0.19140
               0.80860 0.19140 0.86360 0.13640
Australian 0.12110 0.87890 0.12110 0.87890 0.58210 0.41790 1.00000 0.00000
               1.00000 0.00000 0.20180 0.79820 0.90000 0.10000 0.90970 0.09030


<font color=red>  [Part of this file has been deleted for brevity]</font>

    5    10
   2   2   2   2   2   2   2   2   2   2
European   0.28680 0.71320 0.56840 0.43160 0.56840 0.43160 0.56840 0.43160
               0.42860 0.57140 0.38280 0.61720 0.38280 0.61720 0.80550 0.19450
               0.50430 0.49570 0.50430 0.49570
African    0.13560 0.86440 0.48400 0.51600 0.48400 0.51600 0.48400 0.51600
               0.03970 0.96030 0.59770 0.40230 0.59770 0.40230 0.75820 0.24180
               0.62070 0.37930 0.62070 0.37930
Chinese    0.16280 0.83720 0.59580 0.40420 0.59580 0.40420 0.59580 0.40420
               1.00000 0.00000 0.38110 0.61890 0.38110 0.61890 0.74820 0.25180
               0.73340 0.26660 0.73340 0.26660
American   0.01440 0.98560 0.69900 0.30100 0.69900 0.30100 0.69900 0.30100
               0.74210 0.25790 0.66060 0.33940 0.66060 0.33940 0.80860 0.19140
               0.86360 0.13640 0.86360 0.13640
Australian 0.12110 0.87890 0.22740 0.77260 0.22740 0.77260 0.22740 0.77260
               1.00000 0.00000 0.20180 0.79820 0.20180 0.79820 0.90970 0.09030
               0.29760 0.70240 0.29760 0.70240
    5    10
   2   2   2   2   2   2   2   2   2   2
European   0.28680 0.71320 0.28680 0.71320 0.56840 0.43160 0.56840 0.43160
               0.44220 0.55780 0.42860 0.57140 0.42860 0.57140 0.72850 0.27150
               0.63860 0.36140 0.02050 0.97950
African    0.13560 0.86440 0.13560 0.86440 0.48400 0.51600 0.48400 0.51600
               0.06020 0.93980 0.03970 0.96030 0.03970 0.96030 0.96750 0.03250
               0.95110 0.04890 0.06000 0.94000
Chinese    0.16280 0.83720 0.16280 0.83720 0.59580 0.40420 0.59580 0.40420
               0.72980 0.27020 1.00000 0.00000 1.00000 0.00000 0.79860 0.20140
               0.77820 0.22180 0.07260 0.92740
American   0.01440 0.98560 0.01440 0.98560 0.69900 0.30100 0.69900 0.30100
               0.32800 0.67200 0.74210 0.25790 0.74210 0.25790 0.86030 0.13970
               0.79240 0.20760 0.00000 1.00000
Australian 0.12110 0.87890 0.12110 0.87890 0.22740 0.77260 0.22740 0.77260
               0.58210 0.41790 1.00000 0.00000 1.00000 0.00000 0.90000 0.10000
               0.98370 0.01630 0.03960 0.96040
    5    10
   2   2   2   2   2   2   2   2   2   2
European   0.56840 0.43160 0.56840 0.43160 0.44220 0.55780 0.44220 0.55780
               0.42860 0.57140 0.38280 0.61720 0.38280 0.61720 0.72850 0.27150
               0.63860 0.36140 0.80550 0.19450
African    0.48400 0.51600 0.48400 0.51600 0.06020 0.93980 0.06020 0.93980
               0.03970 0.96030 0.59770 0.40230 0.59770 0.40230 0.96750 0.03250
               0.95110 0.04890 0.75820 0.24180
Chinese    0.59580 0.40420 0.59580 0.40420 0.72980 0.27020 0.72980 0.27020
               1.00000 0.00000 0.38110 0.61890 0.38110 0.61890 0.79860 0.20140
               0.77820 0.22180 0.74820 0.25180
American   0.69900 0.30100 0.69900 0.30100 0.32800 0.67200 0.32800 0.67200
               0.74210 0.25790 0.66060 0.33940 0.66060 0.33940 0.86030 0.13970
               0.79240 0.20760 0.80860 0.19140
Australian 0.22740 0.77260 0.22740 0.77260 0.58210 0.41790 0.58210 0.41790
               1.00000 0.00000 0.20180 0.79820 0.20180 0.79820 0.90000 0.10000
               0.98370 0.01630 0.90970 0.09030
</pre>
</td></tr></table><p>
