
<a name="output.1"></a>
<h3>Output files for usage example </h3>
<p><h3>File: mix.fmix</h3>
<table width="90%"><tr><td bgcolor="#CCFFCC">
<pre>

Mixed parsimony algorithm, version 3.6b

Wagner parsimony method

               


     4 trees in all found




           +--Epsilon   
     +-----4  
     !     +--Gamma     
  +--2  
  !  !     +--Delta     
--1  +-----3  
  !        +--Beta      
  !  
  +-----------Alpha     

  remember: this is an unrooted tree!


requires a total of      9.000





     +--------Gamma     
     !  
  +--2     +--Epsilon   
  !  !  +--4  
  !  +--3  +--Delta     
--1     !  
  !     +-----Beta      
  !  
  +-----------Alpha     

  remember: this is an unrooted tree!


requires a total of      9.000





     +--------Epsilon   
  +--4  
  !  !  +-----Gamma     
  !  +--2  
--1     !  +--Delta     
  !     +--3  
  !        +--Beta      
  !  
  +-----------Alpha     

  remember: this is an unrooted tree!


requires a total of      9.000





     +--------Gamma     
  +--2  
  !  !  +-----Epsilon   
  !  +--4  
--1     !  +--Delta     
  !     +--3  
  !        +--Beta      
  !  
  +-----------Alpha     

  remember: this is an unrooted tree!


requires a total of      9.000


</pre>
</td></tr></table><p>
<p><h3>File: mix.treefile</h3>
<table width="90%"><tr><td bgcolor="#CCFFCC">
<pre>
(((Epsilon,Gamma),(Delta,Beta)),Alpha)[0.2500];
((Gamma,((Epsilon,Delta),Beta)),Alpha)[0.2500];
((Epsilon,(Gamma,(Delta,Beta))),Alpha)[0.2500];
((Gamma,(Epsilon,(Delta,Beta))),Alpha)[0.2500];
</pre>
</td></tr></table><p>

<a name="output.2"></a>
<h3>Output files for usage example 2</h3>
<p><h3>File: mix.fmix</h3>
<table width="90%"><tr><td bgcolor="#CCFFCC">
<pre>

Mixed parsimony algorithm, version 3.6b

5 species, 6 characters

Wagner parsimony method


Name         Characters
----         ----------

Alpha        11011 0
Beta         11000 0
Gamma        10011 0
Delta        00100 1
Epsilon      00111 0


    Ancestral states:
             001?? 1


One most parsimonious tree found:




  +-----------Delta     
--3  
  !  +--------Epsilon   
  +--4  
     !  +-----Gamma     
     +--2  
        !  +--Beta      
        +--1  
           +--Alpha     


requires a total of      8.000

best guesses of ancestral states:
       0 1 2 3 4 5 6 7 8 9
     *--------------------
    0!   0 0 1 ? ? 1      


</pre>
</td></tr></table><p>
<p><h3>File: mix.treefile</h3>
<table width="90%"><tr><td bgcolor="#CCFFCC">
<pre>
(Delta,(Epsilon,(Gamma,(Beta,Alpha))));
</pre>
</td></tr></table><p>
