
<a name="output.1"></a>
<h3>Output files for usage example </h3>
<p><h3>File: protpars.fprotpars</h3>
<table width="90%"><tr><td bgcolor="#CCFFCC">
<pre>

Protein parsimony algorithm, version 3.69



     3 trees in all found




     +--------Gamma     
     !  
  +--2     +--Epsilon   
  !  !  +--4  
  !  +--3  +--Delta     
  1     !  
  !     +-----Beta      
  !  
  +-----------Alpha     

  remember: this is an unrooted tree!


requires a total of     16.000




           +--Epsilon   
        +--4  
     +--3  +--Delta     
     !  !  
  +--2  +-----Gamma     
  !  !  
  1  +--------Beta      
  !  
  +-----------Alpha     

  remember: this is an unrooted tree!


requires a total of     16.000




           +--Epsilon   
     +-----4  
     !     +--Delta     
  +--3  
  !  !     +--Gamma     
  1  +-----2  
  !        +--Beta      
  !  
  +-----------Alpha     

  remember: this is an unrooted tree!


requires a total of     16.000

</pre>
</td></tr></table><p>
<p><h3>File: protpars.treefile</h3>
<table width="90%"><tr><td bgcolor="#CCFFCC">
<pre>
((Gamma,((Epsilon,Delta),Beta)),Alpha)[0.3333];
((((Epsilon,Delta),Gamma),Beta),Alpha)[0.3333];
(((Epsilon,Delta),(Gamma,Beta)),Alpha)[0.3333];
</pre>
</td></tr></table><p>

<a name="output.2"></a>
<h3>Output files for usage example 2</h3>
<p><h3>File: protpars.fprotpars</h3>
<table width="90%"><tr><td bgcolor="#CCFFCC">
<pre>

Protein parsimony algorithm, version 3.69

 5 species,  10  sites


Name          Sequences
----          ---------

Alpha        ABCDEFGHIK 
Beta         ..--...... 
Gamma        ?...S..*?? 
Delta        CIK....... 
Epsilon      DIK....... 




     3 trees in all found




  +-----------Beta      
  !  
  1  +--------Gamma     
  !  !  
  +--2     +--Epsilon   
     !  +--4  
     +--3  +--Delta     
        !  
        +-----Alpha     

  remember: (although rooted by outgroup) this is an unrooted tree!


requires a total of     14.000

steps in each position:
         0   1   2   3   4   5   6   7   8   9
     *-----------------------------------------
    0!       3   1   5   3   2   0   0   2   0
   10!   0                                    

From    To     Any Steps?    State at upper node
                             ( . means same as in the node below it on tree)


root     1                AN??EFGHIK 
  1   Beta        maybe   .B--...... 


<font color=red>  [Part of this file has been deleted for brevity]</font>


root     1                AN??EFGHIK 
  1   Beta        maybe   .B--...... 
  1      2        maybe   ..CD...... 
  2      3        maybe   ?......... 
  3      4         yes    .IK....... 
  4   Epsilon     maybe   D......... 
  4   Delta        yes    C......... 
  3   Gamma        yes    ?B..S..*?? 
  2   Alpha       maybe   .B........ 





  +-----------Beta      
  !  
  1        +--Epsilon   
  !  +-----4  
  !  !     +--Delta     
  +--3  
     !     +--Gamma     
     +-----2  
           +--Alpha     

  remember: (although rooted by outgroup) this is an unrooted tree!


requires a total of     14.000

steps in each position:
         0   1   2   3   4   5   6   7   8   9
     *-----------------------------------------
    0!       3   1   5   3   2   0   0   2   0
   10!   0                                    

From    To     Any Steps?    State at upper node
                             ( . means same as in the node below it on tree)


root     1                AN??EFGHIK 
  1   Beta        maybe   .B--...... 
  1      3         yes    ..?D...... 
  3      4         yes    ?IK....... 
  4   Epsilon     maybe   D......... 
  4   Delta        yes    C......... 
  3      2         yes    ..C....... 
  2   Gamma        yes    ?B..S..*?? 
  2   Alpha       maybe   .B........ 


</pre>
</td></tr></table><p>
<p><h3>File: protpars.treefile</h3>
<table width="90%"><tr><td bgcolor="#CCFFCC">
<pre>
(Beta,(Gamma,((Epsilon,Delta),Alpha)))[0.3333];
(Beta,(((Epsilon,Delta),Gamma),Alpha))[0.3333];
(Beta,((Epsilon,Delta),(Gamma,Alpha)))[0.3333];
</pre>
</td></tr></table><p>

<a name="output.3"></a>
<h3>Output files for usage example 3</h3>
<p><h3>File: protpars2.fprotpars</h3>
<table width="90%"><tr><td bgcolor="#CCFFCC">
<pre>

Protein parsimony algorithm, version 3.69


Data set # 1:


     3 trees in all found




     +--------Gamma     
     !  
  +--2     +--Epsilon   
  !  !  +--4  
  !  +--3  +--Delta     
  1     !  
  !     +-----Beta      
  !  
  +-----------Alpha     

  remember: this is an unrooted tree!


requires a total of     25.000




           +--Epsilon   
        +--4  
     +--3  +--Delta     
     !  !  
  +--2  +-----Gamma     
  !  !  
  1  +--------Beta      
  !  
  +-----------Alpha     

  remember: this is an unrooted tree!


requires a total of     25.000




           +--Epsilon   
     +-----4  


<font color=red>  [Part of this file has been deleted for brevity]</font>

     +--------Gamma     
  +--2  
  !  !  +-----Epsilon   
  !  +--4  
  1     !  +--Delta     
  !     +--3  
  !        +--Beta      
  !  
  +-----------Alpha     

  remember: this is an unrooted tree!


requires a total of     24.000




           +--Epsilon   
        +--4  
     +--3  +--Delta     
     !  !  
  +--2  +-----Gamma     
  !  !  
  1  +--------Beta      
  !  
  +-----------Alpha     

  remember: this is an unrooted tree!


requires a total of     24.000




           +--Epsilon   
     +-----4  
     !     +--Delta     
  +--3  
  !  !     +--Gamma     
  1  +-----2  
  !        +--Beta      
  !  
  +-----------Alpha     

  remember: this is an unrooted tree!


requires a total of     24.000

</pre>
</td></tr></table><p>
<p><h3>File: protpars2.treefile</h3>
<table width="90%"><tr><td bgcolor="#CCFFCC">
<pre>
((Gamma,((Epsilon,Delta),Beta)),Alpha)[0.3333];
((((Epsilon,Delta),Gamma),Beta),Alpha)[0.3333];
(((Epsilon,Delta),(Gamma,Beta)),Alpha)[0.3333];
((Gamma,(Delta,(Epsilon,Beta))),Alpha)[0.0667];
(((Epsilon,Gamma),(Delta,Beta)),Alpha)[0.0667];
((Gamma,((Epsilon,Delta),Beta)),Alpha)[0.0667];
((Epsilon,(Gamma,(Delta,Beta))),Alpha)[0.0667];
((Gamma,(Epsilon,(Delta,Beta))),Alpha)[0.0667];
(((Delta,Gamma),(Epsilon,Beta)),Alpha)[0.0667];
(((Delta,(Epsilon,Gamma)),Beta),Alpha)[0.0667];
((((Epsilon,Delta),Gamma),Beta),Alpha)[0.0667];
((Epsilon,((Delta,Gamma),Beta)),Alpha)[0.0667];
(((Epsilon,(Delta,Gamma)),Beta),Alpha)[0.0667];
((Delta,(Gamma,(Epsilon,Beta))),Alpha)[0.0667];
((Delta,((Epsilon,Gamma),Beta)),Alpha)[0.0667];
(((Epsilon,Delta),(Gamma,Beta)),Alpha)[0.0667];
((Delta,(Epsilon,(Gamma,Beta))),Alpha)[0.0667];
((Epsilon,(Delta,(Gamma,Beta))),Alpha)[0.0667];
((Gamma,(Delta,(Epsilon,Beta))),Alpha)[0.2000];
((Gamma,((Epsilon,Delta),Beta)),Alpha)[0.2000];
((Gamma,(Epsilon,(Delta,Beta))),Alpha)[0.2000];
((((Epsilon,Delta),Gamma),Beta),Alpha)[0.2000];
(((Epsilon,Delta),(Gamma,Beta)),Alpha)[0.2000];
</pre>
</td></tr></table><p>

<a name="output.4"></a>
<h3>Output files for usage example 4</h3>
<p><h3>File: protpars.fprotpars</h3>
<table width="90%"><tr><td bgcolor="#CCFFCC">
<pre>

Protein parsimony algorithm, version 3.69




Weights set # 1:


     3 trees in all found




     +--------Gamma     
     !  
  +--2     +--Epsilon   
  !  !  +--4  
  !  +--3  +--Delta     
  1     !  
  !     +-----Beta      
  !  
  +-----------Alpha     

  remember: this is an unrooted tree!


requires a total of     14.000




           +--Epsilon   
        +--4  
     +--3  +--Delta     
     !  !  
  +--2  +-----Gamma     
  !  !  
  1  +--------Beta      
  !  
  +-----------Alpha     

  remember: this is an unrooted tree!


requires a total of     14.000






<font color=red>  [Part of this file has been deleted for brevity]</font>

           +--Epsilon   
     +-----4  
     !     +--Delta     
  +--3  
  !  !     +--Gamma     
  1  +-----2  
  !        +--Beta      
  !  
  +-----------Alpha     

  remember: this is an unrooted tree!


requires a total of      2.000




     +--------Delta     
  +--3  
  !  !  +-----Epsilon   
  !  +--4  
  1     !  +--Gamma     
  !     +--2  
  !        +--Beta      
  !  
  +-----------Alpha     

  remember: this is an unrooted tree!


requires a total of      2.000




     +--------Epsilon   
  +--4  
  !  !  +-----Delta     
  !  +--3  
  1     !  +--Gamma     
  !     +--2  
  !        +--Beta      
  !  
  +-----------Alpha     

  remember: this is an unrooted tree!


requires a total of      2.000

</pre>
</td></tr></table><p>
<p><h3>File: protpars.treefile</h3>
<table width="90%"><tr><td bgcolor="#CCFFCC">
<pre>
((Gamma,((Epsilon,Delta),Beta)),Alpha)[0.3333];
((((Epsilon,Delta),Gamma),Beta),Alpha)[0.3333];
(((Epsilon,Delta),(Gamma,Beta)),Alpha)[0.3333];
((Gamma,(Delta,(Epsilon,Beta))),Alpha)[0.0667];
(((Epsilon,Gamma),(Delta,Beta)),Alpha)[0.0667];
((Gamma,((Epsilon,Delta),Beta)),Alpha)[0.0667];
((Epsilon,(Gamma,(Delta,Beta))),Alpha)[0.0667];
((Gamma,(Epsilon,(Delta,Beta))),Alpha)[0.0667];
(((Delta,Gamma),(Epsilon,Beta)),Alpha)[0.0667];
(((Delta,(Epsilon,Gamma)),Beta),Alpha)[0.0667];
((((Epsilon,Delta),Gamma),Beta),Alpha)[0.0667];
((Epsilon,((Delta,Gamma),Beta)),Alpha)[0.0667];
(((Epsilon,(Delta,Gamma)),Beta),Alpha)[0.0667];
((Delta,(Gamma,(Epsilon,Beta))),Alpha)[0.0667];
((Delta,((Epsilon,Gamma),Beta)),Alpha)[0.0667];
(((Epsilon,Delta),(Gamma,Beta)),Alpha)[0.0667];
((Delta,(Epsilon,(Gamma,Beta))),Alpha)[0.0667];
((Epsilon,(Delta,(Gamma,Beta))),Alpha)[0.0667];
</pre>
</td></tr></table><p>
