
<a name="output.1"></a>
<h3>Output files for usage example </h3>
<p><h3>File: proml.fproml</h3>
<table width="90%"><tr><td bgcolor="#CCFFCC">
<pre>
Jones-Taylor-Thornton model of amino acid change


  +Beta      
  |  
  |                                    +Epsilon   
  |      +-----------------------------3  
  1------2                             +------------Delta     
  |      |  
  |      +--------------------Gamma     
  |  
  +---------Alpha     


remember: this is an unrooted tree!

Ln Likelihood =  -131.58633

 Between        And            Length      Approx. Confidence Limits
 -------        ---            ------      ------- ---------- ------

     1          Alpha             0.30915     (     zero,     0.66607) **
     1          Beta              0.00010     (     zero,    infinity)
     1             2              0.22118     (     zero,     0.62671) *
     2             3              1.00021     (  0.13925,     1.86116) **
     3          Epsilon           0.00010     (     zero,    infinity)
     3          Delta             0.41008     (     zero,     0.86345) **
     2          Gamma             0.68318     (  0.01678,     1.34958) **

     *  = significantly positive, P &lt; 0.05
     ** = significantly positive, P &lt; 0.01


</pre>
</td></tr></table><p>
<p><h3>File: proml.treefile</h3>
<table width="90%"><tr><td bgcolor="#CCFFCC">
<pre>
(Beta:0.00010,((Epsilon:0.00010,Delta:0.41008):1.00021,
Gamma:0.68318):0.22118,Alpha:0.30915);
</pre>
</td></tr></table><p>
