
<a name="output.1"></a>
<h3>Output files for usage example </h3>
<p><h3>File: promlk.fpromlk</h3>
<table width="90%"><tr><td bgcolor="#CCFFCC">
<pre>

Amino acid sequence
   Maximum Likelihood method with molecular clock, version 3.6b

Jones-Taylor-Thornton model of amino acid change





                                         +-----------Epsilon   
  +--------------------------------------4  
  !                                      +-----------Delta     
--3  
  !                     +----------------------------Gamma     
  +---------------------2  
                        !                   +--------Beta      
                        +-------------------1  
                                            +--------Alpha     


Ln Likelihood =  -134.75201

 Ancestor      Node      Node Height     Length
 --------      ----      ---- ------     ------
 root            3      
   3             4          0.66099      0.66099
   4          Epsilon       0.85359      0.19260
   4          Delta         0.85359      0.19260
   3             2          0.36919      0.36919
   2          Gamma         0.85359      0.48440
   2             1          0.69651      0.32732
   1          Beta          0.85359      0.15708
   1          Alpha         0.85359      0.15708




</pre>
</td></tr></table><p>
<p><h3>File: promlk.treefile</h3>
<table width="90%"><tr><td bgcolor="#CCFFCC">
<pre>
((Epsilon:0.19260,Delta:0.19260):0.66099,(Gamma:0.48440,
(Beta:0.15708,Alpha:0.15708):0.32732):0.36919);
</pre>
</td></tr></table><p>
