
<a name="output.1"></a>
<h3>Output files for usage example </h3>
<p><h3>File: restml.frestml</h3>
<table width="90%"><tr><td bgcolor="#CCFFCC">
<pre>

Restriction site Maximum Likelihood method, version 3.6b


  Recognition sequences all 6 bases long

Sites absent from all species are assumed to have been omitted




  +----Gamma     
  |  
  |     +Epsilon   
  |  +--3  
  1--2  +Delta     
  |  |  
  |  +Beta      
  |  
  +Alpha     


remember: this is an unrooted tree!

Ln Likelihood =   -40.34358

 
 Between        And            Length      Approx. Confidence Limits
 -------        ---            ------      ------- ---------- ------
   1          Gamma           0.10813     (  0.01154,     0.21901) **
   1             2            0.01156     (     zero,     0.04578)
   2             3            0.05885     (     zero,     0.12697) **
   3          Epsilon         0.00100     (     zero,     0.00617)
   3          Delta           0.01460     (     zero,     0.05036)
   2          Beta            0.00100     (     zero,    infinity)
   1          Alpha           0.01310     (     zero,     0.04806)

     *  = significantly positive, P &lt; 0.05
     ** = significantly positive, P &lt; 0.01


</pre>
</td></tr></table><p>
<p><h3>File: restml.treefile</h3>
<table width="90%"><tr><td bgcolor="#CCFFCC">
<pre>
(Gamma:0.10813,((Epsilon:0.00100,Delta:0.01460):0.05885,
Beta:0.00100):0.01156,Alpha:0.01310);
</pre>
</td></tr></table><p>
