
<a name="output.1"></a>
<h3>Output files for usage example </h3>
<p><h3>File: restboot.frestboot</h3>
<table width="90%"><tr><td bgcolor="#CCFFCC">
<pre>
    5    13
Alpha     +--++-+++- -++
Beta      +++++----- -++
Gamma     -----+---+ +++
Delta     +--++----- -+-
Epsilon   +++++----- -+-
    5    13
Alpha     ++----+++- +++
Beta      +++-----+- +++
Gamma     -+-+++--++ ++-
Delta     ++-------- ++-
Epsilon   +++------- ++-
    5    13
Alpha     ++++++-+++ ---
Beta      ++++++-+++ ---
Gamma     --++-++--- +++
Delta     +++++----- ---
Epsilon   +++++----- ---
    5    13
Alpha     ++++-+++++ ---
Beta      ++-+-+++++ ---
Gamma     ---+-++--- +++
Delta     ++--+++--- ---
Epsilon   ++--+++--- ---
    5    13
Alpha     +-+++-++++ +--
Beta      +++++-++++ +--
Gamma     ----+----- +++
Delta     +-++-+---- ---
Epsilon   ++++-+---- ---
    5    13
Alpha     +++------- +++
Beta      +++------- +++
Gamma     +--++++++- +-+
Delta     +++------+ +--
Epsilon   +++------+ +--
    5    13
Alpha     ++++-+--++ ++-
Beta      ++++----++ ++-
Gamma     --+++---+- -++
Delta     ++++--+++- ---
Epsilon   ++++--+++- ---
    5    13
Alpha     +--+---+++ +--
Beta      ++++---+++ +--
Gamma     ----++-+-+ +++
Delta     +--+--++-- ---
Epsilon   ++++--++-- ---
    5    13
Alpha     +++--++--+ ++-


<font color=red>  [Part of this file has been deleted for brevity]</font>

Gamma     -+--++-+++ -++
Delta     ++++------ +++
Epsilon   ++++------ +++
    5    13
Alpha     +++---+-++ +++
Beta      +++---+-++ +++
Gamma     ---++++-++ -++
Delta     +++----+++ ---
Epsilon   +++----+++ ---
    5    13
Alpha     ++++--+--+ +--
Beta      +++++----+ +--
Gamma     ---+-+-+++ +++
Delta     ++++-----+ +--
Epsilon   +++++----+ +--
    5    13
Alpha     +-----+--- +++
Beta      +++++++--- +++
Gamma     +------+++ +--
Delta     +-----+--- +--
Epsilon   +++++++--- +--
    5    13
Alpha     +-++--+-++ +--
Beta      ++++--+-++ +--
Gamma     +---++++-- -++
Delta     +-++------ ---
Epsilon   ++++------ ---
    5    13
Alpha     +++-+-++++ ++-
Beta      +++---++++ ++-
Gamma     --++--++-- +++
Delta     +++--+++-- ---
Epsilon   +++--+++-- ---
    5    13
Alpha     ++-+++--++ +--
Beta      +++-++--++ +--
Gamma     ----+++--- +++
Delta     ++-----+-- ---
Epsilon   +++----+-- ---
    5    13
Alpha     +---++---- ++-
Beta      ++---+---- ++-
Gamma     --++-+---- -++
Delta     +-----++++ ---
Epsilon   ++----++++ ---
    5    13
Alpha     +++-++++-+ +++
Beta      +++++----+ +++
Gamma     -++------+ +++
Delta     +++-+---++ ---
Epsilon   +++++---++ ---
</pre>
</td></tr></table><p>
