
<a name="output.1"></a>
<h3>Output files for usage example </h3>
<p><h3>File: seqboot.fseqboot</h3>
<table width="90%"><tr><td bgcolor="#CCFFCC">
<pre>
    5     6
Alpha      AAACCA
Beta       AAACCC
Gamma      ACCCCA
Delta      CCCAAC
Epsilon    CCCAAA
    5     6
Alpha      AAACAA
Beta       AAACCC
Gamma      ACCCAA
Delta      CCCACC
Epsilon    CCCAAA
    5     6
Alpha      AAAAAC
Beta       AAACCC
Gamma      AACAAC
Delta      CCCCCA
Epsilon    CCCAAC
    5     6
Alpha      CCCCCA
Beta       CCCCCC
Gamma      CCCCCA
Delta      AAAAAC
Epsilon    AAAAAA
    5     6
Alpha      AAAACC
Beta       AAACCC
Gamma      AACACC
Delta      CCCCAA
Epsilon    CCCACC
    5     6
Alpha      AAAACC
Beta       ACCCCC
Gamma      AAAACC
Delta      CCCCAA
Epsilon    CAAACC
    5     6
Alpha      AACCAA
Beta       AACCCC
Gamma      ACCCAA
Delta      CCAACC
Epsilon    CCAAAA
    5     6
Alpha      AAAACC
Beta       ACCCCC
Gamma      AAAACC
Delta      CCCCAA
Epsilon    CAAACC
    5     6
Alpha      AACACC


<font color=red>  [Part of this file has been deleted for brevity]</font>

Gamma      ACAAAA
Delta      CCCCCC
Epsilon    CCAAAA
    5     6
Alpha      AACAAC
Beta       AACCCC
Gamma      AACAAC
Delta      CCACCA
Epsilon    CCAAAC
    5     6
Alpha      AACAAA
Beta       AACCCC
Gamma      CCCAAA
Delta      CCACCC
Epsilon    CCAAAA
    5     6
Alpha      ACAAAA
Beta       ACCCCC
Gamma      CCAAAA
Delta      CACCCC
Epsilon    CAAAAA
    5     6
Alpha      CAAAAA
Beta       CCCCCC
Gamma      CAAAAA
Delta      ACCCCC
Epsilon    AAAAAA
    5     6
Alpha      CAACCC
Beta       CCCCCC
Gamma      CAACCC
Delta      ACCAAA
Epsilon    AAACCC
    5     6
Alpha      ACAACC
Beta       ACCCCC
Gamma      ACAACC
Delta      CACCAA
Epsilon    CAAACC
    5     6
Alpha      AAAAAA
Beta       AAAAAC
Gamma      ACCCCA
Delta      CCCCCC
Epsilon    CCCCCA
    5     6
Alpha      AACAAC
Beta       AACCCC
Gamma      CCCAAC
Delta      CCACCA
Epsilon    CCAAAC
</pre>
</td></tr></table><p>
