
<a name="output.1"></a>
<h3>Output files for usage example </h3>
<p><h3>File: treedist.ftreedistpair</h3>
<table width="90%"><tr><td bgcolor="#CCFFCC">
<pre>
1 13 0.000000e+00
1 14 2.000000e-01
1 15 1.414214e-01
1 16 3.162278e-01
1 17 3.162278e-01
1 18 3.162278e-01
1 19 3.162278e-01
1 20 3.162278e-01
1 21 3.162278e-01
1 22 3.162278e-01
1 23 1.414214e-01
1 24 3.162278e-01
2 13 2.000000e-01
2 14 0.000000e+00
2 15 1.414214e-01
2 16 3.162278e-01
2 17 2.828427e-01
2 18 3.162278e-01
2 19 2.828427e-01
2 20 3.162278e-01
2 21 2.828427e-01
2 22 3.162278e-01
2 23 1.414214e-01
2 24 3.162278e-01
3 13 1.414214e-01
3 14 1.414214e-01
3 15 0.000000e+00
3 16 3.162278e-01
3 17 3.162278e-01
3 18 3.162278e-01
3 19 3.162278e-01
3 20 3.162278e-01
3 21 3.162278e-01
3 22 3.162278e-01
3 23 0.000000e+00
3 24 3.162278e-01
4 13 3.162278e-01
4 14 3.162278e-01
4 15 3.162278e-01
4 16 0.000000e+00
4 17 1.414214e-01
4 18 1.414214e-01
4 19 2.000000e-01
4 20 1.414214e-01
4 21 2.000000e-01
4 22 0.000000e+00
4 23 3.162278e-01
4 24 1.414214e-01
5 13 3.162278e-01
5 14 2.828427e-01


<font color=red>  [Part of this file has been deleted for brevity]</font>

20 10 1.414214e-01
20 11 3.162278e-01
20 12 0.000000e+00
21 1 3.162278e-01
21 2 2.828427e-01
21 3 3.162278e-01
21 4 2.000000e-01
21 5 1.414214e-01
21 6 2.000000e-01
21 7 1.414214e-01
21 8 1.414214e-01
21 9 0.000000e+00
21 10 2.000000e-01
21 11 3.162278e-01
21 12 1.414214e-01
22 1 3.162278e-01
22 2 3.162278e-01
22 3 3.162278e-01
22 4 0.000000e+00
22 5 1.414214e-01
22 6 1.414214e-01
22 7 2.000000e-01
22 8 1.414214e-01
22 9 2.000000e-01
22 10 0.000000e+00
22 11 3.162278e-01
22 12 1.414214e-01
23 1 1.414214e-01
23 2 1.414214e-01
23 3 0.000000e+00
23 4 3.162278e-01
23 5 3.162278e-01
23 6 3.162278e-01
23 7 3.162278e-01
23 8 3.162278e-01
23 9 3.162278e-01
23 10 3.162278e-01
23 11 0.000000e+00
23 12 3.162278e-01
24 1 3.162278e-01
24 2 3.162278e-01
24 3 3.162278e-01
24 4 1.414214e-01
24 5 2.000000e-01
24 6 1.414214e-01
24 7 2.000000e-01
24 8 0.000000e+00
24 9 1.414214e-01
24 10 1.414214e-01
24 11 3.162278e-01
24 12 0.000000e+00
</pre>
</td></tr></table><p>
