
<a name="output.1"></a>
<h3>Output files for usage example </h3>
<p><h3>File: test.esignalp</h3>
<table width="90%"><tr><td bgcolor="#CCFFCC">
<pre>
*********************** SignalP 3.0 predictions ***********************
Using neural networks (NN) and hidden Markov models (HMM) trained on eukaryotes

----------------------------------------------------------------------
&gt;14KD_DAUCA

SignalP-NN result:
&gt;14KD_DAUCA            length = 70

# pos  aa    C       S       Y
    1   M   0.008   0.666   0.000
    2   G   0.008   0.759   0.000
    3   S   0.008   0.594   0.000
    4   K   0.008   0.583   0.000
    5   N   0.008   0.652   0.000
    6   S   0.008   0.700   0.000
    7   A   0.008   0.662   0.000
    8   S   0.008   0.861   0.000
    9   V   0.008   0.859   0.000
   10   A   0.008   0.891   0.000
   11   L   0.008   0.895   0.000
   12   F   0.011   0.628   0.000
   13   F   0.008   0.916   0.000
   14   T   0.008   0.922   0.000
   15   L   0.009   0.837   0.000
   16   N   0.008   0.910   0.000
   17   I   0.009   0.969   0.024
   18   L   0.009   0.982   0.038
   19   F   0.010   0.965   0.051
   20   F   0.013   0.958   0.067
   21   A   0.028   0.925   0.110
   22   L   0.049   0.906   0.158
   23   V   0.026   0.925   0.123
   24   S   0.023   0.919   0.121
   25   S   0.049   0.924   0.188
   26   T   0.681   0.826   0.731
   27   E   0.304   0.350   0.511
   28   K   0.054   0.291   0.214
   29   C   0.178   0.070   0.381
   30   P   0.029   0.041   0.150
   31   D   0.063   0.032   0.211
   32   P   0.009   0.017   0.077
   33   Y   0.017   0.014   0.099
   34   K   0.011   0.010   0.076
   35   P   0.008   0.009   0.061
   36   K   0.027   0.013   0.100
   37   P   0.008   0.013   0.049
   38   K   0.009   0.013   0.046
   39   P   0.008   0.011   0.037
   40   T   0.008   0.003   0.030


<font color=red>  [Part of this file has been deleted for brevity]</font>

   26   T   0.704   0.281   0.000   0.001   0.281
   27   E   0.280   0.001   0.000   0.000   0.001
   28   K   0.000   0.001   0.000   0.000   0.001
   29   C   0.000   0.001   0.000   0.000   0.001
   30   P   0.000   0.001   0.000   0.000   0.001
   31   D   0.001   0.000   0.000   0.000   0.000
   32   P   0.000   0.000   0.000   0.000   0.000
   33   Y   0.000   0.000   0.000   0.000   0.000
   34   K   0.000   0.000   0.000   0.000   0.000
   35   P   0.000   0.000   0.000   0.000   0.000
   36   K   0.000   0.000   0.000   0.000   0.000
   37   P   0.000   0.000   0.000   0.000   0.000
   38   K   0.000   0.000   0.000   0.000   0.000
   39   P   0.000   0.000   0.000   0.000   0.000
   40   T   0.000   0.000   0.000   0.000   0.000
   41   P   0.000   0.000   0.000   0.000   0.000
   42   K   0.000   0.000   0.000   0.000   0.000
   43   P   0.000   0.000   0.000   0.000   0.000
   44   T   0.000   0.000   0.000   0.000   0.000
   45   P   0.000   0.000   0.000   0.000   0.000
   46   T   0.000   0.000   0.000   0.000   0.000
   47   P   0.000   0.000   0.000   0.000   0.000
   48   Y   0.000   0.000   0.000   0.000   0.000
   49   P   0.000   0.000   0.000   0.000   0.000
   50   S   0.000   0.000   0.000   0.000   0.000
   51   A   0.000   0.000   0.000   0.000   0.000
   52   G   0.000   0.000   0.000   0.000   0.000
   53   K   0.000   0.000   0.000   0.000   0.000
   54   C   0.000   0.000   0.000   0.000   0.000
   55   P   0.000   0.000   0.000   0.000   0.000
   56   R   0.000   0.000   0.000   0.000   0.000
   57   D   0.000   0.000   0.000   0.000   0.000
   58   A   0.000   0.000   0.000   0.000   0.000
   59   L   0.000   0.000   0.000   0.000   0.000
   60   K   0.000   0.000   0.000   0.000   0.000
   61   L   0.000   0.000   0.000   0.000   0.000
   62   G   0.000   0.000   0.000   0.000   0.000
   63   V   0.000   0.000   0.000   0.000   0.000
   64   C   0.000   0.000   0.000   0.000   0.000
   65   A   0.000   0.000   0.000   0.000   0.000
   66   D   0.000   0.000   0.000   0.000   0.000
   67   V   0.000   0.000   0.000   0.000   0.000
   68   L   0.000   0.000   0.000   0.000   0.000
   69   N   0.000   0.000   0.000   0.000   0.000
   70   L   0.000   0.000   0.000   0.000   0.000
&gt;14KD_DAUCA
Prediction: Signal peptide
Signal peptide probability: 0.990
Signal anchor probability: 0.008
Max cleavage site probability: 0.704 between pos. 25 and 26

</pre>
</td></tr></table><p>
