
<a name="output.1"></a>
<h3>Output files for usage example </h3>
<p><h3>File: outfile.ohmmfetch</h3>
<table width="90%"><tr><td bgcolor="#CCFFCC">
<pre>
HMMER2.0
NAME  7LES_DROME/1799-1891
ACC   
DESC  
LENG  84
ALPH  Amino
RF    yes
CS    yes
MAP   yes
COM   ohmmbuild ../../data/hmm/fn3.slx -sf selex fn3.hmm
COM   ohmmcalibrate myhmms -seed 1079460101
NSEQ  109
DATE  Thu Jul 15 12:00:00 2010
CKSUM 4633
XT      -8455     -4      0      *  -8455     -4      0      * 
NULT      -4  -8455
NULE     595  -1558     85    338   -294    453  -1158    197    249    902  -1085   -142    -21   -313     45    531    201    384  -1998   -644 
EVD    -7.797886   0.598186
HMM        A      C      D      E      F      G      H      I      K      L      M      N      P      Q      R      S      T      V      W      Y    
         m-&gt;m   m-&gt;i   m-&gt;d   i-&gt;m   i-&gt;i   d-&gt;m   d-&gt;d   b-&gt;m   m-&gt;e
          -13      *  -6794
     1  -1696  -4266  -5468   -857  -4249  -2813  -1464   -707  -2361    323  -3458  -4826   3646  -1897  -4829  -1261  -1335   -180  -4697  -1445     1
     P   -149   -500    233     43   -381    399    106   -626    210   -466   -720    275    394     45     96    359    117   -369   -294   -249 
     P     -9 -11957 -12999   -894  -1115   -701  -1378  -1013  -7375 
     2   -661  -5430   1594   -484  -5749    356  -3594  -5499  -1902   -454  -4519   -541   1746  -1534  -3682   1881   -218  -1175  -5614  -1565     2
     S   -149   -500    233     43   -381    399    106   -626    210   -466   -720    275    394     45     96    359    117   -369   -294   -249 
     S     -9 -11957 -12999   -894  -1115   -701  -1378  -7388  -7366 
     3   1863  -5433  -1246     26  -5754   -787  -3592  -5505    174  -2261  -4522   -578   2069    517    -53    117   -885   -568  -5616  -1862     3
     P   -149   -500    233     43   -381    399    106   -626    210   -466   -720    275    394     45     96    359    117   -369   -294   -249 
     P     -9 -11957 -12999   -894  -1115   -701  -1378  -7388  -7358 
     4   -933  -4330  -2306  -2375  -4321  -5548  -4342   -197  -4555  -1694  -3520  -1961   3679  -1767  -2193  -4571  -2165   1336  -4755  -4362     4
     P   -149   -500    233     43   -381    399    106   -626    210   -466   -720    275    394     45     96    359    117   -369   -294   -249 
     P     -9 -11957 -12999   -894  -1115   -701  -1378  -7388  -7349 
     5  -1820  -5403  -2308    327   -457    168   -395  -1516   -104   -520   -384  -3583   1306   1270   1192    730    882  -1087  -5594  -1860     5
     R   -149   -500    233     43   -381    399    106   -626    210   -466   -720    275    394     45     96    359    117   -369   -294   -249 
     R     -9 -11957 -12999   -894  -1115   -701  -1378  -7388  -7340 
     6   -982   -749   1190  -1011  -1118   1264   -288   -624   -762  -1316  -4520   2373  -1293    508    144  -1253    226  -5052   -320  -1913     6
     N   -149   -500    233     43   -381    399    106   -626    210   -466   -720    275    394     45     96    359    117   -369   -294   -249 
     N     -9 -11957 -12999   -894  -1115   -701  -1378  -7388  -7331 
     7   -970  -4169   -164   -707    -29  -1178  -4516    340  -5043   1932    627    101    392   -968  -2232  -4736  -2233   1416  -4614  -4253     7
     F   -149   -500    233     43   -381    399    106   -626    210   -466   -720    275    394     45     96    359    117   -369   -294   -249 
     F    -10 -11957 -12999   -894  -1115   -701  -1378  -7388  -7322 
     8  -1777  -5430  -1395   -133   -485  -1202   1638   -150    523   -314  -4519  -1070   -385    709   1029    806    906    500  -5614  -4932     8
     S   -149   -500    233     43   -381    399    106   -626    210   -466   -720    275    394     45     96    359    117   -369   -294   -249 
     S    -10 -11957 -12999   -894  -1115   -701  -1378  -7388  -7313 
     9   1184    673  -6214  -5601   1588  -1269   -129    561   -975  -1205  -1064  -2147  -1311    219   -852   -479     57   1890  -4575  -4223     9
     V   -149   -500    233     43   -381    399    106   -626    210   -466   -720    275    394     45     96    359    117   -369   -294   -249 
     V    -10 -11957 -12999   -894  -1115   -701  -1378  -7388  -7304 
    10   -618  -1044   -126    168  -1034  -1670  -1237   -302    -47   -169    624   -828  -5103   -865   -727   1021   1874    314    666  -1660    10
     R   -149   -500    233     43   -381    399    106   -626    210   -466   -720    275    394     45     96    359    117   -369   -294   -249 


<font color=red>  [Part of this file has been deleted for brevity]</font>

     L   -149   -500    233     43   -381    399    106   -626    210   -466   -720    275    394     45     96    359    117   -369   -294   -249 
     L    -15 -11962 -13005   -894  -1115   -701  -1378  -7388  -6629 
    69   -645  -5232   -939   -311  -1078   -782    721    -14   -492    117  -1380   -207   -362   -823   -816  -1588    891   1565   -653   1726    69
     T   -149   -500    233     43   -381    399    106   -626    210   -466   -720    275    394     45     96    359    117   -369   -294   -249 
     T    -15 -11963 -13005   -894  -1115   -701  -1378  -7388  -6615 
    70  -1242  -5312  -1984    113    120   -863  -1160    990  -1267  -1243  -1439     50   -847   -482    -53   -440    833   1161  -5528   2253    70
     G   -149   -500    233     43   -381    399    106   -626    210   -466   -720    275    394     45     96    359    117   -369   -294   -249 
     G    -15 -11963 -13005   -894  -1115   -701  -1378  -7388  -6600 
    71    389   -833  -5037   -379    370  -2577   -134    648     -1   -567  -1025    121   -374    -49  -2256    -99     73   1074   -409   1922    71
     I   -149   -500    233     43   -381    399    106   -626    210   -466   -720    275    394     45     96    359    117   -369   -294   -249 
     I    -15 -11963 -13005   -894  -1115   -701  -1378  -7388  -6585 
    72   -627   -771   -901  -1177   -501   -530  -1293    500  -1377   -124  -1058   -592  -2238  -1896    157    537    745   1518   -353   1520    72
     K   -149   -500    233     43   -381    399    106   -626    210   -466   -720    275    394     45     96    359    117   -369   -294   -249 
     K    -16 -11949 -12991   -894  -1115   -701  -1378  -7388  -6570 
    73    378   -847    212  -2070   1079   -753    695  -1019    521  -1649   -344  -1083  -2171   1255   -148   -328   -460   1208  -5536   1038    73
     P   -149   -500    233     43   -381    399    106   -626    210   -466   -720    275    394     45     96    359    117   -369   -294   -249 
     P    -16 -11949 -12991   -894  -1115   -701  -1378  -7388  -6555 
    74    507  -5402   -797   -880  -1233   -552  -1049    142    353    108  -4493  -1060   -363   -910   1340    288      8   1131  -5590  -1612    74
     G   -149   -500    233     43   -381    399    106   -626    210   -466   -720    275    394     45     96    359    117   -369   -294   -249 
     G    -16 -11949 -12991   -894  -1115   -701  -1378  -7388  -6539 
    75    277  -5371    181   -988   -138    -99   -993    163    -33   -600  -1239     21  -1212   -834    156    585  -1584   1468  -5568    766    75
     S   -149   -500    233     43   -381    399    106   -626    210   -466   -720    275    394     45     96    359    117   -369   -294   -249 
     S    -16 -11937 -12979   -894  -1115   -701  -1378  -7388  -6524 
    76    381  -5386   -508   -562   -582    254   -396  -1055  -1359  -1310  -1371    897   -898   1006    773    519     83    225   -291   1066    76
     G   -149   -500    233     43   -381    399    106   -626    210   -466   -720    275    394     45     96    359    117   -369   -294   -249 
     G    -16 -11937 -12979   -894  -1115   -701  -1378  -7388  -6508 
    77    822  -5403   -839    -53   -511    341    522    -39    362   -536  -4493    286  -2102    787   -117   -266    188     65  -5587    716    77
     Y   -149   -500    233     43   -381    399    106   -626    210   -466   -720    275    394     45     96    359    117   -369   -294   -249 
     Y    -16 -11923 -12965   -894  -1115   -701  -1378  -7388  -6492 
    78   -199  -5391  -1182    519  -1162    281  -1208  -2420     38   -936    550    942  -1205    940    749    818   -657    134  -5575    514    78
     S   -149   -500    233     43   -381    399    106   -626    210   -466   -720    275    394     45     96    359    117   -369   -294   -249 
     S    -17 -11809 -12851   -894  -1115   -701  -1378  -7388  -6476 
    79    304  -5284   -326    175   -323     84    553   -861   -348  -2876    -76   1272   -636     13    946    774   -124    -94  -5468   -505    79
     L   -149   -500    233     43   -381    399    106   -626    210   -466   -720    275    394     45     96    359    117   -369   -294   -249 
     L    -17 -11721 -12763   -894  -1115   -701  -1378  -7388  -6459 
    80   -372   -695  -1107    704  -1874    604    -71   -329   -277  -1413  -4278  -1534  -1077    769   -106   1263     93   -537    823   1301    80
     W   -149   -500    233     43   -381    399    106   -626    210   -466   -720    275    394     45     96    359    117   -369   -294   -249 
     W    -17 -11526 -12568   -894  -1115   -701  -1378  -7388  -6443 
    81    712    630   -832    129  -1696   1120    196    111   -410  -2601    164  -1425   -420  -1191    119    288    468    -54    -81    517    81
     V   -149   -500    233     43   -381    399    106   -626    210   -466   -720    275    394     45     96    359    117   -369   -294   -249 
     V    -18 -11366 -12408   -894  -1115   -701  -1378  -7388  -6426 
    82    412  -4862   -632      3      2   1822  -3033  -1933  -1326  -1074  -3953      7   -755   -197   -616    639   1164  -1954  -5048   -136    82
     Q   -149   -500    233     43   -381    399    106   -626    210   -466   -720    275    394     45     96    359    117   -369   -294   -249 
     Q    -18 -11259 -12301   -894  -1115   -701  -1378  -7388  -6409 
    83    103    -37  -1573    717   -453    590   -307   -527   -647  -1470  -3752    517   -668  -2535    809    999     89   -180    249    499    83
     A   -149   -500    233     43   -381    399    106   -626    210   -466   -720    275    394     45     96    359    117   -369   -294   -249 
     A    -18 -11103 -12145   -894  -1115   -701  -1378  -7388  -6392 
    84   -874  -4613  -1270    516   -436   1583   -196     21  -1132  -2164  -3704    224   -491    482  -1101   1177   -117   -389    406      2    84
     H      *      *      *      *      *      *      *      *      *      *      *      *      *      *      *      *      *      *      *      * 
     H      *      *      *      *      *      *      *  -7388      0 
//
</pre>
</td></tr></table><p>
