
<a name="output.1"></a>
<h3>Output files for usage example </h3>
<p><h3>File: globin.hmm</h3>
<table width="90%"><tr><td bgcolor="#CCFFCC">
<pre>
HMMER2.0
NAME  GLB2_MORMR
ACC   
DESC  
LENG  146
ALPH  Amino
RF    yes
CS    yes
MAP   yes
COM   ohmmbuild ../../data/hmm/globins50.msf globin.hmm -auto
NSEQ  50
DATE  Thu Jul 15 12:00:00 2010
CKSUM 5854
XT      -8455     -4      0      *  -8455     -4      0      * 
NULT      -4  -8455
NULE     595  -1558     85    338   -294    453  -1158    197    249    902  -1085   -142    -21   -313     45    531    201    384  -1998   -644 
HMM        A      C      D      E      F      G      H      I      K      L      M      N      P      Q      R      S      T      V      W      Y    
         m-&gt;m   m-&gt;i   m-&gt;d   i-&gt;m   i-&gt;i   d-&gt;m   d-&gt;d   b-&gt;m   m-&gt;e
          -93      *  -4000
     1  -1967  -2271  -4498  -4217  -3055   1639  -3307  -2518  -3920  -2945   2068  -3352    193  -3569  -3796    257  -2222   2801  -3514  -3205     1
     P   -149   -500    233     43   -381    399    106   -626    210   -466   -720    275    394     45     96    359    117   -369   -294   -249 
     P     -9  -9065 -10107   -894  -1115   -701  -1378  -1093  -8180 
     2  -1670  -1776    -76  -2279   1025  -3037   3194    232    -52   1914   -955  -2245  -3102  -1004  -2223  -2065  -1610  -1207  -2178  -1775     2
     I   -149   -500    233     43   -381    399    106   -626    210   -466   -720    275    394     45     96    359    117   -369   -294   -249 
     I     -9  -9065 -10107   -894  -1115   -701  -1378  -8273  -8175 
     3  -1713  -1550  -3992  -3365    801  -3249  -2111  -1027  -2974    762   -736  -2876  -3301  -2606  -2796   1725   1747    269   3309  -1618     3
     V   -149   -500    233     43   -381    399    106   -626    210   -466   -720    275    394     45     96    359    117   -369   -294   -249 
     V     -9  -9065 -10107   -894  -1115   -701  -1378  -8273  -8170 
     4   1140  -2941   1606    792  -3253  -2463  -1127   -278    -63  -2954  -2034  -1102   -473   -671  -1220    572   1661  -2558  -3131  -2454     4
     D   -149   -500    233     43   -381    399    106   -626    210   -466   -720    275    394     45     96    359    117   -369   -294   -249 
     D     -9  -9065 -10107   -894  -1115   -701  -1378  -8273  -8165 
     5   1794  -2944    -65   -235  -3261    829  -1114   -284   1649  -2958  -2034   -134  -1104   -656  -1204     60   -589  -2564  -3130  -2449     5
     S   -149   -500    233     43   -381    399    106   -626    210   -466   -720    275    394     45     96    359    117   -369   -294   -249 
     S     -9  -9065 -10107   -894  -1115   -701  -1378  -8273  -8160 
     6  -1748  -3220   1958   2253  -3519    172  -1355  -3271   -993   -829  -2323  -1243  -2761   1731  -1518  -1165  -1696   -335  -3410  -2713     6
     G   -149   -500    233     43   -381    399    106   -626    210   -466   -720    275    394     45     96    359    117   -369   -294   -249 
     G     -9  -9065 -10107   -894  -1115   -701  -1378  -8273  -8155 
     7   -173  -2945   -205   2098  -3264  -2452  -1111   -302   1817  -2960  -2035    433  -2545   -652   -261    -62  -1417  -2566   2430  -2449     7
     S   -149   -500    233     43   -381    399    106   -626    210   -466   -720    275    394     45     96    359    117   -369   -294   -249 
     S     -9  -9065 -10107   -894  -1115   -701  -1378  -8273  -8150 
     8    933  -2910  -1344   -795  -3214  -1181  -1120  -2952   2227   -837  -2004   -157  -2553   1184   -129    241    381   -316  -3104  -2432     8
     V   -149   -500    233     43   -381    399    106   -626    210   -466   -720    275    394     45     96    359    117   -369   -294   -249 
     V     -9  -9065 -10107   -894  -1115   -701  -1378  -8273  -8145 
     9   1054   1483  -2717  -2142  -1752  -2967  -1753   -661   -506    965    533   1919  -3033    494  -2159    300   -763    120  -2182  -1788     9
     S   -149   -500    233     43   -381    399    106   -626    210   -466   -720    275    394     45     96    359    117   -369   -294   -249 
     S     -9  -9065 -10107   -894  -1115   -701  -1378  -8273  -8140 
    10    475   -184  -3984   -927  -1458  -3217  -2087    964  -2953    185   -705  -2852     14  -2583  -2766  -2300   -535   2595   1896  -1619    10
     P   -149   -500    233     43   -381    399    106   -626    210   -466   -720    275    394     45     96    359    117   -369   -294   -249 
     P     -9  -9065 -10107   -894  -1115   -701  -1378  -8273  -8134 
    11   -171  -2034  -2133  -1572  -2075  -2788  -1524   1191   1414    546  -1206    859  -2865    894  -1789    -14   -603   1034  -2415  -1962    11


<font color=red>  [Part of this file has been deleted for brevity]</font>

     G   -149   -500    233     43   -381    399    106   -626    210   -466   -720    275    394     45     96    359    117   -369   -294   -249 
     G    -13  -9069 -10111   -894  -1115   -701  -1378  -8273  -7331 
   131   1046  -2920    936    659  -3228  -2456  -1116  -1039    363  -2931   1609   -673  -2549   2249  -1206   -311   -848    236  -3111  -2436   131
     D   -149   -500    233     43   -381    399    106   -626    210   -466   -720    275    394     45     96    359    117   -369   -294   -249 
     D    -13  -9069 -10111   -894  -1115   -701  -1378  -8273  -7322 
   132   1525  -2380  -1743  -1189  -2505  -2643  -1343    -80   2077  -2311  -1534   -729  -2731    501  -1500   -603   -889   1459  -2705  -2176   132
     A   -149   -500    233     43   -381    399    106   -626    210   -466   -720    275    394     45     96    359    117   -369   -294   -249 
     A    -13  -9069 -10111   -894  -1115   -701  -1378  -8273  -7313 
   133    738  -1513  -3848  -3222   -198    361  -2054    325    428   1007   -714  -2784  -3243  -2505  -2708    324  -1602   1238  -1968   1351   133
     G   -149   -500    233     43   -381    399    106   -626    210   -466   -720    275    394     45     96    359    117   -369   -294   -249 
     G    -13  -9069 -10111   -894  -1115   -701  -1378  -8273  -7304 
   134    987   1437    598    -22    375   -425  -1546   -562  -1482  -1887    629    128  -2881  -1372  -1826   -262    958   1290  -2386  -1941   134
     F   -149   -500    233     43   -381    399    106   -626    210   -466   -720    275    394     45     96    359    117   -369   -294   -249 
     F    -13  -9069 -10111   -894  -1115   -701  -1378  -8273  -7295 
   135   1231  -2587  -1541    216  -2769    193  -1233  -2428    -54    355  -1715   -467  -2642   -839   -418    386  -1448   1716  -2861  -2275   135
     E   -149   -500    233     43   -381    399    106   -626    210   -466   -720    275    394     45     96    359    117   -369   -294   -249 
     E    -13  -9069 -10111   -894  -1115   -701  -1378  -8273  -7285 
   136    606  -2680    165    660  -2889    865  -1213  -2564    326   1588  -1802  -1227  -2627   -803  -1338  -1459   -507     11  -2936  -2329   136
     K   -149   -500    233     43   -381    399    106   -626    210   -466   -720    275    394     45     96    359    117   -369   -294   -249 
     K    -13  -9069 -10111   -894  -1115   -701  -1378  -8273  -7276 
   137    804  -1523  -4031  -3398  -1482  -3248  -2124    348  -2998   1327   -725  -2891  -3297  -2625  -2804  -1588   1321   1922   1901  -1649   137
     L   -149   -500    233     43   -381    399    106   -626    210   -466   -720    275    394     45     96    359    117   -369   -294   -249 
     L    -13  -9069 -10111   -894  -1115   -701  -1378  -8273  -7267 
   138   1808  -1941  -2321    901    973   -408  -1613  -1543  -1607  -1831   1197  -1869  -2928  -1483  -1921    869    632     -3  -2347  -1916   138
     M   -149   -500    233     43   -381    399    106   -626    210   -466   -720    275    394     45     96    359    117   -369   -294   -249 
     M    -13  -9069 -10111   -894  -1115   -701  -1378  -8273  -7257 
   139   1340  -2950   -394    203  -3271  -2451   1896  -1633   1977  -2966  -2040   1016  -2545   -650    779    -62  -1417  -2572  -3134  -2451   139
     S   -149   -500    233     43   -381    399    106   -626    210   -466   -720    275    394     45     96    359    117   -369   -294   -249 
     S    -13  -9069 -10111   -894  -1115   -701  -1378  -8273  -7248 
   140   1476  -2348  -1739    120  -2460  -2637  -1336    497    345  -2272   1946    710  -2722  -1006  -1512   -916    102  -1854  -2672   2397   140
     M   -149   -500    233     43   -381    399    106   -626    210   -466   -720    275    394     45     96    359    117   -369   -294   -249 
     M    -14  -9069 -10111   -894  -1115   -701  -1378  -8273  -7238 
   141  -1642  -1910    588  -1926    393  -2933  -1677    165   1129   1319  -1086  -1997  -3002  -1605   1807  -1932  -1580  -1356  -2286   1485   141
     I   -149   -500    233     43   -381    399    106   -626    210   -466   -720    275    394     45     96    359    117   -369   -294   -249 
     I    -15  -8608  -9650   -894  -1115   -701  -1378  -8273  -7229 
   142   1542   1691    488   -582  -2626   -279   -862    506   1171  -2375   -136   -872  -2282   -440    468    312  -1114  -1970  -2642  -2022   142
     C   -149   -500    233     43   -381    399    106   -626    210   -466   -720    275    394     45     96    359    117   -369   -294   -249 
     C    -16  -8505  -9547   -894  -1115   -701  -1378  -8273  -7219 
   143   2278  -2091  -2495  -1900  -2272  -2771   3583    522  -1069  -2122  -1438  -1912  -2941  -1387    524  -1886  -1664  -1689  -2531  -2110   143
     I   -149   -500    233     43   -381    399    106   -626    210   -466   -720    275    394     45     96    359    117   -369   -294   -249 
     I    -16  -8405  -9447   -894  -1115   -701  -1378  -8273  -7209 
   144   1313  -1624  -1590  -1030    784    176  -1023  -1263   1746    -28   1368  -1204  -2374   -799   -322   -323  -1039  -1096  -1996  -1532   144
     L   -149   -500    233     43   -381    399    106   -626    210   -466   -720    275    394     45     96    359    117   -369   -294   -249 
     L    -16  -8405  -9447   -894  -1115   -701  -1378  -8273  -7200 
   145  -2395  -2460  -3209  -2720   1335  -3543  -1417  -2096   1716     53  -1668    854  -3574  -2202  -2474  -2599  -2321  -2018  -1148   3600   145
     L   -149   -500    233     43   -381    399    106   -626    210   -466   -720    275    394     45     96    359    117   -369   -294   -249 
     L    -17  -8323  -9365   -894  -1115   -701  -1378  -8273  -7190 
   146  -1328  -1570  -2202  -1667   1530    183   3522  -1184  -1501  -1451   -788  -1688  -2680  -1341  -1757    347    444  -1057  -1556   1992   146
     S      *      *      *      *      *      *      *      *      *      *      *      *      *      *      *      *      *      *      *      * 
     S      *      *      *      *      *      *      *  -8273      0 
//
</pre>
</td></tr></table><p>
<p><h3>File: globins50.out2</h3>
<table width="90%"><tr><td bgcolor="#CCFFCC">
<pre>
#=AU HMMER 2.1.1
#=SQ GLB2_MORMR 0.8470 GLB2_MORMR - 0..0::0 -
#=SQ GLBZ_CHITH 0.8239 GLBZ_CHITH - 0..0::0 -
#=SQ HBA2_BOSMU 0.1489 HBA2_BOSMU - 0..0::0 -
#=SQ HBA2_GALCR 0.1303 HBA2_GALCR - 0..0::0 -
#=SQ HBA4_SALIR 0.7409 HBA4_SALIR - 0..0::0 -
#=SQ HBAD_CHLME 0.3489 HBAD_CHLME - 0..0::0 -
#=SQ HBAD_PASMO 0.3489 HBAD_PASMO - 0..0::0 -
#=SQ HBAZ_HORSE 0.4248 HBAZ_HORSE - 0..0::0 -
#=SQ HBA_AILME  0.1053 HBA_AILME - 0..0::0 -
#=SQ HBA_ANSSE  0.2171 HBA_ANSSE - 0..0::0 -
#=SQ HBA_COLLI  0.2295 HBA_COLLI - 0..0::0 -
#=SQ HBA_ERIEU  0.2144 HBA_ERIEU - 0..0::0 -
#=SQ HBA_FRAPO  0.1349 HBA_FRAPO - 0..0::0 -
#=SQ HBA_MACFA  0.0579 HBA_MACFA - 0..0::0 -
#=SQ HBA_MACSI  0.0579 HBA_MACSI - 0..0::0 -
#=SQ HBA_MESAU  0.1698 HBA_MESAU - 0..0::0 -
#=SQ HBA_PAGLA  0.1330 HBA_PAGLA - 0..0::0 -
#=SQ HBA_PHACO  0.1349 HBA_PHACO - 0..0::0 -
#=SQ HBA_PONPY  0.1013 HBA_PONPY - 0..0::0 -
#=SQ HBA_PROLO  0.1053 HBA_PROLO - 0..0::0 -
#=SQ HBA_TRIOC  0.1834 HBA_TRIOC - 0..0::0 -
#=SQ HBB1_VAREX 0.2835 HBB1_VAREX - 0..0::0 -
#=SQ HBB2_TRICR 0.5133 HBB2_TRICR - 0..0::0 -
#=SQ HBB2_XENTR 0.3959 HBB2_XENTR - 0..0::0 -
#=SQ HBBL_RANCA 0.3959 HBBL_RANCA - 0..0::0 -
#=SQ HBB_CALAR  0.1102 HBB_CALAR - 0..0::0 -
#=SQ HBB_COLLI  0.1890 HBB_COLLI - 0..0::0 -
#=SQ HBB_EQUHE  0.1760 HBB_EQUHE - 0..0::0 -
#=SQ HBB_LARRI  0.1890 HBB_LARRI - 0..0::0 -
#=SQ HBB_MANSP  0.1102 HBB_MANSP - 0..0::0 -
#=SQ HBB_ORNAN  0.1667 HBB_ORNAN - 0..0::0 -
#=SQ HBB_RABIT  0.1265 HBB_RABIT - 0..0::0 -
#=SQ HBB_SPECI  0.1303 HBB_SPECI - 0..0::0 -
#=SQ HBB_SPETO  0.1303 HBB_SPETO - 0..0::0 -
#=SQ HBB_SUNMU  0.1699 HBB_SUNMU - 0..0::0 -
#=SQ HBB_TACAC  0.1667 HBB_TACAC - 0..0::0 -
#=SQ HBB_TRIIN  0.1889 HBB_TRIIN - 0..0::0 -
#=SQ HBB_TUPGL  0.1889 HBB_TUPGL - 0..0::0 -
#=SQ HBB_URSMA  0.1202 HBB_URSMA - 0..0::0 -
#=SQ HBE_PONPY  0.2359 HBE_PONPY - 0..0::0 -
#=SQ HBF1_URECA 0.8135 HBF1_URECA - 0..0::0 -
#=SQ LGB1_PEA   0.6773 LGB1_PEA - 0..0::0 -
#=SQ LGB1_VICFA 0.6773 LGB1_VICFA - 0..0::0 -
#=SQ MYG_ESCGI  0.2107 MYG_ESCGI - 0..0::0 -
#=SQ MYG_HORSE  0.2107 MYG_HORSE - 0..0::0 -
#=SQ MYG_LYCPI  0.2542 MYG_LYCPI - 0..0::0 -
#=SQ MYG_MOUSE  0.2542 MYG_MOUSE - 0..0::0 -
#=SQ MYG_MUSAN  0.8232 MYG_MUSAN - 0..0::0 -
#=SQ MYG_PROGU  0.2168 MYG_PROGU - 0..0::0 -


<font color=red>  [Part of this file has been deleted for brevity]</font>

GLB2_MORMR  ...
GLBZ_CHITH  km.
HBA2_BOSMU  ...
HBA2_GALCR  ...
HBA4_SALIR  ...
HBAD_CHLME  ...
HBAD_PASMO  ...
HBAZ_HORSE  ...
HBA_AILME   ...
HBA_ANSSE   ...
HBA_COLLI   ...
HBA_ERIEU   ...
HBA_FRAPO   ...
HBA_MACFA   ...
HBA_MACSI   ...
HBA_MESAU   ...
HBA_PAGLA   ...
HBA_PHACO   ...
HBA_PONPY   ...
HBA_PROLO   ...
HBA_TRIOC   ...
HBB1_VAREX  ...
HBB2_TRICR  ...
HBB2_XENTR  ...
HBBL_RANCA  ...
HBB_CALAR   ...
HBB_COLLI   ...
HBB_EQUHE   ...
HBB_LARRI   ...
HBB_MANSP   ...
HBB_ORNAN   ...
HBB_RABIT   ...
HBB_SPECI   ...
HBB_SPETO   ...
HBB_SUNMU   ...
HBB_TACAC   ...
HBB_TRIIN   ...
HBB_TUPGL   ...
HBB_URSMA   ...
HBE_PONPY   ...
HBF1_URECA  ...
LGB1_PEA    ...
LGB1_VICFA  ...
MYG_ESCGI   fqg
MYG_HORSE   fqg
MYG_LYCPI   fqg
MYG_MOUSE   fqg
MYG_MUSAN   ...
MYG_PROGU   fqg
MYG_SAISC   fqg

</pre>
</td></tr></table><p>
<p><h3>File: globins50.out3</h3>
<table width="90%"><tr><td bgcolor="#CCFFCC">
<pre>
M 0.00 0.00 0.00 0.00 0.00 3.32 0.00 0.00 0.00 0.00 1.52 0.00 0.85 0.00 0.00 1.17 0.00 7.14 0.00 0.00 
M 0.00 0.00 0.82 0.00 1.35 0.00 3.81 0.85 0.82 6.16 0.00 0.00 0.00 0.18 0.00 0.00 0.00 0.00 0.00 0.00 
M 0.00 0.00 0.00 0.00 1.06 0.00 0.00 0.00 0.00 2.30 0.00 0.00 0.00 0.00 0.00 4.23 3.29 0.85 2.28 0.00 
M 2.87 0.00 2.89 1.50 0.00 0.00 0.00 0.82 0.42 0.00 0.00 0.00 0.56 0.00 0.00 1.64 3.30 0.00 0.00 0.00 
M 4.85 0.00 0.61 0.35 0.00 2.25 0.00 0.82 3.09 0.00 0.00 0.41 0.30 0.00 0.00 0.97 0.34 0.00 0.00 0.00 
M 0.00 0.00 3.56 5.18 0.00 1.27 0.00 0.00 0.00 0.82 0.00 0.00 0.00 2.17 0.00 0.17 0.00 0.82 0.00 0.00 
M 0.82 0.00 0.51 4.83 0.00 0.00 0.00 0.81 3.56 0.00 0.00 0.82 0.00 0.00 0.42 0.85 0.00 0.00 1.36 0.00 
M 2.42 0.00 0.00 0.00 0.00 0.37 0.00 0.00 4.99 0.82 0.00 0.40 0.00 1.36 0.51 1.18 1.10 0.85 0.00 0.00 
M 2.56 0.82 0.00 0.00 0.00 0.00 0.00 0.25 0.51 2.95 0.42 3.13 0.00 0.87 0.00 1.37 0.28 0.82 0.00 0.00 
M 1.54 0.17 0.00 0.51 0.00 0.00 0.00 1.57 0.00 1.32 0.00 0.00 0.85 0.00 0.00 0.00 0.40 6.82 0.82 0.00 
M 0.82 0.00 0.00 0.00 0.00 0.00 0.00 2.23 2.69 2.21 0.00 1.35 0.00 1.16 0.00 0.99 0.35 2.18 0.00 0.00 
M 4.21 0.28 0.87 0.17 0.00 0.27 0.00 0.19 0.00 0.18 0.00 1.76 0.00 0.70 0.00 2.89 2.49 0.00 0.00 0.00 
M 2.42 0.00 0.85 0.00 0.21 0.86 0.81 2.47 0.00 0.35 0.00 0.33 0.00 0.00 0.00 2.85 0.71 2.13 0.00 0.00 
M 1.11 0.00 0.00 0.82 0.90 0.00 0.00 0.70 0.00 2.23 0.00 0.00 0.00 0.00 0.00 2.18 0.00 0.79 5.26 0.00 
M 1.26 0.00 0.34 2.00 0.81 3.77 0.00 0.00 0.00 0.51 0.00 0.00 0.00 0.68 0.00 0.82 0.32 0.00 3.47 0.00 
M 0.19 0.00 1.00 0.00 0.68 2.99 0.00 0.00 6.20 2.31 0.00 0.00 0.00 0.40 0.00 0.24 0.00 0.00 0.00 0.00 
M 0.00 0.00 0.00 0.00 0.68 0.00 0.17 2.58 4.50 1.39 0.00 1.66 0.00 0.00 0.00 0.82 0.00 2.21 0.00 0.00 
M 0.48 0.00 0.00 1.36 0.00 2.84 0.00 1.10 1.52 0.74 0.24 0.00 0.00 0.68 0.00 0.56 1.01 3.47 0.00 0.00 
M 1.95 0.00 2.09 0.00 0.00 2.54 0.13 0.85 0.81 0.00 0.42 3.27 0.74 0.68 0.00 0.27 0.25 0.00 0.00 0.00 
M 0.61 0.00 1.36 0.35 0.00 0.81 2.24 1.39 0.74 0.87 0.00 0.68 0.00 1.48 0.85 0.00 0.00 2.63 0.00 0.00 
M 3.82 0.81 1.02 1.87 0.00 1.32 0.00 1.25 0.19 0.73 0.00 0.33 1.35 0.35 0.00 0.74 0.00 0.21 0.00 0.00 
M 1.93 0.00 1.54 3.20 0.00 2.81 0.00 0.00 0.19 1.10 0.00 0.00 0.22 1.61 0.00 1.41 0.00 0.00 0.00 0.00 
M 0.66 0.38 1.57 2.78 0.00 1.15 0.00 0.41 0.00 1.67 0.00 1.50 0.00 0.81 0.00 0.22 0.00 1.13 0.85 0.87 
M 0.81 0.00 0.85 0.00 0.35 3.99 1.36 1.91 0.00 0.23 0.00 0.00 0.00 0.00 0.00 0.68 0.00 1.25 0.00 2.57 
M 1.62 0.00 0.00 0.00 0.00 7.74 0.79 1.52 0.00 0.82 0.00 0.00 0.00 0.82 0.00 0.68 0.00 0.00 0.00 0.00 
M 2.63 0.00 0.40 3.63 0.00 0.65 0.00 0.00 0.00 1.50 0.00 0.00 0.00 2.07 0.00 1.17 0.42 1.52 0.00 0.00 
M 3.00 0.51 1.37 4.05 0.68 0.00 0.00 0.00 0.00 0.68 0.00 0.00 0.00 0.74 0.82 0.19 1.11 0.00 0.00 0.85 
M 3.59 0.00 0.00 0.00 0.68 0.00 0.00 0.21 0.85 4.81 0.00 0.00 0.00 0.00 0.00 0.81 0.40 1.15 0.00 1.50 
M 1.17 0.00 0.00 0.00 0.82 2.84 0.00 0.81 0.00 5.35 0.00 0.85 0.00 0.00 0.00 0.40 1.07 0.00 0.00 0.68 
M 0.00 0.00 0.21 2.52 0.81 0.28 0.00 2.04 0.82 0.00 0.00 0.00 0.00 0.99 3.51 0.93 0.68 0.00 0.35 0.85 
M 0.00 0.00 0.00 0.85 0.81 0.25 0.00 0.68 0.00 3.99 0.00 0.00 0.00 0.82 4.88 0.22 0.00 1.50 0.00 0.00 
M 0.00 0.00 0.00 0.00 0.40 0.00 0.00 1.19 2.48 5.77 2.99 0.00 0.00 0.00 0.00 0.00 0.34 0.00 0.00 0.82 
M 0.00 0.00 0.00 0.68 4.61 0.82 0.00 0.96 0.00 1.42 0.00 0.85 0.82 0.00 0.00 0.00 0.00 3.02 0.00 0.81 
M 0.21 0.00 0.82 0.82 0.17 0.85 0.35 1.10 1.83 1.66 0.00 0.00 0.00 1.11 0.00 0.42 0.21 4.44 0.00 0.00 
M 0.89 0.00 0.00 0.00 0.00 0.85 0.00 0.00 0.68 0.00 0.00 0.77 0.00 0.00 0.00 3.26 2.32 1.76 0.00 3.47 
M 1.49 0.00 0.85 0.00 1.06 0.00 1.58 0.00 0.00 0.00 0.00 0.00 4.66 0.82 0.00 0.00 0.00 0.82 0.00 2.72 
M 0.68 0.00 0.00 0.00 0.00 0.82 0.00 0.85 0.00 0.00 0.00 0.82 6.03 0.00 0.00 0.00 0.00 0.00 3.99 0.81 
M 0.68 0.00 0.00 1.36 0.00 0.00 0.82 0.82 0.00 0.85 0.00 0.00 1.00 1.96 0.00 1.13 5.38 0.00 0.00 0.00 
M 0.68 0.00 0.00 0.00 0.82 0.81 0.00 0.00 0.68 0.82 0.00 0.00 0.00 3.47 0.51 0.00 5.35 0.85 0.00 0.00 
M 0.00 0.00 0.81 0.00 0.00 0.68 0.00 0.00 5.51 1.36 0.00 0.00 0.82 0.00 3.99 0.00 0.00 0.00 0.00 0.82 
M 2.24 0.00 0.51 0.85 3.25 0.00 0.00 0.00 0.82 1.49 0.00 0.00 0.00 0.28 0.00 0.00 3.25 0.00 0.00 1.31 
M 0.81 0.00 0.00 0.00 6.33 0.00 0.00 0.00 1.36 0.00 0.68 0.00 0.00 0.00 0.00 0.00 0.00 0.82 0.00 3.99 
M 0.19 0.00 1.26 0.76 7.67 0.00 0.51 0.00 0.82 0.00 0.00 0.00 0.00 0.00 0.00 1.94 0.85 0.00 0.00 0.00 
M 0.17 0.00 1.88 0.00 1.49 0.85 0.47 0.00 0.82 0.00 0.00 0.82 3.25 0.00 0.00 3.86 0.40 0.00 0.00 0.00 
M 0.82 0.00 0.00 0.00 4.66 0.00 4.80 0.00 2.19 0.68 0.00 0.00 0.00 0.00 0.00 0.00 0.85 0.00 0.00 0.00 
M 0.00 0.00 0.82 0.00 4.61 3.99 0.00 0.00 1.49 0.68 0.00 0.00 0.85 0.00 0.00 0.82 0.00 0.00 0.74 0.00 
M 1.59 0.00 6.62 0.00 0.81 0.00 0.00 0.00 2.04 0.82 0.00 1.29 0.82 0.00 0.00 0.00 0.00 0.00 0.00 0.00 
M 0.85 0.00 0.68 0.00 0.00 0.82 1.11 0.00 0.00 7.06 0.00 0.25 0.00 0.00 0.00 1.55 1.50 0.17 0.00 0.00 
M 0.68 0.00 0.00 0.82 0.00 0.00 0.96 0.82 0.00 1.36 0.00 0.21 0.00 1.06 0.00 7.34 0.00 0.74 0.00 0.00 
M 2.27 0.00 0.00 0.42 0.00 0.68 1.48 0.00 1.36 0.82 0.00 0.57 0.99 1.17 0.00 3.31 0.11 0.81 0.00 0.00 


<font color=red>  [Part of this file has been deleted for brevity]</font>

T 14.00 0.00 0.00 0.00 0.00 0.00 0.00 
T 14.00 0.00 0.00 0.00 0.00 0.00 0.00 
T 14.00 0.00 0.00 0.00 0.00 0.00 0.00 
T 14.00 0.00 0.00 0.00 0.00 0.00 0.00 
T 14.00 0.00 0.00 0.00 0.00 0.00 0.00 
T 14.00 0.00 0.00 0.00 0.00 0.00 0.00 
T 14.00 0.00 0.00 0.00 0.00 0.00 0.00 
T 14.00 0.00 0.00 0.00 0.00 0.00 0.00 
T 14.00 0.00 0.00 0.00 0.00 0.00 0.00 
T 14.00 0.00 0.00 0.00 0.00 0.00 0.00 
T 14.00 0.00 0.00 0.00 0.00 0.00 0.00 
T 14.00 0.00 0.00 0.00 0.00 0.00 0.00 
T 14.00 0.00 0.00 0.00 0.00 0.00 0.00 
T 14.00 0.00 0.00 0.00 0.00 0.00 0.00 
T 14.00 0.00 0.00 0.00 0.00 0.00 0.00 
T 14.00 0.00 0.00 0.00 0.00 0.00 0.00 
T 14.00 0.00 0.00 0.00 0.00 0.00 0.00 
T 14.00 0.00 0.00 0.00 0.00 0.00 0.00 
T 14.00 0.00 0.00 0.00 0.00 0.00 0.00 
T 14.00 0.00 0.00 0.00 0.00 0.00 0.00 
T 14.00 0.00 0.00 0.00 0.00 0.00 0.00 
T 14.00 0.00 0.00 0.00 0.00 0.00 0.00 
T 14.00 0.00 0.00 0.00 0.00 0.00 0.00 
T 14.00 0.00 0.00 0.00 0.00 0.00 0.00 
T 14.00 0.00 0.00 0.00 0.00 0.00 0.00 
T 14.00 0.00 0.00 0.00 0.00 0.00 0.00 
T 14.00 0.00 0.00 0.00 0.00 0.00 0.00 
T 14.00 0.00 0.00 0.00 0.00 0.00 0.00 
T 14.00 0.00 0.00 0.00 0.00 0.00 0.00 
T 14.00 0.00 0.00 0.00 0.00 0.00 0.00 
T 14.00 0.00 0.00 0.00 0.00 0.00 0.00 
T 14.00 0.00 0.00 0.00 0.00 0.00 0.00 
T 14.00 0.00 0.00 0.00 0.00 0.00 0.00 
T 14.00 0.00 0.00 0.00 0.00 0.00 0.00 
T 14.00 0.00 0.00 0.00 0.00 0.00 0.00 
T 14.00 0.00 0.00 0.00 0.00 0.00 0.00 
T 14.00 0.00 0.00 0.00 0.00 0.00 0.00 
T 14.00 0.00 0.00 0.00 0.00 0.00 0.00 
T 14.00 0.00 0.00 0.00 0.00 0.00 0.00 
T 14.00 0.00 0.00 0.00 0.00 0.00 0.00 
T 14.00 0.00 0.00 0.00 0.00 0.00 0.00 
T 14.00 0.00 0.00 0.00 0.00 0.00 0.00 
T 14.00 0.00 0.00 0.00 0.00 0.00 0.00 
T 14.00 0.00 0.00 0.00 0.00 0.00 0.00 
T 14.00 0.00 0.00 0.00 0.00 0.00 0.00 
T 14.00 0.00 0.00 0.00 0.00 0.00 0.00 
T 9.94 0.00 0.00 0.00 0.00 0.00 0.00 
T 9.20 0.00 0.00 0.00 0.00 0.00 0.00 
T 8.52 0.00 0.00 0.00 0.00 0.00 0.00 
T 8.52 0.00 0.00 0.00 0.00 0.00 0.00 
T 8.01 0.00 0.00 0.00 0.00 0.00 0.00 
</pre>
</td></tr></table><p>
