
<a name="output.1"></a>
<h3>Output files for usage example </h3>
<p><h3>File: globino.ehmmconvert</h3>
<table width="90%"><tr><td bgcolor="#CCFFCC">
<pre>
!!AA_PROFILE 1.0
(Peptide) HMMCONVERT v2.3.2 Length: 143 globins50||
   Profile converted from a profile HMM using HMMER v2.3.2 emulation.
   Use -nonor -noave -gap=10 -len=1 with profilesearch and friends
      to get the closest approximation to HMMER bit scores.
   WARNING: There is a loss of information in this conversion.
      Neither the scores nor even the rank order of hits will be precisely
      preserved in a comparison of HMMER hmmsearch to GCG profilesearch.
      The profile score is an approximation of the (single-hit) HMMER score.

Cons    A     C     D     E     F     G     H     I     K     L     M     N     P     Q     R     S     T     V     W     Y     U     B     Z     X   Gap   Len ..
 E     57  -160    14   133  -189   -22    13  -161    97  -161   -71    37  -129    57     2    -5     0   -71  -181  -115    -5    24   103   -31   100   100
 E    -94  -263   220   225  -286  -119   -34  -269   -31  -261  -182    20  -161    92   -99   -69   -95  -222  -280  -194   -68   128   173   -95    62   111
 K    -65  -173   -69    47  -206  -155     0  -169   236  -166   -85   -24  -161    41   102   -58   -54  -138   210  -133   -58   -48    45   -60    62   111
 A     81  -159    -5    64  -187   -89    13  -159    87  -159   -69    75  -129   126     3    20    42  -119  -180  -114    20    31    88   -34    62   111
 L     35   -45   -49    26   -99  -133    -3   -43    64    37    38   101  -141    36   -23   -28     6   -18  -124   -74   -27    19    30   -15    62   111
 V   -131   -90  -371  -328  -115  -344  -282   230  -308     9     0  -304  -329  -287  -311  -268  -128   271  -246  -208  -268  -340  -312  -167    62   111
 K     13   -43   -25    29  -140  -125     7   -88   106   -45   -36    89  -133    61    27     0    68   -50  -151   -94     0    27    42   -20    62   111
 S     75  -145    -6    44  -177   -35     5  -146    42  -151   -65    84  -132    80    -7    93    34  -109  -176  -114    93    35    58   -29    62   111
 V     40   -20  -219  -159    -1  -183   -71   145  -130    74    59  -131  -188  -102  -128   -20    -3   138   -74   -38   -20  -178  -137   -45    62   111
 W    -98   -89  -229  -184   134  -223   -22   -41  -151   -14    -5  -144  -228  -120  -153   -17   -93   -38   470   115   -17  -190  -159   -86    62   111
! 11
 G    -11  -184    74    78  -213   139    -5  -187    25  -186   -99    11  -142    85   -28    10   -17  -146  -208  -139    10    45    81   -44    62   111
 K     -9  -131   -59     0  -149  -144    22   -36   236   -83   -46   -20  -152    33    30   -44   -36   -83  -154  -105   -44   -41    13   -40    62   111
 V   -147  -115  -377  -323    12  -333  -235   148  -296    10    33  -292  -322  -260  -287  -248  -142   208  -205  -174  -248  -338  -298  -163    62   111
 E      8  -124    -6    99  -144     9    18  -111    85   -88   -37    17  -122    59     7    16     4   -80  -150    -2    16     4    83   -18    58   111
 K     30  -118   -10    42  -141    30    17  -107    75  -118    21    15   -64   100     6    28     8   -76  -148   -89    28     1    65   -18    58   111
 N    -22  -189   139    51  -218  -119   182  -194    54  -189  -101   177  -138    80   -19   -27   -37  -150  -208  -137   -27   157    62   -52    58   111
 V     67   -38  -118   -17   -38  -127   -29    48   -43    36    42   -64   -87     0   -67   -25   -13   103   -80    28   -25   -93   -10   -16    62   111
 E     35  -171    84   135  -201   -13    10  -175    54  -172   -82    36   -52    55    -3    13    10  -132  -191  -122    13    62   104   -33    62   111
 E     15  -170    53   146  -200   -16    12  -175    78  -145   -80    43  -129    91     0    15   -19  -131  -189  -120    15    49   125   -34    62   111
 V     -8    38   -52   -84     1  -157    99    87   -63    20    52   -14  -163   -44   -80   -59   -12    79   -71   151   -59   -35   -69   -22    62   111
! 21
 G     -7   -72  -118  -133  -261   298  -153  -244  -163  -267  -185   -97  -158  -139  -180    59   -47  -157  -279  -244    58  -109  -136  -110    62   111
 A     61  -121   -26    45  -138    33    78   -61    38  -116   -35     1  -134   116    -7    -4     6    -9  -150   -93    -4   -13    73   -18    62   111
 E    -44  -192    99   203  -219  -119    -1  -195    29   -91  -103    55  -139   104   -24   -29   -40  -152  -211  -139   -29    79   165   -49    62   111
 A    149    67  -199  -140    53  -169   -59    98  -112    -3    59  -116  -177   -86  -114   -62    20    88   -69   -32   -62  -160  -119   -40    62   111
 L   -148  -127  -289  -248    30  -285  -111    14  -205   251    58  -218  -276  -174  -199  -204  -142   -21   -64   119  -204  -257  -219  -114    62   111
 E     23  -105   -23    71  -118    -3     1     0    29   -66   -20    -6  -137    80   -15    12    46   -18   -12   -83    12   -15    75   -11    62   111
 R    -54  -144   -70    -8  -173   -86    -4   -23    93  -140   -63   -27  -158    33   252   -26   -45  -106  -165  -120   -26   -50     7   -46    62   111
 L   -114   -89  -324  -264    56  -279  -162    81  -233   207   250  -235  -263  -182  -217  -191   -57    51  -122  -104  -191  -283  -232  -109    62   111
 L   -167  -133  -366  -314   273  -333  -170    75  -283   192    89  -280  -304  -218  -261  -250  -158    -1  -103   -47  -250  -327  -276  -142    62   111
 V    -10   -72   -67    35   -58  -138    30    48    46   -27    10   -29  -146    62   -35   -15    29    96  -109   -62   -15   -49    45   -15    62   111
! 31
 V    -10   -95   -45     9  -107   -26    -3   -46    57   -88   -12     2  -140    60   -20    34    50   103  -130   -79    34   -23    29   -15    62   111
 Y     16   -60  -103   -48    53  -154   126   -21   -32   -47    20    -9  -162   -19   -61   -54    17    -7   -68   250   -54   -59   -37   -29    62   111
 P   -183  -198  -230  -249  -311  -205  -240  -328  -258  -330  -291  -233   404  -254  -256  -205  -215  -283  -278  -297  -205  -231  -251  -221    62   111
 E     22  -122   -25    83  -139  -125     4  -104    37  -117   -36     0  -111   111    -7     5    56   -76   271   -94     5   -13    94   -28    62   111
 T    101   -52  -157  -134  -205   -83  -124  -163  -124  -195  -116   -92  -146  -107  -144    65   282  -103  -232  -197    65  -127  -124   -82    62   111
 K    -71  -182   -74    -7  -220  -159     0  -181   200   -57   -94   -26  -164   220    91   -62   -59  -149  -185  -140   -62   -52    81   -59    62   111


<font color=red>  [Part of this file has been deleted for brevity]</font>

 N    -78  -157   -46   -18     0  -163   124  -143   -12  -142   -79   260  -179    -9   -49   -74   -73  -121   -55   196   -74    95   -15   -56    61   111
 F   -195  -158  -337  -311   359  -318   -76   -15  -276    86    23  -243  -307  -214  -255  -243  -189   -52    -9    92  -243  -294  -274  -149    62   111
! 101
 K    -36  -165   -27    73  -196  -131     9  -164   196  -162   -76    23  -139    53    97   -26     7   -42  -180  -121   -26    -3    65   -43    62   111
 L    -26   -22  -189  -129   104  -172   -54    56   -44   124    65  -110  -177   -77    -1   -77   -20    95   -66   -29   -77  -153  -109   -34    62   111
 L   -152  -117  -372  -315    37  -333  -220   151  -287   229    88  -292  -304  -228  -269  -250  -144    93  -158  -144  -250  -335  -281  -142    62   111
 S     62  -114   -37     9  -171    94   -14  -139    64  -149   -66   -10  -136    23   -14   111    19  -100  -179  -122   111   -25    15   -29    62   111
 E    -31  -178    80   103  -209   -28   180  -184    45  -179   -88   115  -132   103    -7   -17     8  -140  -197  -127   -17    96   103   -41    62   111
 V     56   236  -210  -150   -17  -174   -63   128  -121    -1    83   -55  -181   -93  -119   -69   -20   135   -68   -32   -69  -138  -128   -45    62   111
 L    -45   -78  -317  -257    80  -268  -155   143  -226   187   100  -225  -258  -181  -212  -179   -95    67  -124  -100  -179  -275  -228  -101    62   111
 L    -71   -53  -262  -205   -32  -233  -123   171  -174   127    62  -181  -231   -19  -172  -143   -65   175  -114   -83  -143  -225  -132   -76    62   111
 V    -17    36   -26    -6   -67  -139    54    53    19   -52    19   -33  -147    60   -25   -36   -11   138  -101   -56   -36   -29    19   -18    62   111
 V    -32    73  -214  -160   -50  -175   -91    86  -134   -21    34  -134  -192  -110  -139   -55   106   220  -106   -69   -55  -177  -141   -57    62   111
! 111
 L   -158  -122  -373  -317   -23  -343  -232   144  -289   238   119  -299  -310  -231  -273  -261  -150    84  -167  -158  -261  -339  -283  -148    62   111
 A    156  -136   -16    30  -162   -84    50  -129    85  -138   -55     3  -136    76     0    11   -21   -97  -166  -108    11    -7    48   -33    62   111
 E     43     1    -1    70  -152  -120    76   -61    75   -84   -44    30  -129    52    32    36    29   -71  -158   -98    36    13    63   -19    62   111
 K     16  -131   -23    32  -151  -124   240  -117   101  -127    31    16  -133    49    59   -17    10   -87  -157   -31   -17    -5    38   -31    62   111
 L    -47   -51  -166  -112   170  -180   222    -6   -89    77    29   -98  -185   -66  -102    -8   -40     2   -19   103    -8  -135   -94   -39    62   111
 G     -1  -102   -31    -9  -196   147   -43  -165   -19  -177   -95   -23   176    45   -61    31   -29  -117  -207  -153    31   -28    11   -40    62   111
 K     63  -156    19    44  -187   -31    11  -160   137  -160   -70    40  -105    55     0    55     9  -119  -181  -115    55    28    48   -31    62   111
 E     14  -177   158   145  -206  -118     6  -180    60  -134   -88    55  -134    49   -10   -20   -28  -117  -197  -128   -20   111   108   -42    62   111
 F    -50   -35  -241  -185   267  -196   -46    19  -151    34   111  -142  -199  -114  -141  -104    10    23   162   101  -104  -195  -157   -62    62   111
 T    -16  -105   -38    -1  -169   -16    16  -136     0  -150   -69    32  -140     7   -43   101   199   -98  -183  -128   101    -5     1   -37    62   111
! 121
 P    103    50   -66    37  -142  -113   -36  -101   -14  -124   -47   -34   210    -7   -53   -23   -21   -69  -164  -116   -23   -52    20   -33    62   111
 E     29  -173    83   151  -203  -117    62  -177    48  -173   -83    18   -39   129    -3   -15   -22  -122  -192  -123   -15    53   143   -39    62   111
 V     55    11  -153   -95   -22   -86     4    44   -33    26    84   -86  -165   -52   -86   -50     0   155   -68   -30   -50  -122   -78   -25    62   111
 Q    -41  -184    56    57  -212  -120   240  -186    35  -184   -96    46  -139   218   -15    -1   -37  -145  -203  -134    -1    51   119   -54    62   111
 A    186   -74   -74   -25  -107   -43    34   -67   -12   -31   -18   -36  -146    -4   -49    -2    14   -44  -136   -90    -2   -56   -17   -25    62   111
 A    227   -52  -149  -115  -185    -7  -106  -146  -104  -174   -95   -84  -145   -87  -128   124   -20     1  -212  -175   124  -119  -104   -64    62   111
 L    -44   -27  -255  -195   159  -195   -59    33  -159    74   170  -149  -197  -120  -144  -103   -37    68   290   107  -103  -206  -166   -61    62   111
 E    -43  -194   155   138  -223  -118     0  -200    50  -194  -105    32  -138   157   -23    23   -24  -155  -212  -140    23    98   145   -53    62   111
 K    -54  -145   -64   -16  -194   -64   -19  -147   266  -161   -85   -32  -161    18    29   -54   -52   -14  -185  -138   -54   -50    -2   -55    62   111
 L     79   -41  -240  -182   186  -205   -92    57  -153   105    66  -155  -208  -122  -150  -114   -48   104   -86   -49  -114  -201  -159   -58    62   111
! 131
 L    -26   -12  -234  -172    70  -178   -63    63  -138   105   174   -73  -182  -104  -127   -86   -20   131   -56    67   -86  -160  -146   -47    62   111
 A     70     7    36    80  -183  -118    14  -155    85  -138   -66    30  -128    79    22    67    -8  -116  -177  -111    67    33    79   -30    62   111
 A     53   -44  -106   -50   -46    45   -26    44   -33    11    92   -43  -156    17   -60   -16    18    50   -86   -44   -16   -77   -23   -12    62   111
 V   -110   -79  -337  -281    79  -291  -188   148  -253   113    56  -250  -279  -212  -241  -206  -104   236  -153  -123  -206  -296  -254  -118    62   111
 A    137   139   -89   -36  -101   -54   -33   -60   -21   -86   -12   -43  -146   -11    39    74   -14    12  -132   -87    74   -68   -26   -22    62   111
 T      7  -131     1    34  -151  -123   122   -42    50   -97   -44   115  -132    49    -3    32    86   -87  -158   -98    32    54    40   -23    62   111
 A    128   -80    54   -15   -98  -135   -22   -38    -6   -41    -7   -32  -150     3   -45   -20   -20   100  -130   -82   -20    14    -8   -21    62   111
 L   -176  -137  -391  -336   -23  -364  -249   175  -305   242   113  -320  -324  -244  -287  -284  -167    37  -173  -166  -284  -358  -300  -162    62   111
 A    115  -130   -19    51  -162   -62     1  -129    71  -139   -55     2  -134    41   -10    50    80   -96  -168  -109    50    -9    47   -28    62   111
 A     58  -151   -15    83  -177  -123   193  -147    82  -150    41    10  -132    53    32    47   -17  -110  -174  -111    47    -3    71   -34    62   111
! 141
 K     33  -166   -18    52  -199   -51     2  -168   217  -168   -81     1  -142    45    29    -9   -32  -130  -187  -127    -9    -9    49   -45    63   111
 Y   -201  -162  -311  -289   171  -303   -11  -103  -254   -75    63  -201  -298  -190  -234  -218  -193  -114    52   406  -218  -260  -250  -157    63   111
 K    -25  -137   -26    30   -91   -56   195   -45   118  -133   -49     3  -135    50   135   -20   -18   -94  -160  -102   -20   -12    37   -27    62   111
 *    621    74   359   488   301   325   254   392   570   697   178   318   209   339   312   490   400   555    65   192     0     0     0     0 
</pre>
</td></tr></table><p>
