
<a name="output.1"></a>
<h3>Output files for usage example </h3>
<p><h3>File: globins630.ali</h3>
<table width="90%"><tr><td bgcolor="#CCFFCC">
<pre>
&gt;BAHG_VITSP 
.................mldqQTINIIKATV.PV...L.....K...E...H...GV.T.
....I...TTTFYKN..LFAKHPEVRPLFDMGRQESL-------..EQPKALAMTVLAAA
QN-IENLPA......ILPAVKKIAVKH..CQAG-..VAAAHYPIV.GQELLGAIKEV.L.
G.D.AATDDILDAWGKAYGVIADVFIQVEAdlyaqave
&gt;GLB1_ANABR 
.........psvqgaaaqltaDVKKDLRDSW.KV...I.....G...S...D...KK.G.
....N...GVALMTT..LFADNQETIGYFKRLGNVSQ---GMAN..DKLRGHSITLMYAL
QNFIDQLDNt...ddLVCVVEKFAVNH..ITR-K..ISAAEFGKI.NGPIKKVLAS-.-.
-.K.NFGDKYANAWAKLVAVVQAAL-----........
&gt;GLB1_ARTSX 
..........ervdpitglsgLEKNAILDTW.GK...V.....R...G...N...LQ.E.
....V...GKATFGK..LFAAHPEYQQMFRFFQGVQL-AFLVQS..PKFAAHTQRVVSAL
DQTLLALNRps..dqFVYMIKELGLDH..INRGT..-DRSFVEYL.KESL-----GD.S.
V.D.EFT------VQSFGEVIVNFLNEGLRqa......
&gt;GLB1_CALSO 
..................vsaNDIKNVQDTW.GK...L.....Y...D...Q...WD.A.
....V..hASKFYNK..LFKDSEDISEAFVKAGT---GSGIAMK..RQALVFGA-ILQEF
VANLNDPTA......LTLKIKGLCATH..KTRGI..TNMELFAFA.LADLVAYMGTT.I.
S.-.-FTAAQKASWTAVNDVILHQMSSYFAtva.....
&gt;GLB1_CHITH 
.................gpsgDQIAAAKASW.NT...V.....-...-...-...-K.N.
....N...QVDILYA..VFKANPDIQTAFSQFAG-KDLDSIKGT..PDFSKHAGRVVGLF
SEVMDLLGNdantptILAKAKDFGKSH..--KSR..ASPAQLDNF.RKSLVVYLKGA.-.
-.T.KWDSAVESSWAPVLDFVFSTLKNEL-........
&gt;GLB1_GLYDI 
.................glsaAQRQVIAATW.KD...I.....A...Ga.dN...GA.G.
....V...GKDCLIK..FLSAHPQMAAVFGFSGA--------SD..PGVAALGAKVLAQI
GVAVSHLGDe...gkMVAQMKAVGVRHkgYGNKH..IKAQYFEPL.GASLLSAMEHR.I.
G.G.KMNAAAKDAWAAAYADISGALISGLQs.......
&gt;GLB1_LUMTE 
.............eclvteglKVKLQWASAF.GH...A.....-...H...Q...RV.A.
....F...GLELWKG..ILREHPEIKAPFSRVRG-DN----IYS..PQFGAHSQRVLSGL
DITISMLDTp...dmLAAQLAHLKVQH..VER-N..LKPEFFDIF.LKHLLHVLGDR.L.
G.T.HFDF---GAWHDCVDQIIDGIKD--I........
&gt;GLB1_MORMR 
........pivdsgsvsplsdAEKNKIRAAW.DL...V.....Y...K...D...YE.K.
....T...GVDILVK..FFTGTPAAQAFFPKFKGLTTADDLKQS..SDVRWHAERIINAV
NDAVKSMDDt...ekMSMKLKELSIKH..AQSFY..VDRQYFKVL.AGII-------.-.
-.A.DTTAPGDAGFEKLMSMICILLSSAY-........
&gt;GLB1_PARCH 
.......ggtlaiqshgdltlAQKKIVRKTW.HQ...L.....M...R...N...KT.S.
....F...VTDLFIR..IFAYDPAAQNKFPQMAGMSA-SQLRSS..RQMQAHAIRVSSIM
SEYIEELDSd....iLPELLATLARTH..-DLNK..VGPAHYDLF.AKVLMEALQAE.L.
G.S.DFNQKTRDSWAKAFSIVQAVLLVKHG........
&gt;GLB1_PETMA 
........pivdsgsvpaltaAEKATIRTAW.AP...V.....Y...A...K...YQ.S.
....T...GVDILIK..FFTSNPAAQAFFPKFQGLTSADQLKKS..MDVRWHAERIINAV
NDAVVAMDDt...ekMSLKLRELSGKH..AKSFQ..VDPQYFKVL.AAVI-------.-.
-.V.DTVLPGDAGLEKLMSMICILLRSSY-........


<font color=red>  [Part of this file has been deleted for brevity]</font>

P.G.DFGADAQGAMKKALELFRNDMAAKYKelgfqg..
&gt;MYG_SHEEP 
.................glsdGEWQLVLNAW.GK...V.....E...A...D...VA.G.
....H...GQEVLIR..LFTGHPETLEKFDKFKHLKTEAEMKAS..EDLKKHGNTVLTAL
GGILKKKGH......HEAEVKHLAESH..ANKHK..IPVKYLEFI.SDAIIHVLHAK.H.
P.S.NFGADAQGAMSKALELFRNDMAAEYKvlgfqg..
&gt;MYG_SPAEH 
.................glsdGEWQLVLNVW.GK...V.....E...G...D...LA.G.
....H...GQEVLIK..LFKNHPETLEKFDKFKHLKSEDEMKGS..EDLKKHGNTVLTAL
GGILKKKGQ......HAAEIQPLAQSH..ATKHK..IPIKYLEFI.SEAIIQVLQSK.H.
P.G.DFGADAQGAMSKALELFRNDIAAKYKelgfqg..
&gt;MYG_TACAC 
.................glsdGEWQLVLKVW.GK...V.....E...T...D...IT.G.
....H...GQDVLIR..LFKTHPETLEKFDKFKHLKTEDEMKAS..ADLKKHGGVVLTAL
GSILKKKGQ......HEAELKPLAQSH..ATKHK..ISIKFLEFI.SEAIIHVLQSK.H.
S.A.DFGADAQAAMGKALELFRNDMATKYKefgfqg..
&gt;MYG_THUAL 
.....................ADFDAVLKCW.GP...V.....E...A...D...YT.T.
....M...GGLVLTR..LFKEHPETQKLFPKFAGIAQ-ADIAGN..AAISAHGATVLKKL
GELLKAKGS......HAAILKPLANSH..ATKHK..IPINNFKLI.SEVLVKVMHEK.A.
G.-.-LDAGGQTALRNVMGIIIADLEANYKelgfsg..
&gt;MYG_TUPGL 
.................glsdGEWQLVLNVW.GK...V.....E...A...D...VA.G.
....H...GQEVLIR..LFKGHPETLEKFDKFKHLKTEDEMKAS..EDLKKHGNTVLSAL
GGILKKKGQ......HEAEIKPLAQSH..ATKHK..IPVKYLEFI.SEAIIQVLQSK.H.
P.G.DFGADAQAAMSKALELFRNDIAAKYKelgfqg..
&gt;MYG_TURTR 
.................glsdGEWQLVLNVW.GK...V.....E...A...D...LA.G.
....H...GQDVLIR..LFKGHPETLEKFDKFKHLKTEADMKAS..EDLKKHGNTVLTAL
GAILKKKGH......HDAELKPLAQSH..ATKHK..IPIKYLEFI.SEAIIHVLHSR.H.
P.A.EFGADAQGAMNKALELFRKDIAAKYKelgfhg..
&gt;MYG_VARVA 
.................glsdEEWKKVVDIW.GK...V.....E...P...D...LP.S.
....H...GQEVIIR..MFQNHPETQDRFAKFKNLKTLDEMKNS..EDLKKHGTTVLTAL
GRILKQKGH......HEAEIAPLAQTH..ANTHK..IPIKYLEFI.CEVIVGVIAEK.H.
S.A.DFGADSQEAMRKALELFRNDMASRYKelgfqg..
&gt;MYG_VULCH 
.................glsdGEWQLVLNIW.GK...V.....E...T...D...LA.G.
....H...GQEVLIR..LFKNHPETLDKFDKFKHLKTEDEMKGS..EDLKKHGNTVLTAL
GGILKKKGH......HEAELKPLAQSH..ATKHK..IPVKYLEFI.SDAIIQVLQSK.H.
S.G.DFHADTEAAMKKALELFRNDIAAKYKelgfqg..
&gt;MYG_ZALCA 
.................glsdGEWQLVLNIW.GK...V.....E...A...D...LV.G.
....H...GQEVLIR..LFKGHPETLEKFDKFKHLKSEDEMKRS..EDLKKHGKTVLTAL
GGILKKKGH......HDAELKPLAQSH..ATKHK..IPIKYLEFI.SEAIIHVLQSK.H.
P.G.DFGADTHAAMKKALELFRNDIAAKYRelgfqg..
&gt;MYG_ZIPCA 
.................glseAEWQLVLHVW.AK...V.....E...A...D...LS.G.
....H...GQEILIR..LFKGHPETLEKFDKFKHLKSEAEMKAS..EDLKKHGHTVLTAL
GGILKKKGH......HEAELKPLAQSH..ATKHK..IPIKYLEFI.SDAIIHVLHSR.H.
P.S.DFGADAQAAMTKALELFRKDIAAKYKelgfhg..
</pre>
</td></tr></table><p>
