
<a name="output.1"></a>
<h3>Output files for usage example </h3>
<p><h3>File: 54894.sig</h3>
<table width="90%"><tr><td bgcolor="#CCFFCC">
<pre>
TY   SCOP
XX
TS   1D
XX
CL   Alpha and beta proteins (a+b)
XX
FO   Ferredoxin-like
XX
SF   Aspartate carbamoyltransferase, Regulatory-chain, N-terminal domain
XX
FA   Aspartate carbamoyltransferase, Regulatory-chain, N-terminal domain
XX
SI   54894
XX
NP   15
XX
NN   [1]
XX
IN   NRES 1 ; NGAP 1 ; WSIZ 0
XX
AA   H ; 2
XX
GA   12 ; 2
XX
NN   [2]
XX
IN   NRES 1 ; NGAP 1 ; WSIZ 0
XX
AA   P ; 2
XX
GA   1 ; 2
XX
NN   [3]
XX
IN   NRES 1 ; NGAP 1 ; WSIZ 0
XX
AA   P ; 2
XX
GA   26 ; 2
XX
NN   [4]
XX
IN   NRES 1 ; NGAP 1 ; WSIZ 0
XX
AA   T ; 2
XX
GA   15 ; 2
XX
NN   [5]
XX


<font color=red>  [Part of this file has been deleted for brevity]</font>

XX
GA   4 ; 2
XX
NN   [10]
XX
IN   NRES 1 ; NGAP 1 ; WSIZ 0
XX
AA   I ; 2
XX
GA   2 ; 2
XX
NN   [11]
XX
IN   NRES 1 ; NGAP 1 ; WSIZ 0
XX
AA   D ; 2
XX
GA   0 ; 2
XX
NN   [12]
XX
IN   NRES 1 ; NGAP 1 ; WSIZ 0
XX
AA   N ; 2
XX
GA   0 ; 2
XX
NN   [13]
XX
IN   NRES 1 ; NGAP 1 ; WSIZ 0
XX
AA   V ; 2
XX
GA   3 ; 2
XX
NN   [14]
XX
IN   NRES 1 ; NGAP 1 ; WSIZ 0
XX
AA   R ; 2
XX
GA   3 ; 2
XX
NN   [15]
XX
IN   NRES 1 ; NGAP 1 ; WSIZ 0
XX
AA   L ; 2
XX
GA   2 ; 2
//
</pre>
</td></tr></table><p>
<p><h3>File: 55074.sig</h3>
<table width="90%"><tr><td bgcolor="#CCFFCC">
<pre>
TY   SCOP
XX
TS   1D
XX
CL   Alpha and beta proteins (a+b)
XX
FO   Ferredoxin-like
XX
SF   Adenylyl and guanylyl cyclase catalytic domain
XX
FA   Adenylyl and guanylyl cyclase catalytic domain
XX
SI   55074
XX
NP   38
XX
NN   [1]
XX
IN   NRES 2 ; NGAP 2 ; WSIZ 0
XX
AA   H ; 1
AA   E ; 1
XX
GA   10 ; 1
GA   11 ; 1
XX
NN   [2]
XX
IN   NRES 2 ; NGAP 1 ; WSIZ 0
XX
AA   D ; 1
AA   T ; 1
XX
GA   1 ; 2
XX
NN   [3]
XX
IN   NRES 2 ; NGAP 1 ; WSIZ 0
XX
AA   I ; 1
AA   T ; 1
XX
GA   3 ; 2
XX
NN   [4]
XX
IN   NRES 2 ; NGAP 1 ; WSIZ 0
XX
AA   F ; 1
AA   I ; 1


<font color=red>  [Part of this file has been deleted for brevity]</font>

AA   N ; 1
XX
GA   4 ; 2
XX
NN   [34]
XX
IN   NRES 2 ; NGAP 2 ; WSIZ 0
XX
AA   K ; 1
AA   A ; 1
XX
GA   4 ; 1
GA   8 ; 1
XX
NN   [35]
XX
IN   NRES 2 ; NGAP 1 ; WSIZ 0
XX
AA   W ; 1
AA   A ; 1
XX
GA   0 ; 2
XX
NN   [36]
XX
IN   NRES 2 ; NGAP 2 ; WSIZ 0
XX
AA   A ; 1
AA   T ; 1
XX
GA   14 ; 1
GA   16 ; 1
XX
NN   [37]
XX
IN   NRES 2 ; NGAP 1 ; WSIZ 0
XX
AA   K ; 1
AA   X ; 1
XX
GA   2 ; 2
XX
NN   [38]
XX
IN   NRES 2 ; NGAP 1 ; WSIZ 0
XX
AA   G ; 1
AA   D ; 1
XX
GA   1 ; 2
//
</pre>
</td></tr></table><p>
