
<a name="output.1"></a>
<h3>Output files for usage example </h3>
<p><h3>Directory: lhf</h3>
<p>This directory contains output files, for example Q99396^.^262^473^.lhf    Q9DGG6^.^380^560^.lhf    Q9ERL9^.^480^631^.lhf    and Q9WVI4^.^516^664^.lhf.
<p><h3>File: lhf/Q99396^.^262^473^.lhf   </h3>
<table width="90%"><tr><td bgcolor="#CCFFCC">
<pre>
</pre>
</td></tr></table><p>
<p><h3>File: lhf/Q9DGG6^.^380^560^.lhf   </h3>
<table width="90%"><tr><td bgcolor="#CCFFCC">
<pre>
</pre>
</td></tr></table><p>
<p><h3>File: lhf/Q9ERL9^.^480^631^.lhf   </h3>
<table width="90%"><tr><td bgcolor="#CCFFCC">
<pre>
</pre>
</td></tr></table><p>
<p><h3>File: lhf/Q9WVI4^.^516^664^.lhf</h3>
<table width="90%"><tr><td bgcolor="#CCFFCC">
<pre>
</pre>
</td></tr></table><p>
<p><h3>Directory: aln</h3>
<p>This directory contains output files, for example Q99396^.^262^473^.aln    Q9DGG6^.^380^560^.aln    Q9ERL9^.^480^631^.aln    and Q9WVI4^.^516^664^.aln.
<p><h3>File: aln/Q99396^.^262^473^.aln   </h3>
<table width="90%"><tr><td bgcolor="#CCFFCC">
<pre>
# DE   Alignment of query sequence against library of signatures
</pre>
</td></tr></table><p>
<p><h3>File: aln/Q9DGG6^.^380^560^.aln   </h3>
<table width="90%"><tr><td bgcolor="#CCFFCC">
<pre>
# DE   Alignment of query sequence against library of signatures
</pre>
</td></tr></table><p>
<p><h3>File: aln/Q9ERL9^.^480^631^.aln   </h3>
<table width="90%"><tr><td bgcolor="#CCFFCC">
<pre>
# DE   Alignment of query sequence against library of signatures
</pre>
</td></tr></table><p>
<p><h3>File: aln/Q9WVI4^.^516^664^.aln</h3>
<table width="90%"><tr><td bgcolor="#CCFFCC">
<pre>
# DE   Alignment of query sequence against library of signatures
</pre>
</td></tr></table><p>
<p><h3>Directory: results</h3>
<p>This directory contains output files, for example Q99396^.^262^473^.results        Q9DGG6^.^380^560^.results        Q9ERL9^.^480^631^.results        and Q9WVI4^.^516^664^.results.
<p><h3>File: results/Q99396^.^262^473^.results       </h3>
<table width="90%"><tr><td bgcolor="#CCFFCC">
<pre>
LIGID     PATCHES   SITES     SCORE     
</pre>
</td></tr></table><p>
<p><h3>File: results/Q9DGG6^.^380^560^.results       </h3>
<table width="90%"><tr><td bgcolor="#CCFFCC">
<pre>
LIGID     PATCHES   SITES     SCORE     
</pre>
</td></tr></table><p>
<p><h3>File: results/Q9ERL9^.^480^631^.results       </h3>
<table width="90%"><tr><td bgcolor="#CCFFCC">
<pre>
LIGID     PATCHES   SITES     SCORE     
</pre>
</td></tr></table><p>
<p><h3>File: results/Q9WVI4^.^516^664^.results</h3>
<table width="90%"><tr><td bgcolor="#CCFFCC">
<pre>
LIGID     PATCHES   SITES     SCORE     
</pre>
</td></tr></table><p>
