
<a name="output.1"></a>
<h3>Output files for usage example </h3>
<p><h3>File: laci_ecoli.iep</h3>
<table width="90%"><tr><td bgcolor="#CCFFCC">
<pre>
IEP of LACI_ECOLI from 1 to 360
Isoelectric Point = 6.8820

   pH     Bound    Charge
  1.00    81.96    37.96
  1.50    81.89    37.89
  2.00    81.65    37.65
  2.50    80.91    36.91
  3.00    78.79    34.79
  3.50    73.70    29.70
  4.00    65.15    21.15
  4.50    56.73    12.73
  5.00    51.75     7.75
  5.50    49.36     5.36
  6.00    47.63     3.63
  6.50    45.56     1.56
  7.00    43.59    -0.41
  7.50    42.27    -1.73
  8.00    41.22    -2.78
  8.50    39.87    -4.13
  9.00    38.26    -5.74
  9.50    36.24    -7.76
 10.00    33.03   -10.97
 10.50    28.46   -15.54
 11.00    23.58   -20.42
 11.50    19.41   -24.59
 12.00    15.19   -28.81
 12.50     9.75   -34.25
 13.00     4.64   -39.36
 13.50     1.75   -42.25
 14.00     0.59   -43.41
</pre>
</td></tr></table><p>
