
<a name="output.1"></a>
<h3>Output files for usage example </h3>
<p><h3>File: 2hhb.con</h3>
<table width="90%"><tr><td bgcolor="#CCFFCC">
<pre>
XX   Inter-chain residue-residue contact data.
XX
TY   INTER
XX
EX   THRESH 1.0; IGNORE 20.0; NMOD 1; NCHA 4
XX
NE   6
XX
EN   [1]
XX
ID   PDB 2hhb; DOM .; LIG .
XX
CN   MO 1; CN1 1; CN2 2; ID1 A; ID2 B; NRES1 141; NRES2 146
XX
S1   SEQUENCE   141 AA;  15126 MW;  34D13618E62A33C1 CRC64;
     VLSPADKTNV KAAWGKVGAH AGEYGAEALE RMFLSFPTTK TYFPHFDLSH GSAQVKGHGK
     KVADALTNAV AHVDDMPNAL SALSDLHAHK LRVDPVNFKL LSHCLLVTLA AHLPAEFTPA
     VHASLDKFLA SVSTVLTSKY R
XX
S2   SEQUENCE   146 AA;  15867 MW;  EACBC707CFD466A1 CRC64;
     VHLTPEEKSA VTALWGKVNV DEVGGEALGR LLVVYPWTQR FFESFGDLST PDAVMGNPKV
     KAHGKKVLGA FSDGLAHLDN LKGTFATLSE LHCDKLHVDP ENFRLLGNVL VCVLAHHFGK
     EFTPPVQAAY QKVVAGVANA LAHKYH
XX
NC   SM 48; LI .
XX
SM   GLU 30 ; PRO 124
SM   ARG 31 ; PHE 122
SM   ARG 31 ; THR 123
SM   ARG 31 ; PRO 124
SM   ARG 31 ; GLN 127
SM   LEU 34 ; PRO 124
SM   LEU 34 ; PRO 125
SM   LEU 34 ; ALA 128
SM   SER 35 ; GLN 127
SM   SER 35 ; ALA 128
SM   SER 35 ; GLN 131
SM   PHE 36 ; GLN 131
SM   HIS 103 ; ASN 108
SM   HIS 103 ; VAL 111
SM   HIS 103 ; CYS 112
SM   HIS 103 ; GLN 127
SM   HIS 103 ; GLN 131
SM   CYS 104 ; GLN 127
SM   LEU 106 ; CYS 112
SM   VAL 107 ; VAL 111
SM   VAL 107 ; CYS 112
SM   VAL 107 ; ALA 115
SM   VAL 107 ; PHE 122
SM   VAL 107 ; GLN 127


<font color=red>  [Part of this file has been deleted for brevity]</font>

SM   GLU 27 ; PRO 124
SM   GLU 30 ; PRO 124
SM   ARG 31 ; PHE 122
SM   ARG 31 ; THR 123
SM   ARG 31 ; PRO 124
SM   ARG 31 ; GLN 127
SM   LEU 34 ; PRO 124
SM   LEU 34 ; PRO 125
SM   LEU 34 ; ALA 128
SM   SER 35 ; GLN 127
SM   SER 35 ; ALA 128
SM   SER 35 ; GLN 131
SM   PHE 36 ; GLN 131
SM   HIS 103 ; ASN 108
SM   HIS 103 ; VAL 111
SM   HIS 103 ; CYS 112
SM   HIS 103 ; GLN 127
SM   HIS 103 ; GLN 131
SM   CYS 104 ; GLN 127
SM   LEU 106 ; CYS 112
SM   VAL 107 ; VAL 111
SM   VAL 107 ; CYS 112
SM   VAL 107 ; ALA 115
SM   VAL 107 ; PHE 122
SM   VAL 107 ; GLN 127
SM   ALA 110 ; CYS 112
SM   ALA 110 ; ALA 115
SM   ALA 110 ; HIS 116
SM   ALA 111 ; ALA 115
SM   ALA 111 ; GLY 119
SM   LEU 113 ; HIS 116
SM   PRO 114 ; HIS 116
SM   PHE 117 ; ARG 30
SM   PHE 117 ; CYS 112
SM   PHE 117 ; HIS 116
SM   THR 118 ; ARG 30
SM   PRO 119 ; ARG 30
SM   PRO 119 ; VAL 33
SM   PRO 119 ; VAL 34
SM   PRO 119 ; MET 55
SM   ALA 120 ; VAL 33
SM   ALA 120 ; PRO 51
SM   HIS 122 ; ARG 30
SM   HIS 122 ; VAL 34
SM   HIS 122 ; VAL 109
SM   HIS 122 ; CYS 112
SM   ALA 123 ; VAL 33
SM   ALA 123 ; VAL 34
SM   ASP 126 ; VAL 34
SM   ASP 126 ; TYR 35
//
</pre>
</td></tr></table><p>
<p><h3>File: interface.log</h3>
<table width="90%"><tr><td bgcolor="#CCFFCC">
<pre>
2hhb
</pre>
</td></tr></table><p>
