
<a name="output.1"></a>
<h3>Output files for usage example </h3>
<p><h3>File: Epdbtosp.dat</h3>
<table width="90%"><tr><td bgcolor="#CCFFCC">
<pre>
EN   101M
XX
NE   1
XX
IN   MYG_PHYCA ID; P02185 ACC;
XX
//
EN   102L
XX
NE   1
XX
IN   LYCV_BPT4 ID; P00720 ACC;
XX
//
EN   102M
XX
NE   1
XX
IN   MYG_PHYCA ID; P02185 ACC;
XX
//
EN   103L
XX
NE   1
XX
IN   LYCV_BPT4 ID; P00720 ACC;
XX
//
EN   103M
XX
NE   1
XX
IN   MYG_PHYCA ID; P02185 ACC;
XX
//
EN   9XIA
XX
NE   1
XX
IN   XYLA_STRRU ID; P24300 ACC;
XX
//
EN   9XIM
XX
NE   1
XX
IN   XYLA_ACTMI ID; P12851 ACC;
XX
//
</pre>
</td></tr></table><p>
