
<a name="output.1"></a>
<h3>Output files for usage example </h3>
<p><h3>File: econtrast.outfile</h3>
<table width="90%"><tr><td bgcolor="#CCFFCC">
<pre>

Contrasts (columns are different characters)
--------- -------- --- --------- -----------

   0.74593   2.17989
   1.58474   0.71761
   1.19293   0.86790
   3.35832   0.89706

Covariance matrix
---------- ------

    3.9423    1.7028
    1.7028    1.7062

Regressions (columns on rows)
----------- -------- -- -----

    1.0000    0.4319
    0.9980    1.0000

Correlations
------------

    1.0000    0.6566
    0.6566    1.0000

</pre>
</td></tr></table><p>
