
<a name="output.1"></a>
<h3>Output files for usage example </h3>
<p><h3>File: ednacomp.outfile</h3>
<table width="90%"><tr><td bgcolor="#CCFFCC">
<pre>


One most parsimonious tree found:




           +--Epsilon   
        +--4  
     +--3  +--Delta     
     !  !  
  +--2  +-----Gamma     
  !  !  
--1  +--------Beta      
  !  
  +-----------Alpha     

  remember: this is an unrooted tree!


total number of compatible sites is       11.0


 steps in each site:
         0   1   2   3   4   5   6   7   8   9
     *-----------------------------------------
    0!       2   1   3   2   0   2   1   1   1
   10!   1   1   1   3                        

 compatibility (Y or N) of each site with this tree:

      0123456789
     *----------
   0 ! YYNYYYYYY
  10 !YYYN      

</pre>
</td></tr></table><p>
<p><h3>File: ednacomp.treefile</h3>
<table width="90%"><tr><td bgcolor="#CCFFCC">
<pre>
((((Epsilon,Delta),Gamma),Beta),Alpha);
</pre>
</td></tr></table><p>
