
<a name="output.1"></a>
<h3>Output files for usage example </h3>
<p><h3>File: ednapenny.outfile</h3>
<table width="90%"><tr><td bgcolor="#CCFFCC">
<pre>

Penny algorithm for DNA, version 3.57c
 branch-and-bound to find all most parsimonious trees


requires a total of              8.000

     9 trees in all found




  +--------------------Alpha1    
  !  
  !                 +--Delta     
  !              +--3  
  !           +--7  +--Epsilon   
--1           !  !  
  !     +-----6  +-----Gamma2    
  !     !     !  
  !  +--4     +--------Gamma1    
  !  !  !  
  !  !  !           +--Beta2     
  +--2  +-----------5  
     !              +--Beta1     
     !  
     +-----------------Alpha2    

  remember: this is an unrooted tree!





  +--------------------Alpha1    
  !  
  !                 +--Delta     
  !           +-----3  
  !           !     +--Epsilon   
--1     +-----6  
  !     !     !     +--Gamma2    
  !     !     +-----7  
  !  +--4           +--Gamma1    
  !  !  !  
  !  !  !           +--Beta2     
  +--2  +-----------5  
     !              +--Beta1     
     !  
     +-----------------Alpha2    



<font color=red>  [Part of this file has been deleted for brevity]</font>

     !              +--Beta2     
     +--------------5  
                    +--Beta1     

  remember: this is an unrooted tree!





  +--------------------Alpha1    
  !  
  !                 +--Delta     
  !           +-----3  
  !           !     +--Epsilon   
--1        +--6  
  !        !  !     +--Gamma2    
  !  +-----2  +-----7  
  !  !     !        +--Gamma1    
  !  !     !  
  +--4     +-----------Alpha2    
     !  
     !              +--Beta2     
     +--------------5  
                    +--Beta1     

  remember: this is an unrooted tree!





  +--------------------Alpha1    
  !  
  !                 +--Delta     
  !              +--3  
  !           +--6  +--Epsilon   
--1           !  !  
  !        +--7  +-----Gamma1    
  !        !  !  
  !  +-----2  +--------Gamma2    
  !  !     !  
  +--4     +-----------Alpha2    
     !  
     !              +--Beta2     
     +--------------5  
                    +--Beta1     

  remember: this is an unrooted tree!


</pre>
</td></tr></table><p>
<p><h3>File: ednapenny.treefile</h3>
<table width="90%"><tr><td bgcolor="#CCFFCC">
<pre>
(Alpha1,(((((Delta,Epsilon),Gamma2),Gamma1),(Beta2,Beta1)),Alpha2))[0.1111];
(Alpha1,((((Delta,Epsilon),(Gamma2,Gamma1)),(Beta2,Beta1)),Alpha2))[0.1111];
(Alpha1,(((((Delta,Epsilon),Gamma1),Gamma2),(Beta2,Beta1)),Alpha2))[0.1111];
(Alpha1,((((Delta,Epsilon),Gamma2),Gamma1),((Beta2,Beta1),Alpha2)))[0.1111];
(Alpha1,(((Delta,Epsilon),(Gamma2,Gamma1)),((Beta2,Beta1),Alpha2)))[0.1111];
(Alpha1,((((Delta,Epsilon),Gamma1),Gamma2),((Beta2,Beta1),Alpha2)))[0.1111];
(Alpha1,(((((Delta,Epsilon),Gamma2),Gamma1),Alpha2),(Beta2,Beta1)))[0.1111];
(Alpha1,((((Delta,Epsilon),(Gamma2,Gamma1)),Alpha2),(Beta2,Beta1)))[0.1111];
(Alpha1,(((((Delta,Epsilon),Gamma1),Gamma2),Alpha2),(Beta2,Beta1)))[0.1111];
</pre>
</td></tr></table><p>
