
<a name="output.1"></a>
<h3>Output files for usage example </h3>
<p><h3>File: emix.outfile</h3>
<table width="90%"><tr><td bgcolor="#CCFFCC">
<pre>
Wagner parsimony method


               


     4 trees in all found




           +--Epsilon   
     +-----4  
     !     +--Gamma     
  +--2  
  !  !     +--Delta     
--1  +-----3  
  !        +--Beta      
  !  
  +-----------Alpha     

  remember: this is an unrooted tree!


requires a total of      9.000





     +--------Gamma     
     !  
  +--2     +--Epsilon   
  !  !  +--4  
  !  +--3  +--Delta     
--1     !  
  !     +-----Beta      
  !  
  +-----------Alpha     

  remember: this is an unrooted tree!


requires a total of      9.000





     +--------Epsilon   
  +--4  
  !  !  +-----Gamma     
  !  +--2  
--1     !  +--Delta     
  !     +--3  
  !        +--Beta      
  !  
  +-----------Alpha     

  remember: this is an unrooted tree!


requires a total of      9.000





     +--------Gamma     
  +--2  
  !  !  +-----Epsilon   
  !  +--4  
--1     !  +--Delta     
  !     +--3  
  !        +--Beta      
  !  
  +-----------Alpha     

  remember: this is an unrooted tree!


requires a total of      9.000


</pre>
</td></tr></table><p>
<p><h3>File: emix.treefile</h3>
<table width="90%"><tr><td bgcolor="#CCFFCC">
<pre>
(((Epsilon,Gamma),(Delta,Beta)),Alpha)[0.2500];
((Gamma,((Epsilon,Delta),Beta)),Alpha)[0.2500];
((Epsilon,(Gamma,(Delta,Beta))),Alpha)[0.2500];
((Gamma,(Epsilon,(Delta,Beta))),Alpha)[0.2500];
</pre>
</td></tr></table><p>
