
<a name="output.1"></a>
<h3>Output files for usage example </h3>
<p><h3>File: eprotpars.outfile</h3>
<table width="90%"><tr><td bgcolor="#CCFFCC">
<pre>


     3 trees in all found




     +--------Gamma     
     !  
  +--2     +--Epsilon   
  !  !  +--4  
  !  +--3  +--Delta     
--1     !  
  !     +-----Beta      
  !  
  +-----------Alpha     

  remember: this is an unrooted tree!


requires a total of     16.000




           +--Epsilon   
        +--4  
     +--3  +--Delta     
     !  !  
  +--2  +-----Gamma     
  !  !  
--1  +--------Beta      
  !  
  +-----------Alpha     

  remember: this is an unrooted tree!


requires a total of     16.000




           +--Epsilon   
     +-----4  
     !     +--Delta     
  +--3  
  !  !     +--Gamma     
--1  +-----2  
  !        +--Beta      
  !  
  +-----------Alpha     

  remember: this is an unrooted tree!


requires a total of     16.000

</pre>
</td></tr></table><p>
<p><h3>File: eprotpars.treefile</h3>
<table width="90%"><tr><td bgcolor="#CCFFCC">
<pre>
((Gamma,((Epsilon,Delta),Beta)),Alpha)[0.3333];
((((Epsilon,Delta),Gamma),Beta),Alpha)[0.3333];
(((Epsilon,Delta),(Gamma,Beta)),Alpha)[0.3333];
</pre>
</td></tr></table><p>
