
<a name="output.1"></a>
<h3>Output files for usage example </h3>
<p><h3>File: iprtest.eiprscan</h3>
<table width="90%"><tr><td bgcolor="#CCFFCC">
<pre>
RS16_ECOLI	F94D07049A6D489D	82	BlastProDom	PD003791	RS16_BUCAI_P57474;	9	77	1e-19	T	01-Jul-2010	IPR000307	Ribosomal protein S16	Molecular Function: structural constituent of ribosome (GO:0003735), Cellular Component: intracellular (GO:0005622), Cellular Component: ribosome (GO:0005840), Biological Process: translation (GO:0006412)
Q9RHD9	D44DAE8C544CB7C1	267	Coil	coil	coiled-coil	225	246	NA	?	01-Jul-2010	NULL	NULL
RS16_ECOLI	F94D07049A6D489D	82	Gene3D	G3DSA:3.30.1320.10	no description	1	77	1.7e-25	T	01-Jul-2010	IPR000307	Ribosomal protein S16	Molecular Function: structural constituent of ribosome (GO:0003735), Cellular Component: intracellular (GO:0005622), Cellular Component: ribosome (GO:0005840), Biological Process: translation (GO:0006412)
Q9RHD9	D44DAE8C544CB7C1	267	Gene3D	G3DSA:2.40.50.140	no description	3	57	4.5e-10	T	01-Jul-2010	IPR012340	Nucleic acid-binding, OB-fold	
Q9RHD9	D44DAE8C544CB7C1	267	Gene3D	G3DSA:2.40.50.140	no description	67	144	1.3e-16	T	01-Jul-2010	IPR012340	Nucleic acid-binding, OB-fold	
Q9RHD9	D44DAE8C544CB7C1	267	Gene3D	G3DSA:2.40.50.140	no description	156	230	9.2e-17	T	01-Jul-2010	IPR012340	Nucleic acid-binding, OB-fold	
Y902_MYCTU	CD84A335CCFFE6D7	446	Gene3D	G3DSA:3.30.565.10	no description	301	443	6.3e-25	T	01-Jul-2010	IPR003594	ATP-binding region, ATPase-like	Molecular Function: ATP binding (GO:0005524)
Y902_MYCTU	CD84A335CCFFE6D7	446	HMMPanther	PTHR23283:SF23	SENSORY TRANSDUCTION HISTIDINE KINASE (BACTERIAL SENSOR PROTEIN)	6	57	1.9e-48	T	01-Jul-2010	NULL	NULL	
Y902_MYCTU	CD84A335CCFFE6D7	446	HMMPanther	PTHR23283:SF23	SENSORY TRANSDUCTION HISTIDINE KINASE (BACTERIAL SENSOR PROTEIN)	151	443	1.9e-48	T	01-Jul-2010	NULL	NULL	
Y902_MYCTU	CD84A335CCFFE6D7	446	HMMPanther	PTHR23283	SENSOR HISTIDINE KINASE-RELATED	6	57	1.9e-48	T	01-Jul-2010	NULL	NULL	
Y902_MYCTU	CD84A335CCFFE6D7	446	HMMPanther	PTHR23283	SENSOR HISTIDINE KINASE-RELATED	151	443	1.9e-48	T	01-Jul-2010	NULL	NULL	
RS16_ECOLI	F94D07049A6D489D	82	HMMPanther	PTHR12919	30S RIBOSOMAL PROTEIN S16	1	78	4.2e-36	T	01-Jul-2010	IPR000307	Ribosomal protein S16	Molecular Function: structural constituent of ribosome (GO:0003735), Cellular Component: intracellular (GO:0005622), Cellular Component: ribosome (GO:0005840), Biological Process: translation (GO:0006412)
Q9RHD9	D44DAE8C544CB7C1	267	HMMPanther	PTHR23270	PROGRAMMED CELL DEATH PROTEIN 11 (PRE-RRNA PROCESSING PROTEIN RRP5)	72	239	2.6e-09	T	01-Jul-2010	NULL	NULL	
RS16_ECOLI	F94D07049A6D489D	82	HMMPfam	PF00886	Ribosomal_S16	8	68	1.5e-35	T	01-Jul-2010	IPR000307	Ribosomal protein S16	Molecular Function: structural constituent of ribosome (GO:0003735), Cellular Component: intracellular (GO:0005622), Cellular Component: ribosome (GO:0005840), Biological Process: translation (GO:0006412)
Q9RHD9	D44DAE8C544CB7C1	267	HMMPfam	PF00575	S1	1	55	1.9e-08	T	01-Jul-2010	IPR003029	S1, RNA binding	Molecular Function: RNA binding (GO:0003723)
Q9RHD9	D44DAE8C544CB7C1	267	HMMPfam	PF00575	S1	68	142	2.2e-21	T	01-Jul-2010	IPR003029	S1, RNA binding	Molecular Function: RNA binding (GO:0003723)
Q9RHD9	D44DAE8C544CB7C1	267	HMMPfam	PF00575	S1	155	228	9.7e-22	T	01-Jul-2010	IPR003029	S1, RNA binding	Molecular Function: RNA binding (GO:0003723)
Y902_MYCTU	CD84A335CCFFE6D7	446	HMMPfam	PF00672	HAMP	151	219	4.7e-11	T	01-Jul-2010	IPR003660	Signal transduction histidine kinase, HAMP region	Molecular Function: signal transducer activity (GO:0004871), Biological Process: signal transduction (GO:0007165), Cellular Component: membrane (GO:0016020)
Y902_MYCTU	CD84A335CCFFE6D7	446	HMMPfam	PF00512	HisKA	230	296	1.3e-13	T	01-Jul-2010	IPR003661	Signal transduction histidine kinase, subgroup 1, dimerisation and phosphoacceptor region	Molecular Function: two-component sensor activity (GO:0000155), Biological Process: signal transduction (GO:0007165), Cellular Component: membrane (GO:0016020)
Y902_MYCTU	CD84A335CCFFE6D7	446	HMMPfam	PF02518	HATPase_c	338	445	3.4e-29	T	01-Jul-2010	IPR003594	ATP-binding region, ATPase-like	Molecular Function: ATP binding (GO:0005524)
Q9RHD9	D44DAE8C544CB7C1	267	HMMSmart	SM00316	no description	3	55	1.2e-06	T	01-Jul-2010	IPR003029	S1, RNA binding	Molecular Function: RNA binding (GO:0003723)
Q9RHD9	D44DAE8C544CB7C1	267	HMMSmart	SM00316	no description	70	142	1.4e-19	T	01-Jul-2010	IPR003029	S1, RNA binding	Molecular Function: RNA binding (GO:0003723)
Q9RHD9	D44DAE8C544CB7C1	267	HMMSmart	SM00316	no description	157	228	2.6e-21	T	01-Jul-2010	IPR003029	S1, RNA binding	Molecular Function: RNA binding (GO:0003723)
Y902_MYCTU	CD84A335CCFFE6D7	446	HMMSmart	SM00304	no description	170	222	3.1e-06	T	01-Jul-2010	IPR003660	Signal transduction histidine kinase, HAMP region	Molecular Function: signal transducer activity (GO:0004871), Biological Process: signal transduction (GO:0007165), Cellular Component: membrane (GO:0016020)
Y902_MYCTU	CD84A335CCFFE6D7	446	HMMSmart	SM00388	no description	230	296	2.4e-12	T	01-Jul-2010	IPR003661	Signal transduction histidine kinase, subgroup 1, dimerisation and phosphoacceptor region	Molecular Function: two-component sensor activity (GO:0000155), Biological Process: signal transduction (GO:0007165), Cellular Component: membrane (GO:0016020)
Y902_MYCTU	CD84A335CCFFE6D7	446	HMMSmart	SM00387	no description	338	446	5e-24	T	01-Jul-2010	IPR003594	ATP-binding region, ATPase-like	Molecular Function: ATP binding (GO:0005524)
RS16_ECOLI	F94D07049A6D489D	82	HMMTigr	TIGR00002	S16: ribosomal protein S16	2	81	1.8e-32	T	01-Jul-2010	IPR000307	Ribosomal protein S16	Molecular Function: structural constituent of ribosome (GO:0003735), Cellular Component: intracellular (GO:0005622), Cellular Component: ribosome (GO:0005840), Biological Process: translation (GO:0006412)
Q9RHD9	D44DAE8C544CB7C1	267	FPrintScan	PR00681	RIBOSOMALS1	6	27	7.9e-17	T	01-Jul-2010	IPR000110	Ribosomal protein S1	Molecular Function: RNA binding (GO:0003723), Molecular Function: structural constituent of ribosome (GO:0003735), Cellular Component: ribosome (GO:0005840), Biological Process: translation (GO:0006412)
Q9RHD9	D44DAE8C544CB7C1	267	FPrintScan	PR00681	RIBOSOMALS1	85	104	7.9e-17	T	01-Jul-2010	IPR000110	Ribosomal protein S1	Molecular Function: RNA binding (GO:0003723), Molecular Function: structural constituent of ribosome (GO:0003735), Cellular Component: ribosome (GO:0005840), Biological Process: translation (GO:0006412)
Q9RHD9	D44DAE8C544CB7C1	267	FPrintScan	PR00681	RIBOSOMALS1	125	143	7.9e-17	T	01-Jul-2010	IPR000110	Ribosomal protein S1	Molecular Function: RNA binding (GO:0003723), Molecular Function: structural constituent of ribosome (GO:0003735), Cellular Component: ribosome (GO:0005840), Biological Process: translation (GO:0006412)
Y902_MYCTU	CD84A335CCFFE6D7	446	FPrintScan	PR00344	BCTRLSENSOR	374	388	1.1e-11	T	01-Jul-2010	IPR004358	Signal transduction histidine kinase-related protein, C-terminal	Biological Process: phosphorylation (GO:0016310), Molecular Function: transferase activity, transferring phosphorus-containing groups (GO:0016772)
Y902_MYCTU	CD84A335CCFFE6D7	446	FPrintScan	PR00344	BCTRLSENSOR	392	402	1.1e-11	T	01-Jul-2010	IPR004358	Signal transduction histidine kinase-related protein, C-terminal	Biological Process: phosphorylation (GO:0016310), Molecular Function: transferase activity, transferring phosphorus-containing groups (GO:0016772)
Y902_MYCTU	CD84A335CCFFE6D7	446	FPrintScan	PR00344	BCTRLSENSOR	406	424	1.1e-11	T	01-Jul-2010	IPR004358	Signal transduction histidine kinase-related protein, C-terminal	Biological Process: phosphorylation (GO:0016310), Molecular Function: transferase activity, transferring phosphorus-containing groups (GO:0016772)
Y902_MYCTU	CD84A335CCFFE6D7	446	FPrintScan	PR00344	BCTRLSENSOR	430	443	1.1e-11	T	01-Jul-2010	IPR004358	Signal transduction histidine kinase-related protein, C-terminal	Biological Process: phosphorylation (GO:0016310), Molecular Function: transferase activity, transferring phosphorus-containing groups (GO:0016772)
RS16_ECOLI	F94D07049A6D489D	82	ScanRegExp	PS00732	RIBOSOMAL_S16	2	11	8e-5	T	01-Jul-2010	IPR000307	Ribosomal protein S16	Molecular Function: structural constituent of ribosome (GO:0003735), Cellular Component: intracellular (GO:0005622), Cellular Component: ribosome (GO:0005840), Biological Process: translation (GO:0006412)
Q9RHD9	D44DAE8C544CB7C1	267	ProfileScan	PS50126	S1	1	55	14.869	T	01-Jul-2010	IPR003029	S1, RNA binding	Molecular Function: RNA binding (GO:0003723)
Q9RHD9	D44DAE8C544CB7C1	267	ProfileScan	PS50126	S1	72	142	20.809	T	01-Jul-2010	IPR003029	S1, RNA binding	Molecular Function: RNA binding (GO:0003723)
Q9RHD9	D44DAE8C544CB7C1	267	ProfileScan	PS50126	S1	159	228	22.541	T	01-Jul-2010	IPR003029	S1, RNA binding	Molecular Function: RNA binding (GO:0003723)
Y902_MYCTU	CD84A335CCFFE6D7	446	ProfileScan	PS50885	HAMP	170	222	7.777	T	01-Jul-2010	IPR003660	Signal transduction histidine kinase, HAMP region	Molecular Function: signal transducer activity (GO:0004871), Biological Process: signal transduction (GO:0007165), Cellular Component: membrane (GO:0016020)
Y902_MYCTU	CD84A335CCFFE6D7	446	ProfileScan	PS50109	HIS_KIN	237	446	34.449	T	01-Jul-2010	IPR005467	Signal transduction histidine kinase, core	Molecular Function: two-component sensor activity (GO:0000155), Molecular Function: protein histidine kinase activity (GO:0004673), Biological Process: signal transduction (GO:0007165), Biological Process: peptidyl-histidine phosphorylation (GO:0018106)
RS16_ECOLI	F94D07049A6D489D	82	superfamily	SSF54565	Ribosomal protein S16	1	79	3.1e-27	T	01-Jul-2010	IPR000307	Ribosomal protein S16	Molecular Function: structural constituent of ribosome (GO:0003735), Cellular Component: intracellular (GO:0005622), Cellular Component: ribosome (GO:0005840), Biological Process: translation (GO:0006412)
Q9RHD9	D44DAE8C544CB7C1	267	superfamily	SSF50249	Nucleic acid-binding proteins	67	220	7.6e-41	T	01-Jul-2010	IPR016027	Nucleic acid-binding, OB-fold-like	
Q9RHD9	D44DAE8C544CB7C1	267	superfamily	SSF50249	Nucleic acid-binding proteins	3	61	1.4e-14	T	01-Jul-2010	IPR016027	Nucleic acid-binding, OB-fold-like	
Y902_MYCTU	CD84A335CCFFE6D7	446	superfamily	SSF55874	ATPase domain of HSP90 chaperone/DNA topoisomerase II/histidine kinase	303	444	8e-31	T	01-Jul-2010	IPR003594	ATP-binding region, ATPase-like	Molecular Function: ATP binding (GO:0005524)
Y902_MYCTU	CD84A335CCFFE6D7	446	superfamily	SSF47384	Homodimeric domain of signal transducing histidine kinase	220	292	4.8e-12	T	01-Jul-2010	IPR009082	Signal transduction histidine kinase, homodimeric	Molecular Function: signal transducer activity (GO:0004871), Biological Process: signal transduction (GO:0007165)
Q9RHD9	D44DAE8C544CB7C1	267	Seg	seg	seg	29	40	NA	?	01-Jul-2010	NULL	NULL
Q9RHD9	D44DAE8C544CB7C1	267	Seg	seg	seg	84	98	NA	?	01-Jul-2010	NULL	NULL
Q9RHD9	D44DAE8C544CB7C1	267	Seg	seg	seg	222	237	NA	?	01-Jul-2010	NULL	NULL
Y902_MYCTU	CD84A335CCFFE6D7	446	Seg	seg	seg	44	55	NA	?	01-Jul-2010	NULL	NULL
Y902_MYCTU	CD84A335CCFFE6D7	446	Seg	seg	seg	108	120	NA	?	01-Jul-2010	NULL	NULL
Y902_MYCTU	CD84A335CCFFE6D7	446	Seg	seg	seg	160	173	NA	?	01-Jul-2010	NULL	NULL
Y902_MYCTU	CD84A335CCFFE6D7	446	Seg	seg	seg	308	319	NA	?	01-Jul-2010	NULL	NULL
Y902_MYCTU	CD84A335CCFFE6D7	446	Seg	seg	seg	400	424	NA	?	01-Jul-2010	NULL	NULL
</pre>
</td></tr></table><p>
