
<a name="output.1"></a>
<h3>Output files for usage example </h3>
<p><h3>File: ex2.html</h3>
<table width="90%"><tr><td bgcolor="#CCFFCC">
&lt;!DOCTYPE HTML PUBLIC "-//W3C//DTD HTML 4.01 Transitional//EN"&gt;
&lt;HTML&gt;
&lt;HEAD&gt;
&lt;meta http-equiv="Content-Type" content="text/html; charset=ISO-8859-1"&gt;
&lt;TITLE&gt;MEME&lt;/TITLE&gt;
&lt;STYLE type="text/css"&gt;
  TD.invisible { color: '#D5F0FF'; }
  TD.c0 { background: aqua; color: black; }
  TD.cw0 { background: aqua; color: black; font: 50% sans-serif; }
  TD.c1 { background: blue; color: white; }
  TD.cw1 { background: blue; color: white; font: 50% sans-serif; }
  TD.c2 { background: red; color: white; }
  TD.cw2 { background: red; color: white; font: 50% sans-serif; }
  TD.c3 { background: fuchsia; color: black; }
  TD.cw3 { background: fuchsia; color: black; font: 50% sans-serif; }
  TD.c4 { background: yellow; color: black; }
  TD.cw4 { background: yellow; color: black; font: 50% sans-serif; }
  TD.c5 { background: lime; color: black; }
  TD.cw5 { background: lime; color: black; font: 50% sans-serif; }
  TD.c6 { background: teal; color: white; }
  TD.cw6 { background: teal; color: white; font: 50% sans-serif; }
  TD.c7 { background: #444444; color: white; }
  TD.cw7 { background: #444444; color: white; font: 50% sans-serif; }
  TD.c8 { background: green; color: white; }
  TD.cw8 { background: green; color: white; font: 50% sans-serif; }
  TD.c9 { background: silver; color: black; }
  TD.cw9 { background: silver; color: black; font: 50% sans-serif; }
  TD.c10 { background: purple; color: white; }
  TD.cw10 { background: purple; color: white; font: 50% sans-serif; }
  TD.c11 { background: olive; color: black; }
  TD.cw11 { background: olive; color: black; font: 50% sans-serif; }
  TD.c12 { background: navy; color: white; }
  TD.cw12 { background: navy; color: white; font: 50% sans-serif; }
  TD.c13 { background: maroon; color: white; }
  TD.cw13 { background: maroon; color: white; font: 50% sans-serif; }
  TD.c14 { background: black; color: white; }
  TD.cw14 { background: black; color: white; font: 50% sans-serif; }
  TD.c15 { background: white; color: black; }
  TD.cw15 { background: white; color: black; font: 50% sans-serif; }
  B.red { color: red; }
  TD.red { color: red; }
  TH.red { color: red; }
  B.blue { color: blue; }
  TD.blue { color: blue; }
  TH.blue { color: blue; }
  B.orange { color: orange; }
  TD.orange { color: orange; }
  TH.orange { color: orange; }
  B.green { color: green; }
  TD.green { color: green; }


<font color=red>  [Part of this file has been deleted for brevity]</font>

position one first.
The motif is preceded by a line starting with
"letter-probability matrix:" and containing the length of the alphabet, width
of the motif, number of occurrences of the motif, and the &lt;I&gt;E&lt;/I&gt;-value of the
motif.
&lt;p&gt;
&lt;b&gt;Note:&lt;/b&gt; Earlier versions
of MEME gave the posterior probabilities--the probability after applying
a prior on letter frequencies--rather than the observed frequencies.
These versions of MEME also gave the number of &lt;I&gt;possible&lt;/I&gt;
positions for the motif rather than the actual number of occurrences.
The output from these earlier versions of MEME can be distinguished
by "n=" rather than "nsites=" in the line preceding the matrix.

&lt;P&gt;
&lt;LI&gt; &lt;A NAME=regular_expression_doc2 HREF=#regular_expression1&gt;&lt;H4&gt;
Regular Expression&lt;/H4&gt;&lt;/A&gt;
This is the &lt;A HREF=#consensus_doc2&gt;multilevel consensus&lt;/A&gt; expressed as
a regular expression for convenience.  Regular expressions can
be used for searching for against sequences (using, for example,
&lt;A HREF="http://nar.oxfordjournals.org/cgi/content/full/33/suppl_2/W262"&gt;PatMatch&lt;/A&gt;)  
but the search accuracy will usually be better with the PSSM (using,
for example
&lt;A HREF=http://meme.nbcr.net/meme/mast-intro.html&gt;MAST&lt;/A&gt;.)
MEME regular expressions are interpreted as follows: 
single letters match that letter; groups of letters in square brackets 
match any of the letters in the group.

&lt;P&gt;
&lt;LI&gt; &lt;A NAME=motif-summary-doc2 HREF=#motif-summary&gt;&lt;H4&gt;
Motif Summary Tiling&lt;/H4&gt;&lt;/A&gt;
The motif summary tiling is done using the same algorithm as used
by &lt;A HREF=http://meme.nbcr.net/meme/mast-intro.html&gt;MAST&lt;/A&gt;.
The motif occurrences shown in the motif summary
&lt;B&gt;may not be exactly the same as those reported in each motif section&lt;/B&gt;
because only motifs with a position &lt;em&gt;p&lt;/em&gt;-value of 0.0001 that
don't overlap other, more significant motif occurrences are shown.
The format of the machine readable motif-summary is:
&lt;pre&gt;
[sequence_name combined_&lt;em&gt;p&lt;/em&gt;-value number_of_motif_occurrences [motif_number start_of_motif position_&lt;em&gt;p&lt;/em&gt;-value]+]+
&lt;/pre&gt;
See the documentation for 
&lt;A HREF=http://meme.nbcr.net/meme/mast-output.html&gt;MAST output&lt;/A&gt; for the definition of position and
combined &lt;em&gt;p&lt;/em&gt;-values.

&lt;/UL&gt;
&lt;HR&gt;&lt;TABLE SUMMARY='buttons' ALIGN=LEFT CELLSPACING=0&gt;&lt;TR&gt;
  &lt;TD BGCOLOR='#DDDDFF'&gt;&lt;A HREF="#top_buttons"&gt;&lt;B&gt;Go to top&lt;/B&gt;&lt;/A&gt;&lt;/TABLE&gt;&lt;BR&gt;
&lt;/FORM&gt;
&lt;/BODY&gt;
&lt;/HTML&gt;
</td></tr></table><p>

<a name="output.2"></a>
<h3>Output files for usage example 2</h3>
<p><h3>File: ex3.html</h3>
<table width="90%"><tr><td bgcolor="#CCFFCC">
&lt;!DOCTYPE HTML PUBLIC "-//W3C//DTD HTML 4.01 Transitional//EN"&gt;
&lt;HTML&gt;
&lt;HEAD&gt;
&lt;meta http-equiv="Content-Type" content="text/html; charset=ISO-8859-1"&gt;
&lt;TITLE&gt;MEME&lt;/TITLE&gt;
&lt;STYLE type="text/css"&gt;
  TD.invisible { color: '#D5F0FF'; }
  TD.c0 { background: aqua; color: black; }
  TD.cw0 { background: aqua; color: black; font: 50% sans-serif; }
  TD.c1 { background: blue; color: white; }
  TD.cw1 { background: blue; color: white; font: 50% sans-serif; }
  TD.c2 { background: red; color: white; }
  TD.cw2 { background: red; color: white; font: 50% sans-serif; }
  TD.c3 { background: fuchsia; color: black; }
  TD.cw3 { background: fuchsia; color: black; font: 50% sans-serif; }
  TD.c4 { background: yellow; color: black; }
  TD.cw4 { background: yellow; color: black; font: 50% sans-serif; }
  TD.c5 { background: lime; color: black; }
  TD.cw5 { background: lime; color: black; font: 50% sans-serif; }
  TD.c6 { background: teal; color: white; }
  TD.cw6 { background: teal; color: white; font: 50% sans-serif; }
  TD.c7 { background: #444444; color: white; }
  TD.cw7 { background: #444444; color: white; font: 50% sans-serif; }
  TD.c8 { background: green; color: white; }
  TD.cw8 { background: green; color: white; font: 50% sans-serif; }
  TD.c9 { background: silver; color: black; }
  TD.cw9 { background: silver; color: black; font: 50% sans-serif; }
  TD.c10 { background: purple; color: white; }
  TD.cw10 { background: purple; color: white; font: 50% sans-serif; }
  TD.c11 { background: olive; color: black; }
  TD.cw11 { background: olive; color: black; font: 50% sans-serif; }
  TD.c12 { background: navy; color: white; }
  TD.cw12 { background: navy; color: white; font: 50% sans-serif; }
  TD.c13 { background: maroon; color: white; }
  TD.cw13 { background: maroon; color: white; font: 50% sans-serif; }
  TD.c14 { background: black; color: white; }
  TD.cw14 { background: black; color: white; font: 50% sans-serif; }
  TD.c15 { background: white; color: black; }
  TD.cw15 { background: white; color: black; font: 50% sans-serif; }
  B.red { color: red; }
  TD.red { color: red; }
  TH.red { color: red; }
  B.blue { color: blue; }
  TD.blue { color: blue; }
  TH.blue { color: blue; }
  B.orange { color: orange; }
  TD.orange { color: orange; }
  TH.orange { color: orange; }
  B.green { color: green; }
  TD.green { color: green; }


<font color=red>  [Part of this file has been deleted for brevity]</font>

position one first.
The motif is preceded by a line starting with
"letter-probability matrix:" and containing the length of the alphabet, width
of the motif, number of occurrences of the motif, and the &lt;I&gt;E&lt;/I&gt;-value of the
motif.
&lt;p&gt;
&lt;b&gt;Note:&lt;/b&gt; Earlier versions
of MEME gave the posterior probabilities--the probability after applying
a prior on letter frequencies--rather than the observed frequencies.
These versions of MEME also gave the number of &lt;I&gt;possible&lt;/I&gt;
positions for the motif rather than the actual number of occurrences.
The output from these earlier versions of MEME can be distinguished
by "n=" rather than "nsites=" in the line preceding the matrix.

&lt;P&gt;
&lt;LI&gt; &lt;A NAME=regular_expression_doc2 HREF=#regular_expression1&gt;&lt;H4&gt;
Regular Expression&lt;/H4&gt;&lt;/A&gt;
This is the &lt;A HREF=#consensus_doc2&gt;multilevel consensus&lt;/A&gt; expressed as
a regular expression for convenience.  Regular expressions can
be used for searching for against sequences (using, for example,
&lt;A HREF="http://nar.oxfordjournals.org/cgi/content/full/33/suppl_2/W262"&gt;PatMatch&lt;/A&gt;)  
but the search accuracy will usually be better with the PSSM (using,
for example
&lt;A HREF=http://meme.nbcr.net/meme/mast-intro.html&gt;MAST&lt;/A&gt;.)
MEME regular expressions are interpreted as follows: 
single letters match that letter; groups of letters in square brackets 
match any of the letters in the group.

&lt;P&gt;
&lt;LI&gt; &lt;A NAME=motif-summary-doc2 HREF=#motif-summary&gt;&lt;H4&gt;
Motif Summary Tiling&lt;/H4&gt;&lt;/A&gt;
The motif summary tiling is done using the same algorithm as used
by &lt;A HREF=http://meme.nbcr.net/meme/mast-intro.html&gt;MAST&lt;/A&gt;.
The motif occurrences shown in the motif summary
&lt;B&gt;may not be exactly the same as those reported in each motif section&lt;/B&gt;
because only motifs with a position &lt;em&gt;p&lt;/em&gt;-value of 0.0001 that
don't overlap other, more significant motif occurrences are shown.
The format of the machine readable motif-summary is:
&lt;pre&gt;
[sequence_name combined_&lt;em&gt;p&lt;/em&gt;-value number_of_motif_occurrences [motif_number start_of_motif position_&lt;em&gt;p&lt;/em&gt;-value]+]+
&lt;/pre&gt;
See the documentation for 
&lt;A HREF=http://meme.nbcr.net/meme/mast-output.html&gt;MAST output&lt;/A&gt; for the definition of position and
combined &lt;em&gt;p&lt;/em&gt;-values.

&lt;/UL&gt;
&lt;HR&gt;&lt;TABLE SUMMARY='buttons' ALIGN=LEFT CELLSPACING=0&gt;&lt;TR&gt;
  &lt;TD BGCOLOR='#DDDDFF'&gt;&lt;A HREF="#top_buttons"&gt;&lt;B&gt;Go to top&lt;/B&gt;&lt;/A&gt;&lt;/TABLE&gt;&lt;BR&gt;
&lt;/FORM&gt;
&lt;/BODY&gt;
&lt;/HTML&gt;
</td></tr></table><p>

<a name="output.3"></a>
<h3>Output files for usage example 3</h3>
<p><h3>File: ex4.html</h3>
<table width="90%"><tr><td bgcolor="#CCFFCC">
&lt;!DOCTYPE HTML PUBLIC "-//W3C//DTD HTML 4.01 Transitional//EN"&gt;
&lt;HTML&gt;
&lt;HEAD&gt;
&lt;meta http-equiv="Content-Type" content="text/html; charset=ISO-8859-1"&gt;
&lt;TITLE&gt;MEME&lt;/TITLE&gt;
&lt;STYLE type="text/css"&gt;
  TD.invisible { color: '#D5F0FF'; }
  TD.c0 { background: aqua; color: black; }
  TD.cw0 { background: aqua; color: black; font: 50% sans-serif; }
  TD.c1 { background: blue; color: white; }
  TD.cw1 { background: blue; color: white; font: 50% sans-serif; }
  TD.c2 { background: red; color: white; }
  TD.cw2 { background: red; color: white; font: 50% sans-serif; }
  TD.c3 { background: fuchsia; color: black; }
  TD.cw3 { background: fuchsia; color: black; font: 50% sans-serif; }
  TD.c4 { background: yellow; color: black; }
  TD.cw4 { background: yellow; color: black; font: 50% sans-serif; }
  TD.c5 { background: lime; color: black; }
  TD.cw5 { background: lime; color: black; font: 50% sans-serif; }
  TD.c6 { background: teal; color: white; }
  TD.cw6 { background: teal; color: white; font: 50% sans-serif; }
  TD.c7 { background: #444444; color: white; }
  TD.cw7 { background: #444444; color: white; font: 50% sans-serif; }
  TD.c8 { background: green; color: white; }
  TD.cw8 { background: green; color: white; font: 50% sans-serif; }
  TD.c9 { background: silver; color: black; }
  TD.cw9 { background: silver; color: black; font: 50% sans-serif; }
  TD.c10 { background: purple; color: white; }
  TD.cw10 { background: purple; color: white; font: 50% sans-serif; }
  TD.c11 { background: olive; color: black; }
  TD.cw11 { background: olive; color: black; font: 50% sans-serif; }
  TD.c12 { background: navy; color: white; }
  TD.cw12 { background: navy; color: white; font: 50% sans-serif; }
  TD.c13 { background: maroon; color: white; }
  TD.cw13 { background: maroon; color: white; font: 50% sans-serif; }
  TD.c14 { background: black; color: white; }
  TD.cw14 { background: black; color: white; font: 50% sans-serif; }
  TD.c15 { background: white; color: black; }
  TD.cw15 { background: white; color: black; font: 50% sans-serif; }
  B.red { color: red; }
  TD.red { color: red; }
  TH.red { color: red; }
  B.blue { color: blue; }
  TD.blue { color: blue; }
  TH.blue { color: blue; }
  B.orange { color: orange; }
  TD.orange { color: orange; }
  TH.orange { color: orange; }
  B.green { color: green; }
  TD.green { color: green; }


<font color=red>  [Part of this file has been deleted for brevity]</font>

position one first.
The motif is preceded by a line starting with
"letter-probability matrix:" and containing the length of the alphabet, width
of the motif, number of occurrences of the motif, and the &lt;I&gt;E&lt;/I&gt;-value of the
motif.
&lt;p&gt;
&lt;b&gt;Note:&lt;/b&gt; Earlier versions
of MEME gave the posterior probabilities--the probability after applying
a prior on letter frequencies--rather than the observed frequencies.
These versions of MEME also gave the number of &lt;I&gt;possible&lt;/I&gt;
positions for the motif rather than the actual number of occurrences.
The output from these earlier versions of MEME can be distinguished
by "n=" rather than "nsites=" in the line preceding the matrix.

&lt;P&gt;
&lt;LI&gt; &lt;A NAME=regular_expression_doc2 HREF=#regular_expression1&gt;&lt;H4&gt;
Regular Expression&lt;/H4&gt;&lt;/A&gt;
This is the &lt;A HREF=#consensus_doc2&gt;multilevel consensus&lt;/A&gt; expressed as
a regular expression for convenience.  Regular expressions can
be used for searching for against sequences (using, for example,
&lt;A HREF="http://nar.oxfordjournals.org/cgi/content/full/33/suppl_2/W262"&gt;PatMatch&lt;/A&gt;)  
but the search accuracy will usually be better with the PSSM (using,
for example
&lt;A HREF=http://meme.nbcr.net/meme/mast-intro.html&gt;MAST&lt;/A&gt;.)
MEME regular expressions are interpreted as follows: 
single letters match that letter; groups of letters in square brackets 
match any of the letters in the group.

&lt;P&gt;
&lt;LI&gt; &lt;A NAME=motif-summary-doc2 HREF=#motif-summary&gt;&lt;H4&gt;
Motif Summary Tiling&lt;/H4&gt;&lt;/A&gt;
The motif summary tiling is done using the same algorithm as used
by &lt;A HREF=http://meme.nbcr.net/meme/mast-intro.html&gt;MAST&lt;/A&gt;.
The motif occurrences shown in the motif summary
&lt;B&gt;may not be exactly the same as those reported in each motif section&lt;/B&gt;
because only motifs with a position &lt;em&gt;p&lt;/em&gt;-value of 0.0001 that
don't overlap other, more significant motif occurrences are shown.
The format of the machine readable motif-summary is:
&lt;pre&gt;
[sequence_name combined_&lt;em&gt;p&lt;/em&gt;-value number_of_motif_occurrences [motif_number start_of_motif position_&lt;em&gt;p&lt;/em&gt;-value]+]+
&lt;/pre&gt;
See the documentation for 
&lt;A HREF=http://meme.nbcr.net/meme/mast-output.html&gt;MAST output&lt;/A&gt; for the definition of position and
combined &lt;em&gt;p&lt;/em&gt;-values.

&lt;/UL&gt;
&lt;HR&gt;&lt;TABLE SUMMARY='buttons' ALIGN=LEFT CELLSPACING=0&gt;&lt;TR&gt;
  &lt;TD BGCOLOR='#DDDDFF'&gt;&lt;A HREF="#top_buttons"&gt;&lt;B&gt;Go to top&lt;/B&gt;&lt;/A&gt;&lt;/TABLE&gt;&lt;BR&gt;
&lt;/FORM&gt;
&lt;/BODY&gt;
&lt;/HTML&gt;
</td></tr></table><p>

<a name="output.4"></a>
<h3>Output files for usage example 4</h3>
<p><h3>File: ex5.html</h3>
<table width="90%"><tr><td bgcolor="#CCFFCC">
&lt;!DOCTYPE HTML PUBLIC "-//W3C//DTD HTML 4.01 Transitional//EN"&gt;
&lt;HTML&gt;
&lt;HEAD&gt;
&lt;meta http-equiv="Content-Type" content="text/html; charset=ISO-8859-1"&gt;
&lt;TITLE&gt;MEME&lt;/TITLE&gt;
&lt;STYLE type="text/css"&gt;
  TD.invisible { color: '#D5F0FF'; }
  TD.c0 { background: aqua; color: black; }
  TD.cw0 { background: aqua; color: black; font: 50% sans-serif; }
  TD.c1 { background: blue; color: white; }
  TD.cw1 { background: blue; color: white; font: 50% sans-serif; }
  TD.c2 { background: red; color: white; }
  TD.cw2 { background: red; color: white; font: 50% sans-serif; }
  TD.c3 { background: fuchsia; color: black; }
  TD.cw3 { background: fuchsia; color: black; font: 50% sans-serif; }
  TD.c4 { background: yellow; color: black; }
  TD.cw4 { background: yellow; color: black; font: 50% sans-serif; }
  TD.c5 { background: lime; color: black; }
  TD.cw5 { background: lime; color: black; font: 50% sans-serif; }
  TD.c6 { background: teal; color: white; }
  TD.cw6 { background: teal; color: white; font: 50% sans-serif; }
  TD.c7 { background: #444444; color: white; }
  TD.cw7 { background: #444444; color: white; font: 50% sans-serif; }
  TD.c8 { background: green; color: white; }
  TD.cw8 { background: green; color: white; font: 50% sans-serif; }
  TD.c9 { background: silver; color: black; }
  TD.cw9 { background: silver; color: black; font: 50% sans-serif; }
  TD.c10 { background: purple; color: white; }
  TD.cw10 { background: purple; color: white; font: 50% sans-serif; }
  TD.c11 { background: olive; color: black; }
  TD.cw11 { background: olive; color: black; font: 50% sans-serif; }
  TD.c12 { background: navy; color: white; }
  TD.cw12 { background: navy; color: white; font: 50% sans-serif; }
  TD.c13 { background: maroon; color: white; }
  TD.cw13 { background: maroon; color: white; font: 50% sans-serif; }
  TD.c14 { background: black; color: white; }
  TD.cw14 { background: black; color: white; font: 50% sans-serif; }
  TD.c15 { background: white; color: black; }
  TD.cw15 { background: white; color: black; font: 50% sans-serif; }
  B.red { color: red; }
  TD.red { color: red; }
  TH.red { color: red; }
  B.blue { color: blue; }
  TD.blue { color: blue; }
  TH.blue { color: blue; }
  B.orange { color: orange; }
  TD.orange { color: orange; }
  TH.orange { color: orange; }
  B.green { color: green; }
  TD.green { color: green; }


<font color=red>  [Part of this file has been deleted for brevity]</font>

position one first.
The motif is preceded by a line starting with
"letter-probability matrix:" and containing the length of the alphabet, width
of the motif, number of occurrences of the motif, and the &lt;I&gt;E&lt;/I&gt;-value of the
motif.
&lt;p&gt;
&lt;b&gt;Note:&lt;/b&gt; Earlier versions
of MEME gave the posterior probabilities--the probability after applying
a prior on letter frequencies--rather than the observed frequencies.
These versions of MEME also gave the number of &lt;I&gt;possible&lt;/I&gt;
positions for the motif rather than the actual number of occurrences.
The output from these earlier versions of MEME can be distinguished
by "n=" rather than "nsites=" in the line preceding the matrix.

&lt;P&gt;
&lt;LI&gt; &lt;A NAME=regular_expression_doc2 HREF=#regular_expression1&gt;&lt;H4&gt;
Regular Expression&lt;/H4&gt;&lt;/A&gt;
This is the &lt;A HREF=#consensus_doc2&gt;multilevel consensus&lt;/A&gt; expressed as
a regular expression for convenience.  Regular expressions can
be used for searching for against sequences (using, for example,
&lt;A HREF="http://nar.oxfordjournals.org/cgi/content/full/33/suppl_2/W262"&gt;PatMatch&lt;/A&gt;)  
but the search accuracy will usually be better with the PSSM (using,
for example
&lt;A HREF=http://meme.nbcr.net/meme/mast-intro.html&gt;MAST&lt;/A&gt;.)
MEME regular expressions are interpreted as follows: 
single letters match that letter; groups of letters in square brackets 
match any of the letters in the group.

&lt;P&gt;
&lt;LI&gt; &lt;A NAME=motif-summary-doc2 HREF=#motif-summary&gt;&lt;H4&gt;
Motif Summary Tiling&lt;/H4&gt;&lt;/A&gt;
The motif summary tiling is done using the same algorithm as used
by &lt;A HREF=http://meme.nbcr.net/meme/mast-intro.html&gt;MAST&lt;/A&gt;.
The motif occurrences shown in the motif summary
&lt;B&gt;may not be exactly the same as those reported in each motif section&lt;/B&gt;
because only motifs with a position &lt;em&gt;p&lt;/em&gt;-value of 0.0001 that
don't overlap other, more significant motif occurrences are shown.
The format of the machine readable motif-summary is:
&lt;pre&gt;
[sequence_name combined_&lt;em&gt;p&lt;/em&gt;-value number_of_motif_occurrences [motif_number start_of_motif position_&lt;em&gt;p&lt;/em&gt;-value]+]+
&lt;/pre&gt;
See the documentation for 
&lt;A HREF=http://meme.nbcr.net/meme/mast-output.html&gt;MAST output&lt;/A&gt; for the definition of position and
combined &lt;em&gt;p&lt;/em&gt;-values.

&lt;/UL&gt;
&lt;HR&gt;&lt;TABLE SUMMARY='buttons' ALIGN=LEFT CELLSPACING=0&gt;&lt;TR&gt;
  &lt;TD BGCOLOR='#DDDDFF'&gt;&lt;A HREF="#top_buttons"&gt;&lt;B&gt;Go to top&lt;/B&gt;&lt;/A&gt;&lt;/TABLE&gt;&lt;BR&gt;
&lt;/FORM&gt;
&lt;/BODY&gt;
&lt;/HTML&gt;
</td></tr></table><p>

<a name="output.5"></a>
<h3>Output files for usage example 5</h3>
<p><h3>File: ex6.html</h3>
<table width="90%"><tr><td bgcolor="#CCFFCC">
&lt;!DOCTYPE HTML PUBLIC "-//W3C//DTD HTML 4.01 Transitional//EN"&gt;
&lt;HTML&gt;
&lt;HEAD&gt;
&lt;meta http-equiv="Content-Type" content="text/html; charset=ISO-8859-1"&gt;
&lt;TITLE&gt;MEME&lt;/TITLE&gt;
&lt;STYLE type="text/css"&gt;
  TD.invisible { color: '#D5F0FF'; }
  TD.c0 { background: aqua; color: black; }
  TD.cw0 { background: aqua; color: black; font: 50% sans-serif; }
  TD.c1 { background: blue; color: white; }
  TD.cw1 { background: blue; color: white; font: 50% sans-serif; }
  TD.c2 { background: red; color: white; }
  TD.cw2 { background: red; color: white; font: 50% sans-serif; }
  TD.c3 { background: fuchsia; color: black; }
  TD.cw3 { background: fuchsia; color: black; font: 50% sans-serif; }
  TD.c4 { background: yellow; color: black; }
  TD.cw4 { background: yellow; color: black; font: 50% sans-serif; }
  TD.c5 { background: lime; color: black; }
  TD.cw5 { background: lime; color: black; font: 50% sans-serif; }
  TD.c6 { background: teal; color: white; }
  TD.cw6 { background: teal; color: white; font: 50% sans-serif; }
  TD.c7 { background: #444444; color: white; }
  TD.cw7 { background: #444444; color: white; font: 50% sans-serif; }
  TD.c8 { background: green; color: white; }
  TD.cw8 { background: green; color: white; font: 50% sans-serif; }
  TD.c9 { background: silver; color: black; }
  TD.cw9 { background: silver; color: black; font: 50% sans-serif; }
  TD.c10 { background: purple; color: white; }
  TD.cw10 { background: purple; color: white; font: 50% sans-serif; }
  TD.c11 { background: olive; color: black; }
  TD.cw11 { background: olive; color: black; font: 50% sans-serif; }
  TD.c12 { background: navy; color: white; }
  TD.cw12 { background: navy; color: white; font: 50% sans-serif; }
  TD.c13 { background: maroon; color: white; }
  TD.cw13 { background: maroon; color: white; font: 50% sans-serif; }
  TD.c14 { background: black; color: white; }
  TD.cw14 { background: black; color: white; font: 50% sans-serif; }
  TD.c15 { background: white; color: black; }
  TD.cw15 { background: white; color: black; font: 50% sans-serif; }
  B.red { color: red; }
  TD.red { color: red; }
  TH.red { color: red; }
  B.blue { color: blue; }
  TD.blue { color: blue; }
  TH.blue { color: blue; }
  B.orange { color: orange; }
  TD.orange { color: orange; }
  TH.orange { color: orange; }
  B.green { color: green; }
  TD.green { color: green; }


<font color=red>  [Part of this file has been deleted for brevity]</font>

position one first.
The motif is preceded by a line starting with
"letter-probability matrix:" and containing the length of the alphabet, width
of the motif, number of occurrences of the motif, and the &lt;I&gt;E&lt;/I&gt;-value of the
motif.
&lt;p&gt;
&lt;b&gt;Note:&lt;/b&gt; Earlier versions
of MEME gave the posterior probabilities--the probability after applying
a prior on letter frequencies--rather than the observed frequencies.
These versions of MEME also gave the number of &lt;I&gt;possible&lt;/I&gt;
positions for the motif rather than the actual number of occurrences.
The output from these earlier versions of MEME can be distinguished
by "n=" rather than "nsites=" in the line preceding the matrix.

&lt;P&gt;
&lt;LI&gt; &lt;A NAME=regular_expression_doc2 HREF=#regular_expression1&gt;&lt;H4&gt;
Regular Expression&lt;/H4&gt;&lt;/A&gt;
This is the &lt;A HREF=#consensus_doc2&gt;multilevel consensus&lt;/A&gt; expressed as
a regular expression for convenience.  Regular expressions can
be used for searching for against sequences (using, for example,
&lt;A HREF="http://nar.oxfordjournals.org/cgi/content/full/33/suppl_2/W262"&gt;PatMatch&lt;/A&gt;)  
but the search accuracy will usually be better with the PSSM (using,
for example
&lt;A HREF=http://meme.nbcr.net/meme/mast-intro.html&gt;MAST&lt;/A&gt;.)
MEME regular expressions are interpreted as follows: 
single letters match that letter; groups of letters in square brackets 
match any of the letters in the group.

&lt;P&gt;
&lt;LI&gt; &lt;A NAME=motif-summary-doc2 HREF=#motif-summary&gt;&lt;H4&gt;
Motif Summary Tiling&lt;/H4&gt;&lt;/A&gt;
The motif summary tiling is done using the same algorithm as used
by &lt;A HREF=http://meme.nbcr.net/meme/mast-intro.html&gt;MAST&lt;/A&gt;.
The motif occurrences shown in the motif summary
&lt;B&gt;may not be exactly the same as those reported in each motif section&lt;/B&gt;
because only motifs with a position &lt;em&gt;p&lt;/em&gt;-value of 0.0001 that
don't overlap other, more significant motif occurrences are shown.
The format of the machine readable motif-summary is:
&lt;pre&gt;
[sequence_name combined_&lt;em&gt;p&lt;/em&gt;-value number_of_motif_occurrences [motif_number start_of_motif position_&lt;em&gt;p&lt;/em&gt;-value]+]+
&lt;/pre&gt;
See the documentation for 
&lt;A HREF=http://meme.nbcr.net/meme/mast-output.html&gt;MAST output&lt;/A&gt; for the definition of position and
combined &lt;em&gt;p&lt;/em&gt;-values.

&lt;/UL&gt;
&lt;HR&gt;&lt;TABLE SUMMARY='buttons' ALIGN=LEFT CELLSPACING=0&gt;&lt;TR&gt;
  &lt;TD BGCOLOR='#DDDDFF'&gt;&lt;A HREF="#top_buttons"&gt;&lt;B&gt;Go to top&lt;/B&gt;&lt;/A&gt;&lt;/TABLE&gt;&lt;BR&gt;
&lt;/FORM&gt;
&lt;/BODY&gt;
&lt;/HTML&gt;
</td></tr></table><p>

<a name="output.6"></a>
<h3>Output files for usage example 6</h3>
<p><h3>File: ex7.html</h3>
<table width="90%"><tr><td bgcolor="#CCFFCC">
&lt;!DOCTYPE HTML PUBLIC "-//W3C//DTD HTML 4.01 Transitional//EN"&gt;
&lt;HTML&gt;
&lt;HEAD&gt;
&lt;meta http-equiv="Content-Type" content="text/html; charset=ISO-8859-1"&gt;
&lt;TITLE&gt;MEME&lt;/TITLE&gt;
&lt;STYLE type="text/css"&gt;
  TD.invisible { color: '#D5F0FF'; }
  TD.c0 { background: aqua; color: black; }
  TD.cw0 { background: aqua; color: black; font: 50% sans-serif; }
  TD.c1 { background: blue; color: white; }
  TD.cw1 { background: blue; color: white; font: 50% sans-serif; }
  TD.c2 { background: red; color: white; }
  TD.cw2 { background: red; color: white; font: 50% sans-serif; }
  TD.c3 { background: fuchsia; color: black; }
  TD.cw3 { background: fuchsia; color: black; font: 50% sans-serif; }
  TD.c4 { background: yellow; color: black; }
  TD.cw4 { background: yellow; color: black; font: 50% sans-serif; }
  TD.c5 { background: lime; color: black; }
  TD.cw5 { background: lime; color: black; font: 50% sans-serif; }
  TD.c6 { background: teal; color: white; }
  TD.cw6 { background: teal; color: white; font: 50% sans-serif; }
  TD.c7 { background: #444444; color: white; }
  TD.cw7 { background: #444444; color: white; font: 50% sans-serif; }
  TD.c8 { background: green; color: white; }
  TD.cw8 { background: green; color: white; font: 50% sans-serif; }
  TD.c9 { background: silver; color: black; }
  TD.cw9 { background: silver; color: black; font: 50% sans-serif; }
  TD.c10 { background: purple; color: white; }
  TD.cw10 { background: purple; color: white; font: 50% sans-serif; }
  TD.c11 { background: olive; color: black; }
  TD.cw11 { background: olive; color: black; font: 50% sans-serif; }
  TD.c12 { background: navy; color: white; }
  TD.cw12 { background: navy; color: white; font: 50% sans-serif; }
  TD.c13 { background: maroon; color: white; }
  TD.cw13 { background: maroon; color: white; font: 50% sans-serif; }
  TD.c14 { background: black; color: white; }
  TD.cw14 { background: black; color: white; font: 50% sans-serif; }
  TD.c15 { background: white; color: black; }
  TD.cw15 { background: white; color: black; font: 50% sans-serif; }
  B.red { color: red; }
  TD.red { color: red; }
  TH.red { color: red; }
  B.blue { color: blue; }
  TD.blue { color: blue; }
  TH.blue { color: blue; }
  B.orange { color: orange; }
  TD.orange { color: orange; }
  TH.orange { color: orange; }
  B.green { color: green; }
  TD.green { color: green; }


<font color=red>  [Part of this file has been deleted for brevity]</font>

position one first.
The motif is preceded by a line starting with
"letter-probability matrix:" and containing the length of the alphabet, width
of the motif, number of occurrences of the motif, and the &lt;I&gt;E&lt;/I&gt;-value of the
motif.
&lt;p&gt;
&lt;b&gt;Note:&lt;/b&gt; Earlier versions
of MEME gave the posterior probabilities--the probability after applying
a prior on letter frequencies--rather than the observed frequencies.
These versions of MEME also gave the number of &lt;I&gt;possible&lt;/I&gt;
positions for the motif rather than the actual number of occurrences.
The output from these earlier versions of MEME can be distinguished
by "n=" rather than "nsites=" in the line preceding the matrix.

&lt;P&gt;
&lt;LI&gt; &lt;A NAME=regular_expression_doc2 HREF=#regular_expression1&gt;&lt;H4&gt;
Regular Expression&lt;/H4&gt;&lt;/A&gt;
This is the &lt;A HREF=#consensus_doc2&gt;multilevel consensus&lt;/A&gt; expressed as
a regular expression for convenience.  Regular expressions can
be used for searching for against sequences (using, for example,
&lt;A HREF="http://nar.oxfordjournals.org/cgi/content/full/33/suppl_2/W262"&gt;PatMatch&lt;/A&gt;)  
but the search accuracy will usually be better with the PSSM (using,
for example
&lt;A HREF=http://meme.nbcr.net/meme/mast-intro.html&gt;MAST&lt;/A&gt;.)
MEME regular expressions are interpreted as follows: 
single letters match that letter; groups of letters in square brackets 
match any of the letters in the group.

&lt;P&gt;
&lt;LI&gt; &lt;A NAME=motif-summary-doc2 HREF=#motif-summary&gt;&lt;H4&gt;
Motif Summary Tiling&lt;/H4&gt;&lt;/A&gt;
The motif summary tiling is done using the same algorithm as used
by &lt;A HREF=http://meme.nbcr.net/meme/mast-intro.html&gt;MAST&lt;/A&gt;.
The motif occurrences shown in the motif summary
&lt;B&gt;may not be exactly the same as those reported in each motif section&lt;/B&gt;
because only motifs with a position &lt;em&gt;p&lt;/em&gt;-value of 0.0001 that
don't overlap other, more significant motif occurrences are shown.
The format of the machine readable motif-summary is:
&lt;pre&gt;
[sequence_name combined_&lt;em&gt;p&lt;/em&gt;-value number_of_motif_occurrences [motif_number start_of_motif position_&lt;em&gt;p&lt;/em&gt;-value]+]+
&lt;/pre&gt;
See the documentation for 
&lt;A HREF=http://meme.nbcr.net/meme/mast-output.html&gt;MAST output&lt;/A&gt; for the definition of position and
combined &lt;em&gt;p&lt;/em&gt;-values.

&lt;/UL&gt;
&lt;HR&gt;&lt;TABLE SUMMARY='buttons' ALIGN=LEFT CELLSPACING=0&gt;&lt;TR&gt;
  &lt;TD BGCOLOR='#DDDDFF'&gt;&lt;A HREF="#top_buttons"&gt;&lt;B&gt;Go to top&lt;/B&gt;&lt;/A&gt;&lt;/TABLE&gt;&lt;BR&gt;
&lt;/FORM&gt;
&lt;/BODY&gt;
&lt;/HTML&gt;
</td></tr></table><p>

<a name="output.7"></a>
<h3>Output files for usage example 7</h3>
<p><h3>File: ex8.html</h3>
<table width="90%"><tr><td bgcolor="#CCFFCC">
&lt;!DOCTYPE HTML PUBLIC "-//W3C//DTD HTML 4.01 Transitional//EN"&gt;
&lt;HTML&gt;
&lt;HEAD&gt;
&lt;meta http-equiv="Content-Type" content="text/html; charset=ISO-8859-1"&gt;
&lt;TITLE&gt;MEME&lt;/TITLE&gt;
&lt;STYLE type="text/css"&gt;
  TD.invisible { color: '#D5F0FF'; }
  TD.c0 { background: aqua; color: black; }
  TD.cw0 { background: aqua; color: black; font: 50% sans-serif; }
  TD.c1 { background: blue; color: white; }
  TD.cw1 { background: blue; color: white; font: 50% sans-serif; }
  TD.c2 { background: red; color: white; }
  TD.cw2 { background: red; color: white; font: 50% sans-serif; }
  TD.c3 { background: fuchsia; color: black; }
  TD.cw3 { background: fuchsia; color: black; font: 50% sans-serif; }
  TD.c4 { background: yellow; color: black; }
  TD.cw4 { background: yellow; color: black; font: 50% sans-serif; }
  TD.c5 { background: lime; color: black; }
  TD.cw5 { background: lime; color: black; font: 50% sans-serif; }
  TD.c6 { background: teal; color: white; }
  TD.cw6 { background: teal; color: white; font: 50% sans-serif; }
  TD.c7 { background: #444444; color: white; }
  TD.cw7 { background: #444444; color: white; font: 50% sans-serif; }
  TD.c8 { background: green; color: white; }
  TD.cw8 { background: green; color: white; font: 50% sans-serif; }
  TD.c9 { background: silver; color: black; }
  TD.cw9 { background: silver; color: black; font: 50% sans-serif; }
  TD.c10 { background: purple; color: white; }
  TD.cw10 { background: purple; color: white; font: 50% sans-serif; }
  TD.c11 { background: olive; color: black; }
  TD.cw11 { background: olive; color: black; font: 50% sans-serif; }
  TD.c12 { background: navy; color: white; }
  TD.cw12 { background: navy; color: white; font: 50% sans-serif; }
  TD.c13 { background: maroon; color: white; }
  TD.cw13 { background: maroon; color: white; font: 50% sans-serif; }
  TD.c14 { background: black; color: white; }
  TD.cw14 { background: black; color: white; font: 50% sans-serif; }
  TD.c15 { background: white; color: black; }
  TD.cw15 { background: white; color: black; font: 50% sans-serif; }
  B.red { color: red; }
  TD.red { color: red; }
  TH.red { color: red; }
  B.blue { color: blue; }
  TD.blue { color: blue; }
  TH.blue { color: blue; }
  B.orange { color: orange; }
  TD.orange { color: orange; }
  TH.orange { color: orange; }
  B.green { color: green; }
  TD.green { color: green; }


<font color=red>  [Part of this file has been deleted for brevity]</font>

position one first.
The motif is preceded by a line starting with
"letter-probability matrix:" and containing the length of the alphabet, width
of the motif, number of occurrences of the motif, and the &lt;I&gt;E&lt;/I&gt;-value of the
motif.
&lt;p&gt;
&lt;b&gt;Note:&lt;/b&gt; Earlier versions
of MEME gave the posterior probabilities--the probability after applying
a prior on letter frequencies--rather than the observed frequencies.
These versions of MEME also gave the number of &lt;I&gt;possible&lt;/I&gt;
positions for the motif rather than the actual number of occurrences.
The output from these earlier versions of MEME can be distinguished
by "n=" rather than "nsites=" in the line preceding the matrix.

&lt;P&gt;
&lt;LI&gt; &lt;A NAME=regular_expression_doc2 HREF=#regular_expression1&gt;&lt;H4&gt;
Regular Expression&lt;/H4&gt;&lt;/A&gt;
This is the &lt;A HREF=#consensus_doc2&gt;multilevel consensus&lt;/A&gt; expressed as
a regular expression for convenience.  Regular expressions can
be used for searching for against sequences (using, for example,
&lt;A HREF="http://nar.oxfordjournals.org/cgi/content/full/33/suppl_2/W262"&gt;PatMatch&lt;/A&gt;)  
but the search accuracy will usually be better with the PSSM (using,
for example
&lt;A HREF=http://meme.nbcr.net/meme/mast-intro.html&gt;MAST&lt;/A&gt;.)
MEME regular expressions are interpreted as follows: 
single letters match that letter; groups of letters in square brackets 
match any of the letters in the group.

&lt;P&gt;
&lt;LI&gt; &lt;A NAME=motif-summary-doc2 HREF=#motif-summary&gt;&lt;H4&gt;
Motif Summary Tiling&lt;/H4&gt;&lt;/A&gt;
The motif summary tiling is done using the same algorithm as used
by &lt;A HREF=http://meme.nbcr.net/meme/mast-intro.html&gt;MAST&lt;/A&gt;.
The motif occurrences shown in the motif summary
&lt;B&gt;may not be exactly the same as those reported in each motif section&lt;/B&gt;
because only motifs with a position &lt;em&gt;p&lt;/em&gt;-value of 0.0001 that
don't overlap other, more significant motif occurrences are shown.
The format of the machine readable motif-summary is:
&lt;pre&gt;
[sequence_name combined_&lt;em&gt;p&lt;/em&gt;-value number_of_motif_occurrences [motif_number start_of_motif position_&lt;em&gt;p&lt;/em&gt;-value]+]+
&lt;/pre&gt;
See the documentation for 
&lt;A HREF=http://meme.nbcr.net/meme/mast-output.html&gt;MAST output&lt;/A&gt; for the definition of position and
combined &lt;em&gt;p&lt;/em&gt;-values.

&lt;/UL&gt;
&lt;HR&gt;&lt;TABLE SUMMARY='buttons' ALIGN=LEFT CELLSPACING=0&gt;&lt;TR&gt;
  &lt;TD BGCOLOR='#DDDDFF'&gt;&lt;A HREF="#top_buttons"&gt;&lt;B&gt;Go to top&lt;/B&gt;&lt;/A&gt;&lt;/TABLE&gt;&lt;BR&gt;
&lt;/FORM&gt;
&lt;/BODY&gt;
&lt;/HTML&gt;
</td></tr></table><p>

<a name="output.8"></a>
<h3>Output files for usage example 8</h3>
<p><h3>File: ex9.html</h3>
<table width="90%"><tr><td bgcolor="#CCFFCC">
&lt;!DOCTYPE HTML PUBLIC "-//W3C//DTD HTML 4.01 Transitional//EN"&gt;
&lt;HTML&gt;
&lt;HEAD&gt;
&lt;meta http-equiv="Content-Type" content="text/html; charset=ISO-8859-1"&gt;
&lt;TITLE&gt;MEME&lt;/TITLE&gt;
&lt;STYLE type="text/css"&gt;
  TD.invisible { color: '#D5F0FF'; }
  TD.c0 { background: aqua; color: black; }
  TD.cw0 { background: aqua; color: black; font: 50% sans-serif; }
  TD.c1 { background: blue; color: white; }
  TD.cw1 { background: blue; color: white; font: 50% sans-serif; }
  TD.c2 { background: red; color: white; }
  TD.cw2 { background: red; color: white; font: 50% sans-serif; }
  TD.c3 { background: fuchsia; color: black; }
  TD.cw3 { background: fuchsia; color: black; font: 50% sans-serif; }
  TD.c4 { background: yellow; color: black; }
  TD.cw4 { background: yellow; color: black; font: 50% sans-serif; }
  TD.c5 { background: lime; color: black; }
  TD.cw5 { background: lime; color: black; font: 50% sans-serif; }
  TD.c6 { background: teal; color: white; }
  TD.cw6 { background: teal; color: white; font: 50% sans-serif; }
  TD.c7 { background: #444444; color: white; }
  TD.cw7 { background: #444444; color: white; font: 50% sans-serif; }
  TD.c8 { background: green; color: white; }
  TD.cw8 { background: green; color: white; font: 50% sans-serif; }
  TD.c9 { background: silver; color: black; }
  TD.cw9 { background: silver; color: black; font: 50% sans-serif; }
  TD.c10 { background: purple; color: white; }
  TD.cw10 { background: purple; color: white; font: 50% sans-serif; }
  TD.c11 { background: olive; color: black; }
  TD.cw11 { background: olive; color: black; font: 50% sans-serif; }
  TD.c12 { background: navy; color: white; }
  TD.cw12 { background: navy; color: white; font: 50% sans-serif; }
  TD.c13 { background: maroon; color: white; }
  TD.cw13 { background: maroon; color: white; font: 50% sans-serif; }
  TD.c14 { background: black; color: white; }
  TD.cw14 { background: black; color: white; font: 50% sans-serif; }
  TD.c15 { background: white; color: black; }
  TD.cw15 { background: white; color: black; font: 50% sans-serif; }
  B.red { color: red; }
  TD.red { color: red; }
  TH.red { color: red; }
  B.blue { color: blue; }
  TD.blue { color: blue; }
  TH.blue { color: blue; }
  B.orange { color: orange; }
  TD.orange { color: orange; }
  TH.orange { color: orange; }
  B.green { color: green; }
  TD.green { color: green; }


<font color=red>  [Part of this file has been deleted for brevity]</font>

position one first.
The motif is preceded by a line starting with
"letter-probability matrix:" and containing the length of the alphabet, width
of the motif, number of occurrences of the motif, and the &lt;I&gt;E&lt;/I&gt;-value of the
motif.
&lt;p&gt;
&lt;b&gt;Note:&lt;/b&gt; Earlier versions
of MEME gave the posterior probabilities--the probability after applying
a prior on letter frequencies--rather than the observed frequencies.
These versions of MEME also gave the number of &lt;I&gt;possible&lt;/I&gt;
positions for the motif rather than the actual number of occurrences.
The output from these earlier versions of MEME can be distinguished
by "n=" rather than "nsites=" in the line preceding the matrix.

&lt;P&gt;
&lt;LI&gt; &lt;A NAME=regular_expression_doc2 HREF=#regular_expression1&gt;&lt;H4&gt;
Regular Expression&lt;/H4&gt;&lt;/A&gt;
This is the &lt;A HREF=#consensus_doc2&gt;multilevel consensus&lt;/A&gt; expressed as
a regular expression for convenience.  Regular expressions can
be used for searching for against sequences (using, for example,
&lt;A HREF="http://nar.oxfordjournals.org/cgi/content/full/33/suppl_2/W262"&gt;PatMatch&lt;/A&gt;)  
but the search accuracy will usually be better with the PSSM (using,
for example
&lt;A HREF=http://meme.nbcr.net/meme/mast-intro.html&gt;MAST&lt;/A&gt;.)
MEME regular expressions are interpreted as follows: 
single letters match that letter; groups of letters in square brackets 
match any of the letters in the group.

&lt;P&gt;
&lt;LI&gt; &lt;A NAME=motif-summary-doc2 HREF=#motif-summary&gt;&lt;H4&gt;
Motif Summary Tiling&lt;/H4&gt;&lt;/A&gt;
The motif summary tiling is done using the same algorithm as used
by &lt;A HREF=http://meme.nbcr.net/meme/mast-intro.html&gt;MAST&lt;/A&gt;.
The motif occurrences shown in the motif summary
&lt;B&gt;may not be exactly the same as those reported in each motif section&lt;/B&gt;
because only motifs with a position &lt;em&gt;p&lt;/em&gt;-value of 0.0001 that
don't overlap other, more significant motif occurrences are shown.
The format of the machine readable motif-summary is:
&lt;pre&gt;
[sequence_name combined_&lt;em&gt;p&lt;/em&gt;-value number_of_motif_occurrences [motif_number start_of_motif position_&lt;em&gt;p&lt;/em&gt;-value]+]+
&lt;/pre&gt;
See the documentation for 
&lt;A HREF=http://meme.nbcr.net/meme/mast-output.html&gt;MAST output&lt;/A&gt; for the definition of position and
combined &lt;em&gt;p&lt;/em&gt;-values.

&lt;/UL&gt;
&lt;HR&gt;&lt;TABLE SUMMARY='buttons' ALIGN=LEFT CELLSPACING=0&gt;&lt;TR&gt;
  &lt;TD BGCOLOR='#DDDDFF'&gt;&lt;A HREF="#top_buttons"&gt;&lt;B&gt;Go to top&lt;/B&gt;&lt;/A&gt;&lt;/TABLE&gt;&lt;BR&gt;
&lt;/FORM&gt;
&lt;/BODY&gt;
&lt;/HTML&gt;
</td></tr></table><p>

<a name="output.9"></a>
<h3>Output files for usage example 9</h3>
<p><h3>File: ex1.html</h3>
<table width="90%"><tr><td bgcolor="#CCFFCC">
&lt;!DOCTYPE HTML PUBLIC "-//W3C//DTD HTML 4.01 Transitional//EN"&gt;
&lt;HTML&gt;
&lt;HEAD&gt;
&lt;meta http-equiv="Content-Type" content="text/html; charset=ISO-8859-1"&gt;
&lt;TITLE&gt;MEME&lt;/TITLE&gt;
&lt;STYLE type="text/css"&gt;
  TD.invisible { color: '#D5F0FF'; }
  TD.c0 { background: aqua; color: black; }
  TD.cw0 { background: aqua; color: black; font: 50% sans-serif; }
  TD.c1 { background: blue; color: white; }
  TD.cw1 { background: blue; color: white; font: 50% sans-serif; }
  TD.c2 { background: red; color: white; }
  TD.cw2 { background: red; color: white; font: 50% sans-serif; }
  TD.c3 { background: fuchsia; color: black; }
  TD.cw3 { background: fuchsia; color: black; font: 50% sans-serif; }
  TD.c4 { background: yellow; color: black; }
  TD.cw4 { background: yellow; color: black; font: 50% sans-serif; }
  TD.c5 { background: lime; color: black; }
  TD.cw5 { background: lime; color: black; font: 50% sans-serif; }
  TD.c6 { background: teal; color: white; }
  TD.cw6 { background: teal; color: white; font: 50% sans-serif; }
  TD.c7 { background: #444444; color: white; }
  TD.cw7 { background: #444444; color: white; font: 50% sans-serif; }
  TD.c8 { background: green; color: white; }
  TD.cw8 { background: green; color: white; font: 50% sans-serif; }
  TD.c9 { background: silver; color: black; }
  TD.cw9 { background: silver; color: black; font: 50% sans-serif; }
  TD.c10 { background: purple; color: white; }
  TD.cw10 { background: purple; color: white; font: 50% sans-serif; }
  TD.c11 { background: olive; color: black; }
  TD.cw11 { background: olive; color: black; font: 50% sans-serif; }
  TD.c12 { background: navy; color: white; }
  TD.cw12 { background: navy; color: white; font: 50% sans-serif; }
  TD.c13 { background: maroon; color: white; }
  TD.cw13 { background: maroon; color: white; font: 50% sans-serif; }
  TD.c14 { background: black; color: white; }
  TD.cw14 { background: black; color: white; font: 50% sans-serif; }
  TD.c15 { background: white; color: black; }
  TD.cw15 { background: white; color: black; font: 50% sans-serif; }
  B.red { color: red; }
  TD.red { color: red; }
  TH.red { color: red; }
  B.blue { color: blue; }
  TD.blue { color: blue; }
  TH.blue { color: blue; }
  B.orange { color: orange; }
  TD.orange { color: orange; }
  TH.orange { color: orange; }
  B.green { color: green; }
  TD.green { color: green; }


<font color=red>  [Part of this file has been deleted for brevity]</font>

position one first.
The motif is preceded by a line starting with
"letter-probability matrix:" and containing the length of the alphabet, width
of the motif, number of occurrences of the motif, and the &lt;I&gt;E&lt;/I&gt;-value of the
motif.
&lt;p&gt;
&lt;b&gt;Note:&lt;/b&gt; Earlier versions
of MEME gave the posterior probabilities--the probability after applying
a prior on letter frequencies--rather than the observed frequencies.
These versions of MEME also gave the number of &lt;I&gt;possible&lt;/I&gt;
positions for the motif rather than the actual number of occurrences.
The output from these earlier versions of MEME can be distinguished
by "n=" rather than "nsites=" in the line preceding the matrix.

&lt;P&gt;
&lt;LI&gt; &lt;A NAME=regular_expression_doc2 HREF=#regular_expression1&gt;&lt;H4&gt;
Regular Expression&lt;/H4&gt;&lt;/A&gt;
This is the &lt;A HREF=#consensus_doc2&gt;multilevel consensus&lt;/A&gt; expressed as
a regular expression for convenience.  Regular expressions can
be used for searching for against sequences (using, for example,
&lt;A HREF="http://nar.oxfordjournals.org/cgi/content/full/33/suppl_2/W262"&gt;PatMatch&lt;/A&gt;)  
but the search accuracy will usually be better with the PSSM (using,
for example
&lt;A HREF=http://meme.nbcr.net/meme/mast-intro.html&gt;MAST&lt;/A&gt;.)
MEME regular expressions are interpreted as follows: 
single letters match that letter; groups of letters in square brackets 
match any of the letters in the group.

&lt;P&gt;
&lt;LI&gt; &lt;A NAME=motif-summary-doc2 HREF=#motif-summary&gt;&lt;H4&gt;
Motif Summary Tiling&lt;/H4&gt;&lt;/A&gt;
The motif summary tiling is done using the same algorithm as used
by &lt;A HREF=http://meme.nbcr.net/meme/mast-intro.html&gt;MAST&lt;/A&gt;.
The motif occurrences shown in the motif summary
&lt;B&gt;may not be exactly the same as those reported in each motif section&lt;/B&gt;
because only motifs with a position &lt;em&gt;p&lt;/em&gt;-value of 0.0001 that
don't overlap other, more significant motif occurrences are shown.
The format of the machine readable motif-summary is:
&lt;pre&gt;
[sequence_name combined_&lt;em&gt;p&lt;/em&gt;-value number_of_motif_occurrences [motif_number start_of_motif position_&lt;em&gt;p&lt;/em&gt;-value]+]+
&lt;/pre&gt;
See the documentation for 
&lt;A HREF=http://meme.nbcr.net/meme/mast-output.html&gt;MAST output&lt;/A&gt; for the definition of position and
combined &lt;em&gt;p&lt;/em&gt;-values.

&lt;/UL&gt;
&lt;HR&gt;&lt;TABLE SUMMARY='buttons' ALIGN=LEFT CELLSPACING=0&gt;&lt;TR&gt;
  &lt;TD BGCOLOR='#DDDDFF'&gt;&lt;A HREF="#top_buttons"&gt;&lt;B&gt;Go to top&lt;/B&gt;&lt;/A&gt;&lt;/TABLE&gt;&lt;BR&gt;
&lt;/FORM&gt;
&lt;/BODY&gt;
&lt;/HTML&gt;
</td></tr></table><p>
